{"C:\\Users\\HP i5\\phase3\\server\\app.js": {"path":"C:\\Users\\HP i5\\phase3\\server\\app.js","statementMap":{"0":{"start":{"line":3,"column":13},"end":{"line":3,"column":28}},"1":{"start":{"line":4,"column":16},"end":{"line":4,"column":34}},"2":{"start":{"line":5,"column":21},"end":{"line":5,"column":56}},"3":{"start":{"line":6,"column":12},"end":{"line":6,"column":21}},"4":{"start":{"line":7,"column":13},"end":{"line":7,"column":37}},"5":{"start":{"line":8,"column":15},"end":{"line":8,"column":40}},"6":{"start":{"line":10,"column":0},"end":{"line":10,"column":15}},"7":{"start":{"line":11,"column":0},"end":{"line":11,"column":23}},"8":{"start":{"line":12,"column":0},"end":{"line":12,"column":47}},"9":{"start":{"line":13,"column":0},"end":{"line":13,"column":15}},"10":{"start":{"line":14,"column":0},"end":{"line":14,"column":21}},"11":{"start":{"line":15,"column":0},"end":{"line":17,"column":2}},"12":{"start":{"line":16,"column":2},"end":{"line":16,"column":64}},"13":{"start":{"line":18,"column":0},"end":{"line":18,"column":20}}},"fnMap":{"0":{"name":"(anonymous_0)","decl":{"start":{"line":15,"column":17},"end":{"line":15,"column":18}},"loc":{"start":{"line":15,"column":23},"end":{"line":17,"column":1}},"line":15}},"branchMap":{"0":{"loc":{"start":{"line":7,"column":13},"end":{"line":7,"column":37}},"type":"binary-expr","locations":[{"start":{"line":7,"column":13},"end":{"line":7,"column":29}},{"start":{"line":7,"column":33},"end":{"line":7,"column":37}}],"line":7}},"s":{"0":1,"1":1,"2":1,"3":1,"4":1,"5":1,"6":1,"7":1,"8":1,"9":1,"10":1,"11":1,"12":1,"13":1},"f":{"0":1},"b":{"0":[1,1]},"_coverageSchema":"1a1c01bbd47fc00a2c39e90264f33305004495a9","hash":"e520225bf90396dcc9133751caf4418a1ca9da14"}
,"C:\\Users\\HP i5\\phase3\\server\\controllers\\BayiController.js": {"path":"C:\\Users\\HP i5\\phase3\\server\\controllers\\BayiController.js","statementMap":{"0":{"start":{"line":2,"column":67},"end":{"line":2,"column":93}},"1":{"start":{"line":6,"column":4},"end":{"line":11,"column":5}},"2":{"start":{"line":7,"column":19},"end":{"line":7,"column":78}},"3":{"start":{"line":8,"column":6},"end":{"line":8,"column":32}},"4":{"start":{"line":10,"column":6},"end":{"line":10,"column":17}},"5":{"start":{"line":14,"column":4},"end":{"line":24,"column":5}},"6":{"start":{"line":15,"column":19},"end":{"line":20,"column":8}},"7":{"start":{"line":21,"column":6},"end":{"line":21,"column":32}},"8":{"start":{"line":23,"column":6},"end":{"line":23,"column":30}},"9":{"start":{"line":27,"column":4},"end":{"line":112,"column":5}},"10":{"start":{"line":28,"column":19},"end":{"line":36,"column":7}},"11":{"start":{"line":37,"column":20},"end":{"line":37,"column":80}},"12":{"start":{"line":38,"column":29},"end":{"line":43,"column":8}},"13":{"start":{"line":44,"column":28},"end":{"line":49,"column":8}},"14":{"start":{"line":50,"column":31},"end":{"line":55,"column":8}},"15":{"start":{"line":56,"column":6},"end":{"line":70,"column":7}},"16":{"start":{"line":57,"column":8},"end":{"line":57,"column":32}},"17":{"start":{"line":58,"column":13},"end":{"line":70,"column":7}},"18":{"start":{"line":59,"column":8},"end":{"line":59,"column":32}},"19":{"start":{"line":60,"column":13},"end":{"line":70,"column":7}},"20":{"start":{"line":61,"column":8},"end":{"line":61,"column":32}},"21":{"start":{"line":62,"column":13},"end":{"line":70,"column":7}},"22":{"start":{"line":63,"column":8},"end":{"line":63,"column":32}},"23":{"start":{"line":64,"column":13},"end":{"line":70,"column":7}},"24":{"start":{"line":65,"column":8},"end":{"line":65,"column":33}},"25":{"start":{"line":66,"column":13},"end":{"line":70,"column":7}},"26":{"start":{"line":67,"column":8},"end":{"line":67,"column":33}},"27":{"start":{"line":68,"column":13},"end":{"line":70,"column":7}},"28":{"start":{"line":69,"column":8},"end":{"line":69,"column":33}},"29":{"start":{"line":71,"column":6},"end":{"line":85,"column":7}},"30":{"start":{"line":72,"column":8},"end":{"line":72,"column":37}},"31":{"start":{"line":73,"column":13},"end":{"line":85,"column":7}},"32":{"start":{"line":74,"column":8},"end":{"line":74,"column":37}},"33":{"start":{"line":75,"column":13},"end":{"line":85,"column":7}},"34":{"start":{"line":76,"column":8},"end":{"line":76,"column":37}},"35":{"start":{"line":77,"column":13},"end":{"line":85,"column":7}},"36":{"start":{"line":78,"column":8},"end":{"line":78,"column":37}},"37":{"start":{"line":79,"column":13},"end":{"line":85,"column":7}},"38":{"start":{"line":80,"column":8},"end":{"line":80,"column":38}},"39":{"start":{"line":81,"column":13},"end":{"line":85,"column":7}},"40":{"start":{"line":82,"column":8},"end":{"line":82,"column":38}},"41":{"start":{"line":83,"column":13},"end":{"line":85,"column":7}},"42":{"start":{"line":84,"column":8},"end":{"line":84,"column":38}},"43":{"start":{"line":86,"column":6},"end":{"line":100,"column":7}},"44":{"start":{"line":87,"column":8},"end":{"line":87,"column":40}},"45":{"start":{"line":88,"column":13},"end":{"line":100,"column":7}},"46":{"start":{"line":89,"column":8},"end":{"line":89,"column":40}},"47":{"start":{"line":90,"column":13},"end":{"line":100,"column":7}},"48":{"start":{"line":91,"column":8},"end":{"line":91,"column":40}},"49":{"start":{"line":92,"column":13},"end":{"line":100,"column":7}},"50":{"start":{"line":93,"column":8},"end":{"line":93,"column":40}},"51":{"start":{"line":94,"column":13},"end":{"line":100,"column":7}},"52":{"start":{"line":95,"column":8},"end":{"line":95,"column":41}},"53":{"start":{"line":96,"column":13},"end":{"line":100,"column":7}},"54":{"start":{"line":97,"column":8},"end":{"line":97,"column":41}},"55":{"start":{"line":98,"column":13},"end":{"line":100,"column":7}},"56":{"start":{"line":99,"column":8},"end":{"line":99,"column":41}},"57":{"start":{"line":101,"column":6},"end":{"line":103,"column":7}},"58":{"start":{"line":102,"column":8},"end":{"line":102,"column":36}},"59":{"start":{"line":104,"column":19},"end":{"line":104,"column":44}},"60":{"start":{"line":105,"column":19},"end":{"line":108,"column":8}},"61":{"start":{"line":109,"column":6},"end":{"line":109,"column":32}},"62":{"start":{"line":111,"column":6},"end":{"line":111,"column":17}},"63":{"start":{"line":115,"column":17},"end":{"line":115,"column":29}},"64":{"start":{"line":116,"column":4},"end":{"line":135,"column":5}},"65":{"start":{"line":117,"column":6},"end":{"line":132,"column":7}},"66":{"start":{"line":118,"column":8},"end":{"line":118,"column":75}},"67":{"start":{"line":120,"column":23},"end":{"line":124,"column":9}},"68":{"start":{"line":125,"column":27},"end":{"line":130,"column":10}},"69":{"start":{"line":131,"column":8},"end":{"line":131,"column":40}},"70":{"start":{"line":134,"column":6},"end":{"line":134,"column":51}},"71":{"start":{"line":138,"column":4},"end":{"line":151,"column":5}},"72":{"start":{"line":139,"column":25},"end":{"line":143,"column":8}},"73":{"start":{"line":144,"column":6},"end":{"line":148,"column":7}},"74":{"start":{"line":145,"column":8},"end":{"line":145,"column":69}},"75":{"start":{"line":147,"column":8},"end":{"line":147,"column":20}},"76":{"start":{"line":150,"column":6},"end":{"line":150,"column":32}},"77":{"start":{"line":155,"column":0},"end":{"line":155,"column":31}}},"fnMap":{"0":{"name":"(anonymous_0)","decl":{"start":{"line":5,"column":2},"end":{"line":5,"column":3}},"loc":{"start":{"line":5,"column":36},"end":{"line":12,"column":3}},"line":5},"1":{"name":"(anonymous_1)","decl":{"start":{"line":13,"column":2},"end":{"line":13,"column":3}},"loc":{"start":{"line":13,"column":42},"end":{"line":25,"column":3}},"line":13},"2":{"name":"(anonymous_2)","decl":{"start":{"line":26,"column":2},"end":{"line":26,"column":3}},"loc":{"start":{"line":26,"column":39},"end":{"line":113,"column":3}},"line":26},"3":{"name":"(anonymous_3)","decl":{"start":{"line":114,"column":2},"end":{"line":114,"column":3}},"loc":{"start":{"line":114,"column":43},"end":{"line":136,"column":3}},"line":114},"4":{"name":"(anonymous_4)","decl":{"start":{"line":137,"column":2},"end":{"line":137,"column":3}},"loc":{"start":{"line":137,"column":42},"end":{"line":152,"column":3}},"line":137}},"branchMap":{"0":{"loc":{"start":{"line":56,"column":6},"end":{"line":70,"column":7}},"type":"if","locations":[{"start":{"line":56,"column":6},"end":{"line":70,"column":7}},{"start":{"line":56,"column":6},"end":{"line":70,"column":7}}],"line":56},"1":{"loc":{"start":{"line":56,"column":10},"end":{"line":56,"column":85}},"type":"binary-expr","locations":[{"start":{"line":56,"column":10},"end":{"line":56,"column":45}},{"start":{"line":56,"column":49},"end":{"line":56,"column":85}}],"line":56},"2":{"loc":{"start":{"line":58,"column":13},"end":{"line":70,"column":7}},"type":"if","locations":[{"start":{"line":58,"column":13},"end":{"line":70,"column":7}},{"start":{"line":58,"column":13},"end":{"line":70,"column":7}}],"line":58},"3":{"loc":{"start":{"line":58,"column":17},"end":{"line":58,"column":92}},"type":"binary-expr","locations":[{"start":{"line":58,"column":17},"end":{"line":58,"column":53}},{"start":{"line":58,"column":57},"end":{"line":58,"column":92}}],"line":58},"4":{"loc":{"start":{"line":60,"column":13},"end":{"line":70,"column":7}},"type":"if","locations":[{"start":{"line":60,"column":13},"end":{"line":70,"column":7}},{"start":{"line":60,"column":13},"end":{"line":70,"column":7}}],"line":60},"5":{"loc":{"start":{"line":60,"column":17},"end":{"line":60,"column":92}},"type":"binary-expr","locations":[{"start":{"line":60,"column":17},"end":{"line":60,"column":53}},{"start":{"line":60,"column":57},"end":{"line":60,"column":92}}],"line":60},"6":{"loc":{"start":{"line":62,"column":13},"end":{"line":70,"column":7}},"type":"if","locations":[{"start":{"line":62,"column":13},"end":{"line":70,"column":7}},{"start":{"line":62,"column":13},"end":{"line":70,"column":7}}],"line":62},"7":{"loc":{"start":{"line":64,"column":13},"end":{"line":70,"column":7}},"type":"if","locations":[{"start":{"line":64,"column":13},"end":{"line":70,"column":7}},{"start":{"line":64,"column":13},"end":{"line":70,"column":7}}],"line":64},"8":{"loc":{"start":{"line":64,"column":17},"end":{"line":64,"column":94}},"type":"binary-expr","locations":[{"start":{"line":64,"column":17},"end":{"line":64,"column":54}},{"start":{"line":64,"column":58},"end":{"line":64,"column":94}}],"line":64},"9":{"loc":{"start":{"line":66,"column":13},"end":{"line":70,"column":7}},"type":"if","locations":[{"start":{"line":66,"column":13},"end":{"line":70,"column":7}},{"start":{"line":66,"column":13},"end":{"line":70,"column":7}}],"line":66},"10":{"loc":{"start":{"line":66,"column":17},"end":{"line":66,"column":95}},"type":"binary-expr","locations":[{"start":{"line":66,"column":17},"end":{"line":66,"column":54}},{"start":{"line":66,"column":58},"end":{"line":66,"column":95}}],"line":66},"11":{"loc":{"start":{"line":68,"column":13},"end":{"line":70,"column":7}},"type":"if","locations":[{"start":{"line":68,"column":13},"end":{"line":70,"column":7}},{"start":{"line":68,"column":13},"end":{"line":70,"column":7}}],"line":68},"12":{"loc":{"start":{"line":71,"column":6},"end":{"line":85,"column":7}},"type":"if","locations":[{"start":{"line":71,"column":6},"end":{"line":85,"column":7}},{"start":{"line":71,"column":6},"end":{"line":85,"column":7}}],"line":71},"13":{"loc":{"start":{"line":71,"column":10},"end":{"line":71,"column":93}},"type":"binary-expr","locations":[{"start":{"line":71,"column":10},"end":{"line":71,"column":49}},{"start":{"line":71,"column":53},"end":{"line":71,"column":93}}],"line":71},"14":{"loc":{"start":{"line":73,"column":13},"end":{"line":85,"column":7}},"type":"if","locations":[{"start":{"line":73,"column":13},"end":{"line":85,"column":7}},{"start":{"line":73,"column":13},"end":{"line":85,"column":7}}],"line":73},"15":{"loc":{"start":{"line":73,"column":17},"end":{"line":73,"column":100}},"type":"binary-expr","locations":[{"start":{"line":73,"column":17},"end":{"line":73,"column":57}},{"start":{"line":73,"column":61},"end":{"line":73,"column":100}}],"line":73},"16":{"loc":{"start":{"line":75,"column":13},"end":{"line":85,"column":7}},"type":"if","locations":[{"start":{"line":75,"column":13},"end":{"line":85,"column":7}},{"start":{"line":75,"column":13},"end":{"line":85,"column":7}}],"line":75},"17":{"loc":{"start":{"line":75,"column":17},"end":{"line":75,"column":100}},"type":"binary-expr","locations":[{"start":{"line":75,"column":17},"end":{"line":75,"column":57}},{"start":{"line":75,"column":61},"end":{"line":75,"column":100}}],"line":75},"18":{"loc":{"start":{"line":77,"column":13},"end":{"line":85,"column":7}},"type":"if","locations":[{"start":{"line":77,"column":13},"end":{"line":85,"column":7}},{"start":{"line":77,"column":13},"end":{"line":85,"column":7}}],"line":77},"19":{"loc":{"start":{"line":79,"column":13},"end":{"line":85,"column":7}},"type":"if","locations":[{"start":{"line":79,"column":13},"end":{"line":85,"column":7}},{"start":{"line":79,"column":13},"end":{"line":85,"column":7}}],"line":79},"20":{"loc":{"start":{"line":79,"column":17},"end":{"line":79,"column":102}},"type":"binary-expr","locations":[{"start":{"line":79,"column":17},"end":{"line":79,"column":58}},{"start":{"line":79,"column":62},"end":{"line":79,"column":102}}],"line":79},"21":{"loc":{"start":{"line":81,"column":13},"end":{"line":85,"column":7}},"type":"if","locations":[{"start":{"line":81,"column":13},"end":{"line":85,"column":7}},{"start":{"line":81,"column":13},"end":{"line":85,"column":7}}],"line":81},"22":{"loc":{"start":{"line":81,"column":17},"end":{"line":81,"column":103}},"type":"binary-expr","locations":[{"start":{"line":81,"column":17},"end":{"line":81,"column":58}},{"start":{"line":81,"column":62},"end":{"line":81,"column":103}}],"line":81},"23":{"loc":{"start":{"line":83,"column":13},"end":{"line":85,"column":7}},"type":"if","locations":[{"start":{"line":83,"column":13},"end":{"line":85,"column":7}},{"start":{"line":83,"column":13},"end":{"line":85,"column":7}}],"line":83},"24":{"loc":{"start":{"line":86,"column":6},"end":{"line":100,"column":7}},"type":"if","locations":[{"start":{"line":86,"column":6},"end":{"line":100,"column":7}},{"start":{"line":86,"column":6},"end":{"line":100,"column":7}}],"line":86},"25":{"loc":{"start":{"line":86,"column":10},"end":{"line":86,"column":105}},"type":"binary-expr","locations":[{"start":{"line":86,"column":10},"end":{"line":86,"column":55}},{"start":{"line":86,"column":59},"end":{"line":86,"column":105}}],"line":86},"26":{"loc":{"start":{"line":88,"column":13},"end":{"line":100,"column":7}},"type":"if","locations":[{"start":{"line":88,"column":13},"end":{"line":100,"column":7}},{"start":{"line":88,"column":13},"end":{"line":100,"column":7}}],"line":88},"27":{"loc":{"start":{"line":88,"column":17},"end":{"line":88,"column":112}},"type":"binary-expr","locations":[{"start":{"line":88,"column":17},"end":{"line":88,"column":63}},{"start":{"line":88,"column":67},"end":{"line":88,"column":112}}],"line":88},"28":{"loc":{"start":{"line":90,"column":13},"end":{"line":100,"column":7}},"type":"if","locations":[{"start":{"line":90,"column":13},"end":{"line":100,"column":7}},{"start":{"line":90,"column":13},"end":{"line":100,"column":7}}],"line":90},"29":{"loc":{"start":{"line":90,"column":17},"end":{"line":90,"column":112}},"type":"binary-expr","locations":[{"start":{"line":90,"column":17},"end":{"line":90,"column":63}},{"start":{"line":90,"column":67},"end":{"line":90,"column":112}}],"line":90},"30":{"loc":{"start":{"line":92,"column":13},"end":{"line":100,"column":7}},"type":"if","locations":[{"start":{"line":92,"column":13},"end":{"line":100,"column":7}},{"start":{"line":92,"column":13},"end":{"line":100,"column":7}}],"line":92},"31":{"loc":{"start":{"line":94,"column":13},"end":{"line":100,"column":7}},"type":"if","locations":[{"start":{"line":94,"column":13},"end":{"line":100,"column":7}},{"start":{"line":94,"column":13},"end":{"line":100,"column":7}}],"line":94},"32":{"loc":{"start":{"line":94,"column":17},"end":{"line":94,"column":114}},"type":"binary-expr","locations":[{"start":{"line":94,"column":17},"end":{"line":94,"column":64}},{"start":{"line":94,"column":68},"end":{"line":94,"column":114}}],"line":94},"33":{"loc":{"start":{"line":96,"column":13},"end":{"line":100,"column":7}},"type":"if","locations":[{"start":{"line":96,"column":13},"end":{"line":100,"column":7}},{"start":{"line":96,"column":13},"end":{"line":100,"column":7}}],"line":96},"34":{"loc":{"start":{"line":96,"column":17},"end":{"line":96,"column":115}},"type":"binary-expr","locations":[{"start":{"line":96,"column":17},"end":{"line":96,"column":64}},{"start":{"line":96,"column":68},"end":{"line":96,"column":115}}],"line":96},"35":{"loc":{"start":{"line":98,"column":13},"end":{"line":100,"column":7}},"type":"if","locations":[{"start":{"line":98,"column":13},"end":{"line":100,"column":7}},{"start":{"line":98,"column":13},"end":{"line":100,"column":7}}],"line":98},"36":{"loc":{"start":{"line":101,"column":6},"end":{"line":103,"column":7}},"type":"if","locations":[{"start":{"line":101,"column":6},"end":{"line":103,"column":7}},{"start":{"line":101,"column":6},"end":{"line":103,"column":7}}],"line":101},"37":{"loc":{"start":{"line":101,"column":9},"end":{"line":101,"column":108}},"type":"binary-expr","locations":[{"start":{"line":101,"column":9},"end":{"line":101,"column":43}},{"start":{"line":101,"column":47},"end":{"line":101,"column":78}},{"start":{"line":101,"column":82},"end":{"line":101,"column":108}}],"line":101},"38":{"loc":{"start":{"line":117,"column":6},"end":{"line":132,"column":7}},"type":"if","locations":[{"start":{"line":117,"column":6},"end":{"line":132,"column":7}},{"start":{"line":117,"column":6},"end":{"line":132,"column":7}}],"line":117},"39":{"loc":{"start":{"line":144,"column":6},"end":{"line":148,"column":7}},"type":"if","locations":[{"start":{"line":144,"column":6},"end":{"line":148,"column":7}},{"start":{"line":144,"column":6},"end":{"line":148,"column":7}}],"line":144}},"s":{"0":1,"1":0,"2":0,"3":0,"4":0,"5":0,"6":0,"7":0,"8":0,"9":0,"10":0,"11":0,"12":0,"13":0,"14":0,"15":0,"16":0,"17":0,"18":0,"19":0,"20":0,"21":0,"22":0,"23":0,"24":0,"25":0,"26":0,"27":0,"28":0,"29":0,"30":0,"31":0,"32":0,"33":0,"34":0,"35":0,"36":0,"37":0,"38":0,"39":0,"40":0,"41":0,"42":0,"43":0,"44":0,"45":0,"46":0,"47":0,"48":0,"49":0,"50":0,"51":0,"52":0,"53":0,"54":0,"55":0,"56":0,"57":0,"58":0,"59":0,"60":0,"61":0,"62":0,"63":0,"64":0,"65":0,"66":0,"67":0,"68":0,"69":0,"70":0,"71":0,"72":0,"73":0,"74":0,"75":0,"76":0,"77":1},"f":{"0":0,"1":0,"2":0,"3":0,"4":0},"b":{"0":[0,0],"1":[0,0],"2":[0,0],"3":[0,0],"4":[0,0],"5":[0,0],"6":[0,0],"7":[0,0],"8":[0,0],"9":[0,0],"10":[0,0],"11":[0,0],"12":[0,0],"13":[0,0],"14":[0,0],"15":[0,0],"16":[0,0],"17":[0,0],"18":[0,0],"19":[0,0],"20":[0,0],"21":[0,0],"22":[0,0],"23":[0,0],"24":[0,0],"25":[0,0],"26":[0,0],"27":[0,0],"28":[0,0],"29":[0,0],"30":[0,0],"31":[0,0],"32":[0,0],"33":[0,0],"34":[0,0],"35":[0,0],"36":[0,0],"37":[0,0,0],"38":[0,0],"39":[0,0]},"_coverageSchema":"1a1c01bbd47fc00a2c39e90264f33305004495a9","hash":"03cb539c48265d9a8353835a0a0ef115b91a8a1e"}
,"C:\\Users\\HP i5\\phase3\\server\\controllers\\DataWHOController.js": {"path":"C:\\Users\\HP i5\\phase3\\server\\controllers\\DataWHOController.js","statementMap":{"0":{"start":{"line":2,"column":51},"end":{"line":2,"column":71}},"1":{"start":{"line":6,"column":8},"end":{"line":11,"column":9}},"2":{"start":{"line":7,"column":25},"end":{"line":7,"column":51}},"3":{"start":{"line":8,"column":16},"end":{"line":8,"column":42}},"4":{"start":{"line":10,"column":11},"end":{"line":10,"column":74}},"5":{"start":{"line":14,"column":8},"end":{"line":19,"column":9}},"6":{"start":{"line":15,"column":25},"end":{"line":15,"column":52}},"7":{"start":{"line":16,"column":12},"end":{"line":16,"column":38}},"8":{"start":{"line":18,"column":12},"end":{"line":18,"column":23}},"9":{"start":{"line":22,"column":8},"end":{"line":27,"column":9}},"10":{"start":{"line":23,"column":25},"end":{"line":23,"column":54}},"11":{"start":{"line":24,"column":12},"end":{"line":24,"column":38}},"12":{"start":{"line":26,"column":12},"end":{"line":26,"column":23}},"13":{"start":{"line":30,"column":0},"end":{"line":30,"column":34}}},"fnMap":{"0":{"name":"(anonymous_0)","decl":{"start":{"line":5,"column":4},"end":{"line":5,"column":5}},"loc":{"start":{"line":5,"column":44},"end":{"line":12,"column":5}},"line":5},"1":{"name":"(anonymous_1)","decl":{"start":{"line":13,"column":4},"end":{"line":13,"column":5}},"loc":{"start":{"line":13,"column":45},"end":{"line":20,"column":5}},"line":13},"2":{"name":"(anonymous_2)","decl":{"start":{"line":21,"column":4},"end":{"line":21,"column":5}},"loc":{"start":{"line":21,"column":47},"end":{"line":28,"column":5}},"line":21}},"branchMap":{},"s":{"0":1,"1":0,"2":0,"3":0,"4":0,"5":0,"6":0,"7":0,"8":0,"9":0,"10":0,"11":0,"12":0,"13":1},"f":{"0":0,"1":0,"2":0},"b":{},"_coverageSchema":"1a1c01bbd47fc00a2c39e90264f33305004495a9","hash":"8efef3b52b51f2a012472f4939a0022fb9f44216"}
,"C:\\Users\\HP i5\\phase3\\server\\controllers\\PerkembanganController.js": {"path":"C:\\Users\\HP i5\\phase3\\server\\controllers\\PerkembanganController.js","statementMap":{"0":{"start":{"line":2,"column":81},"end":{"line":2,"column":107}},"1":{"start":{"line":6,"column":4},"end":{"line":116,"column":5}},"2":{"start":{"line":7,"column":21},"end":{"line":7,"column":38}},"3":{"start":{"line":8,"column":19},"end":{"line":8,"column":46}},"4":{"start":{"line":9,"column":23},"end":{"line":13,"column":7}},"5":{"start":{"line":14,"column":20},"end":{"line":14,"column":78}},"6":{"start":{"line":15,"column":29},"end":{"line":20,"column":8}},"7":{"start":{"line":21,"column":28},"end":{"line":26,"column":8}},"8":{"start":{"line":27,"column":31},"end":{"line":32,"column":8}},"9":{"start":{"line":33,"column":6},"end":{"line":81,"column":7}},"10":{"start":{"line":34,"column":8},"end":{"line":34,"column":21}},"11":{"start":{"line":36,"column":8},"end":{"line":50,"column":9}},"12":{"start":{"line":37,"column":10},"end":{"line":37,"column":38}},"13":{"start":{"line":38,"column":15},"end":{"line":50,"column":9}},"14":{"start":{"line":39,"column":10},"end":{"line":39,"column":38}},"15":{"start":{"line":40,"column":15},"end":{"line":50,"column":9}},"16":{"start":{"line":41,"column":10},"end":{"line":41,"column":38}},"17":{"start":{"line":42,"column":15},"end":{"line":50,"column":9}},"18":{"start":{"line":43,"column":10},"end":{"line":43,"column":38}},"19":{"start":{"line":44,"column":15},"end":{"line":50,"column":9}},"20":{"start":{"line":45,"column":10},"end":{"line":45,"column":39}},"21":{"start":{"line":46,"column":15},"end":{"line":50,"column":9}},"22":{"start":{"line":47,"column":10},"end":{"line":47,"column":39}},"23":{"start":{"line":48,"column":15},"end":{"line":50,"column":9}},"24":{"start":{"line":49,"column":10},"end":{"line":49,"column":39}},"25":{"start":{"line":51,"column":8},"end":{"line":65,"column":9}},"26":{"start":{"line":52,"column":10},"end":{"line":52,"column":43}},"27":{"start":{"line":53,"column":15},"end":{"line":65,"column":9}},"28":{"start":{"line":54,"column":10},"end":{"line":54,"column":43}},"29":{"start":{"line":55,"column":15},"end":{"line":65,"column":9}},"30":{"start":{"line":56,"column":10},"end":{"line":56,"column":43}},"31":{"start":{"line":57,"column":15},"end":{"line":65,"column":9}},"32":{"start":{"line":58,"column":10},"end":{"line":58,"column":43}},"33":{"start":{"line":59,"column":15},"end":{"line":65,"column":9}},"34":{"start":{"line":60,"column":10},"end":{"line":60,"column":44}},"35":{"start":{"line":61,"column":15},"end":{"line":65,"column":9}},"36":{"start":{"line":62,"column":10},"end":{"line":62,"column":44}},"37":{"start":{"line":63,"column":15},"end":{"line":65,"column":9}},"38":{"start":{"line":64,"column":10},"end":{"line":64,"column":44}},"39":{"start":{"line":66,"column":8},"end":{"line":80,"column":9}},"40":{"start":{"line":67,"column":10},"end":{"line":67,"column":46}},"41":{"start":{"line":68,"column":15},"end":{"line":80,"column":9}},"42":{"start":{"line":69,"column":10},"end":{"line":69,"column":46}},"43":{"start":{"line":70,"column":15},"end":{"line":80,"column":9}},"44":{"start":{"line":71,"column":10},"end":{"line":71,"column":46}},"45":{"start":{"line":72,"column":15},"end":{"line":80,"column":9}},"46":{"start":{"line":73,"column":10},"end":{"line":73,"column":46}},"47":{"start":{"line":74,"column":15},"end":{"line":80,"column":9}},"48":{"start":{"line":75,"column":10},"end":{"line":75,"column":47}},"49":{"start":{"line":76,"column":15},"end":{"line":80,"column":9}},"50":{"start":{"line":77,"column":10},"end":{"line":77,"column":47}},"51":{"start":{"line":78,"column":15},"end":{"line":80,"column":9}},"52":{"start":{"line":79,"column":10},"end":{"line":79,"column":47}},"53":{"start":{"line":82,"column":6},"end":{"line":94,"column":7}},"54":{"start":{"line":83,"column":8},"end":{"line":87,"column":9}},"55":{"start":{"line":84,"column":10},"end":{"line":84,"column":42}},"56":{"start":{"line":86,"column":10},"end":{"line":86,"column":49}},"57":{"start":{"line":89,"column":8},"end":{"line":93,"column":9}},"58":{"start":{"line":90,"column":10},"end":{"line":90,"column":38}},"59":{"start":{"line":92,"column":10},"end":{"line":92,"column":44}},"60":{"start":{"line":95,"column":20},"end":{"line":105,"column":7}},"61":{"start":{"line":106,"column":19},"end":{"line":106,"column":51}},"62":{"start":{"line":107,"column":22},"end":{"line":112,"column":8}},"63":{"start":{"line":113,"column":6},"end":{"line":113,"column":41}},"64":{"start":{"line":115,"column":6},"end":{"line":115,"column":37}},"65":{"start":{"line":120,"column":4},"end":{"line":133,"column":5}},"66":{"start":{"line":121,"column":33},"end":{"line":125,"column":8}},"67":{"start":{"line":126,"column":6},"end":{"line":130,"column":7}},"68":{"start":{"line":127,"column":8},"end":{"line":127,"column":79}},"69":{"start":{"line":129,"column":8},"end":{"line":129,"column":21}},"70":{"start":{"line":132,"column":6},"end":{"line":132,"column":46}},"71":{"start":{"line":136,"column":4},"end":{"line":147,"column":5}},"72":{"start":{"line":137,"column":23},"end":{"line":137,"column":38}},"73":{"start":{"line":138,"column":21},"end":{"line":138,"column":38}},"74":{"start":{"line":139,"column":21},"end":{"line":142,"column":7}},"75":{"start":{"line":143,"column":19},"end":{"line":143,"column":48}},"76":{"start":{"line":144,"column":6},"end":{"line":144,"column":32}},"77":{"start":{"line":146,"column":6},"end":{"line":146,"column":41}},"78":{"start":{"line":150,"column":4},"end":{"line":164,"column":5}},"79":{"start":{"line":151,"column":21},"end":{"line":151,"column":38}},"80":{"start":{"line":152,"column":19},"end":{"line":156,"column":8}},"81":{"start":{"line":157,"column":6},"end":{"line":161,"column":7}},"82":{"start":{"line":158,"column":8},"end":{"line":158,"column":65}},"83":{"start":{"line":159,"column":13},"end":{"line":161,"column":7}},"84":{"start":{"line":160,"column":8},"end":{"line":160,"column":21}},"85":{"start":{"line":163,"column":6},"end":{"line":163,"column":35}},"86":{"start":{"line":168,"column":0},"end":{"line":168,"column":39}}},"fnMap":{"0":{"name":"(anonymous_0)","decl":{"start":{"line":5,"column":2},"end":{"line":5,"column":3}},"loc":{"start":{"line":5,"column":47},"end":{"line":117,"column":3}},"line":5},"1":{"name":"(anonymous_1)","decl":{"start":{"line":119,"column":2},"end":{"line":119,"column":3}},"loc":{"start":{"line":119,"column":50},"end":{"line":134,"column":3}},"line":119},"2":{"name":"(anonymous_2)","decl":{"start":{"line":135,"column":2},"end":{"line":135,"column":3}},"loc":{"start":{"line":135,"column":47},"end":{"line":148,"column":3}},"line":135},"3":{"name":"(anonymous_3)","decl":{"start":{"line":149,"column":2},"end":{"line":149,"column":3}},"loc":{"start":{"line":149,"column":50},"end":{"line":165,"column":3}},"line":149}},"branchMap":{"0":{"loc":{"start":{"line":33,"column":6},"end":{"line":81,"column":7}},"type":"if","locations":[{"start":{"line":33,"column":6},"end":{"line":81,"column":7}},{"start":{"line":33,"column":6},"end":{"line":81,"column":7}}],"line":33},"1":{"loc":{"start":{"line":33,"column":10},"end":{"line":33,"column":94}},"type":"binary-expr","locations":[{"start":{"line":33,"column":10},"end":{"line":33,"column":31}},{"start":{"line":33,"column":35},"end":{"line":33,"column":61}},{"start":{"line":33,"column":65},"end":{"line":33,"column":94}}],"line":33},"2":{"loc":{"start":{"line":36,"column":8},"end":{"line":50,"column":9}},"type":"if","locations":[{"start":{"line":36,"column":8},"end":{"line":50,"column":9}},{"start":{"line":36,"column":8},"end":{"line":50,"column":9}}],"line":36},"3":{"loc":{"start":{"line":36,"column":12},"end":{"line":36,"column":95}},"type":"binary-expr","locations":[{"start":{"line":36,"column":12},"end":{"line":36,"column":51}},{"start":{"line":36,"column":55},"end":{"line":36,"column":95}}],"line":36},"4":{"loc":{"start":{"line":38,"column":15},"end":{"line":50,"column":9}},"type":"if","locations":[{"start":{"line":38,"column":15},"end":{"line":50,"column":9}},{"start":{"line":38,"column":15},"end":{"line":50,"column":9}}],"line":38},"5":{"loc":{"start":{"line":38,"column":19},"end":{"line":38,"column":102}},"type":"binary-expr","locations":[{"start":{"line":38,"column":19},"end":{"line":38,"column":59}},{"start":{"line":38,"column":63},"end":{"line":38,"column":102}}],"line":38},"6":{"loc":{"start":{"line":40,"column":15},"end":{"line":50,"column":9}},"type":"if","locations":[{"start":{"line":40,"column":15},"end":{"line":50,"column":9}},{"start":{"line":40,"column":15},"end":{"line":50,"column":9}}],"line":40},"7":{"loc":{"start":{"line":40,"column":19},"end":{"line":40,"column":102}},"type":"binary-expr","locations":[{"start":{"line":40,"column":19},"end":{"line":40,"column":59}},{"start":{"line":40,"column":63},"end":{"line":40,"column":102}}],"line":40},"8":{"loc":{"start":{"line":42,"column":15},"end":{"line":50,"column":9}},"type":"if","locations":[{"start":{"line":42,"column":15},"end":{"line":50,"column":9}},{"start":{"line":42,"column":15},"end":{"line":50,"column":9}}],"line":42},"9":{"loc":{"start":{"line":44,"column":15},"end":{"line":50,"column":9}},"type":"if","locations":[{"start":{"line":44,"column":15},"end":{"line":50,"column":9}},{"start":{"line":44,"column":15},"end":{"line":50,"column":9}}],"line":44},"10":{"loc":{"start":{"line":44,"column":19},"end":{"line":44,"column":104}},"type":"binary-expr","locations":[{"start":{"line":44,"column":19},"end":{"line":44,"column":60}},{"start":{"line":44,"column":64},"end":{"line":44,"column":104}}],"line":44},"11":{"loc":{"start":{"line":46,"column":15},"end":{"line":50,"column":9}},"type":"if","locations":[{"start":{"line":46,"column":15},"end":{"line":50,"column":9}},{"start":{"line":46,"column":15},"end":{"line":50,"column":9}}],"line":46},"12":{"loc":{"start":{"line":46,"column":19},"end":{"line":46,"column":105}},"type":"binary-expr","locations":[{"start":{"line":46,"column":19},"end":{"line":46,"column":60}},{"start":{"line":46,"column":64},"end":{"line":46,"column":105}}],"line":46},"13":{"loc":{"start":{"line":48,"column":15},"end":{"line":50,"column":9}},"type":"if","locations":[{"start":{"line":48,"column":15},"end":{"line":50,"column":9}},{"start":{"line":48,"column":15},"end":{"line":50,"column":9}}],"line":48},"14":{"loc":{"start":{"line":48,"column":19},"end":{"line":48,"column":84}},"type":"binary-expr","locations":[{"start":{"line":48,"column":19},"end":{"line":48,"column":59}},{"start":{"line":48,"column":63},"end":{"line":48,"column":84}}],"line":48},"15":{"loc":{"start":{"line":51,"column":8},"end":{"line":65,"column":9}},"type":"if","locations":[{"start":{"line":51,"column":8},"end":{"line":65,"column":9}},{"start":{"line":51,"column":8},"end":{"line":65,"column":9}}],"line":51},"16":{"loc":{"start":{"line":51,"column":12},"end":{"line":51,"column":103}},"type":"binary-expr","locations":[{"start":{"line":51,"column":12},"end":{"line":51,"column":55}},{"start":{"line":51,"column":59},"end":{"line":51,"column":103}}],"line":51},"17":{"loc":{"start":{"line":53,"column":15},"end":{"line":65,"column":9}},"type":"if","locations":[{"start":{"line":53,"column":15},"end":{"line":65,"column":9}},{"start":{"line":53,"column":15},"end":{"line":65,"column":9}}],"line":53},"18":{"loc":{"start":{"line":53,"column":19},"end":{"line":53,"column":110}},"type":"binary-expr","locations":[{"start":{"line":53,"column":19},"end":{"line":53,"column":63}},{"start":{"line":53,"column":67},"end":{"line":53,"column":110}}],"line":53},"19":{"loc":{"start":{"line":55,"column":15},"end":{"line":65,"column":9}},"type":"if","locations":[{"start":{"line":55,"column":15},"end":{"line":65,"column":9}},{"start":{"line":55,"column":15},"end":{"line":65,"column":9}}],"line":55},"20":{"loc":{"start":{"line":55,"column":19},"end":{"line":55,"column":110}},"type":"binary-expr","locations":[{"start":{"line":55,"column":19},"end":{"line":55,"column":63}},{"start":{"line":55,"column":67},"end":{"line":55,"column":110}}],"line":55},"21":{"loc":{"start":{"line":57,"column":15},"end":{"line":65,"column":9}},"type":"if","locations":[{"start":{"line":57,"column":15},"end":{"line":65,"column":9}},{"start":{"line":57,"column":15},"end":{"line":65,"column":9}}],"line":57},"22":{"loc":{"start":{"line":59,"column":15},"end":{"line":65,"column":9}},"type":"if","locations":[{"start":{"line":59,"column":15},"end":{"line":65,"column":9}},{"start":{"line":59,"column":15},"end":{"line":65,"column":9}}],"line":59},"23":{"loc":{"start":{"line":59,"column":19},"end":{"line":59,"column":112}},"type":"binary-expr","locations":[{"start":{"line":59,"column":19},"end":{"line":59,"column":64}},{"start":{"line":59,"column":68},"end":{"line":59,"column":112}}],"line":59},"24":{"loc":{"start":{"line":61,"column":15},"end":{"line":65,"column":9}},"type":"if","locations":[{"start":{"line":61,"column":15},"end":{"line":65,"column":9}},{"start":{"line":61,"column":15},"end":{"line":65,"column":9}}],"line":61},"25":{"loc":{"start":{"line":61,"column":19},"end":{"line":61,"column":113}},"type":"binary-expr","locations":[{"start":{"line":61,"column":19},"end":{"line":61,"column":64}},{"start":{"line":61,"column":68},"end":{"line":61,"column":113}}],"line":61},"26":{"loc":{"start":{"line":63,"column":15},"end":{"line":65,"column":9}},"type":"if","locations":[{"start":{"line":63,"column":15},"end":{"line":65,"column":9}},{"start":{"line":63,"column":15},"end":{"line":65,"column":9}}],"line":63},"27":{"loc":{"start":{"line":63,"column":19},"end":{"line":63,"column":93}},"type":"binary-expr","locations":[{"start":{"line":63,"column":19},"end":{"line":63,"column":63}},{"start":{"line":63,"column":67},"end":{"line":63,"column":93}}],"line":63},"28":{"loc":{"start":{"line":66,"column":8},"end":{"line":80,"column":9}},"type":"if","locations":[{"start":{"line":66,"column":8},"end":{"line":80,"column":9}},{"start":{"line":66,"column":8},"end":{"line":80,"column":9}}],"line":66},"29":{"loc":{"start":{"line":66,"column":12},"end":{"line":66,"column":115}},"type":"binary-expr","locations":[{"start":{"line":66,"column":12},"end":{"line":66,"column":61}},{"start":{"line":66,"column":65},"end":{"line":66,"column":115}}],"line":66},"30":{"loc":{"start":{"line":68,"column":15},"end":{"line":80,"column":9}},"type":"if","locations":[{"start":{"line":68,"column":15},"end":{"line":80,"column":9}},{"start":{"line":68,"column":15},"end":{"line":80,"column":9}}],"line":68},"31":{"loc":{"start":{"line":68,"column":19},"end":{"line":68,"column":122}},"type":"binary-expr","locations":[{"start":{"line":68,"column":19},"end":{"line":68,"column":69}},{"start":{"line":68,"column":73},"end":{"line":68,"column":122}}],"line":68},"32":{"loc":{"start":{"line":70,"column":15},"end":{"line":80,"column":9}},"type":"if","locations":[{"start":{"line":70,"column":15},"end":{"line":80,"column":9}},{"start":{"line":70,"column":15},"end":{"line":80,"column":9}}],"line":70},"33":{"loc":{"start":{"line":70,"column":19},"end":{"line":70,"column":122}},"type":"binary-expr","locations":[{"start":{"line":70,"column":19},"end":{"line":70,"column":69}},{"start":{"line":70,"column":73},"end":{"line":70,"column":122}}],"line":70},"34":{"loc":{"start":{"line":72,"column":15},"end":{"line":80,"column":9}},"type":"if","locations":[{"start":{"line":72,"column":15},"end":{"line":80,"column":9}},{"start":{"line":72,"column":15},"end":{"line":80,"column":9}}],"line":72},"35":{"loc":{"start":{"line":74,"column":15},"end":{"line":80,"column":9}},"type":"if","locations":[{"start":{"line":74,"column":15},"end":{"line":80,"column":9}},{"start":{"line":74,"column":15},"end":{"line":80,"column":9}}],"line":74},"36":{"loc":{"start":{"line":74,"column":19},"end":{"line":74,"column":124}},"type":"binary-expr","locations":[{"start":{"line":74,"column":19},"end":{"line":74,"column":70}},{"start":{"line":74,"column":74},"end":{"line":74,"column":124}}],"line":74},"37":{"loc":{"start":{"line":76,"column":15},"end":{"line":80,"column":9}},"type":"if","locations":[{"start":{"line":76,"column":15},"end":{"line":80,"column":9}},{"start":{"line":76,"column":15},"end":{"line":80,"column":9}}],"line":76},"38":{"loc":{"start":{"line":76,"column":19},"end":{"line":76,"column":125}},"type":"binary-expr","locations":[{"start":{"line":76,"column":19},"end":{"line":76,"column":70}},{"start":{"line":76,"column":74},"end":{"line":76,"column":125}}],"line":76},"39":{"loc":{"start":{"line":78,"column":15},"end":{"line":80,"column":9}},"type":"if","locations":[{"start":{"line":78,"column":15},"end":{"line":80,"column":9}},{"start":{"line":78,"column":15},"end":{"line":80,"column":9}}],"line":78},"40":{"loc":{"start":{"line":78,"column":19},"end":{"line":78,"column":102}},"type":"binary-expr","locations":[{"start":{"line":78,"column":19},"end":{"line":78,"column":69}},{"start":{"line":78,"column":73},"end":{"line":78,"column":102}}],"line":78},"41":{"loc":{"start":{"line":82,"column":6},"end":{"line":94,"column":7}},"type":"if","locations":[{"start":{"line":82,"column":6},"end":{"line":94,"column":7}},{"start":{"line":82,"column":6},"end":{"line":94,"column":7}}],"line":82},"42":{"loc":{"start":{"line":82,"column":10},"end":{"line":82,"column":121}},"type":"binary-expr","locations":[{"start":{"line":82,"column":10},"end":{"line":82,"column":45}},{"start":{"line":82,"column":49},"end":{"line":82,"column":87}},{"start":{"line":82,"column":91},"end":{"line":82,"column":121}}],"line":82},"43":{"loc":{"start":{"line":83,"column":8},"end":{"line":87,"column":9}},"type":"if","locations":[{"start":{"line":83,"column":8},"end":{"line":87,"column":9}},{"start":{"line":83,"column":8},"end":{"line":87,"column":9}}],"line":83},"44":{"loc":{"start":{"line":89,"column":8},"end":{"line":93,"column":9}},"type":"if","locations":[{"start":{"line":89,"column":8},"end":{"line":93,"column":9}},{"start":{"line":89,"column":8},"end":{"line":93,"column":9}}],"line":89},"45":{"loc":{"start":{"line":126,"column":6},"end":{"line":130,"column":7}},"type":"if","locations":[{"start":{"line":126,"column":6},"end":{"line":130,"column":7}},{"start":{"line":126,"column":6},"end":{"line":130,"column":7}}],"line":126},"46":{"loc":{"start":{"line":157,"column":6},"end":{"line":161,"column":7}},"type":"if","locations":[{"start":{"line":157,"column":6},"end":{"line":161,"column":7}},{"start":{"line":157,"column":6},"end":{"line":161,"column":7}}],"line":157},"47":{"loc":{"start":{"line":159,"column":13},"end":{"line":161,"column":7}},"type":"if","locations":[{"start":{"line":159,"column":13},"end":{"line":161,"column":7}},{"start":{"line":159,"column":13},"end":{"line":161,"column":7}}],"line":159}},"s":{"0":1,"1":0,"2":0,"3":0,"4":0,"5":0,"6":0,"7":0,"8":0,"9":0,"10":0,"11":0,"12":0,"13":0,"14":0,"15":0,"16":0,"17":0,"18":0,"19":0,"20":0,"21":0,"22":0,"23":0,"24":0,"25":0,"26":0,"27":0,"28":0,"29":0,"30":0,"31":0,"32":0,"33":0,"34":0,"35":0,"36":0,"37":0,"38":0,"39":0,"40":0,"41":0,"42":0,"43":0,"44":0,"45":0,"46":0,"47":0,"48":0,"49":0,"50":0,"51":0,"52":0,"53":0,"54":0,"55":0,"56":0,"57":0,"58":0,"59":0,"60":0,"61":0,"62":0,"63":0,"64":0,"65":0,"66":0,"67":0,"68":0,"69":0,"70":0,"71":0,"72":0,"73":0,"74":0,"75":0,"76":0,"77":0,"78":0,"79":0,"80":0,"81":0,"82":0,"83":0,"84":0,"85":0,"86":1},"f":{"0":0,"1":0,"2":0,"3":0},"b":{"0":[0,0],"1":[0,0,0],"2":[0,0],"3":[0,0],"4":[0,0],"5":[0,0],"6":[0,0],"7":[0,0],"8":[0,0],"9":[0,0],"10":[0,0],"11":[0,0],"12":[0,0],"13":[0,0],"14":[0,0],"15":[0,0],"16":[0,0],"17":[0,0],"18":[0,0],"19":[0,0],"20":[0,0],"21":[0,0],"22":[0,0],"23":[0,0],"24":[0,0],"25":[0,0],"26":[0,0],"27":[0,0],"28":[0,0],"29":[0,0],"30":[0,0],"31":[0,0],"32":[0,0],"33":[0,0],"34":[0,0],"35":[0,0],"36":[0,0],"37":[0,0],"38":[0,0],"39":[0,0],"40":[0,0],"41":[0,0],"42":[0,0,0],"43":[0,0],"44":[0,0],"45":[0,0],"46":[0,0],"47":[0,0]},"_coverageSchema":"1a1c01bbd47fc00a2c39e90264f33305004495a9","hash":"592673bb8909bc094b009fe09a0980c9676bb4d0"}
,"C:\\Users\\HP i5\\phase3\\server\\controllers\\UserController.js": {"path":"C:\\Users\\HP i5\\phase3\\server\\controllers\\UserController.js","statementMap":{"0":{"start":{"line":2,"column":24},"end":{"line":2,"column":50}},"1":{"start":{"line":3,"column":22},"end":{"line":3,"column":47}},"2":{"start":{"line":4,"column":33},"end":{"line":4,"column":59}},"3":{"start":{"line":8,"column":4},"end":{"line":18,"column":5}},"4":{"start":{"line":9,"column":19},"end":{"line":14,"column":8}},"5":{"start":{"line":15,"column":6},"end":{"line":15,"column":33}},"6":{"start":{"line":17,"column":6},"end":{"line":17,"column":18}},"7":{"start":{"line":21,"column":4},"end":{"line":30,"column":5}},"8":{"start":{"line":22,"column":19},"end":{"line":26,"column":8}},"9":{"start":{"line":27,"column":6},"end":{"line":27,"column":33}},"10":{"start":{"line":29,"column":6},"end":{"line":29,"column":18}},"11":{"start":{"line":33,"column":4},"end":{"line":42,"column":5}},"12":{"start":{"line":34,"column":19},"end":{"line":38,"column":8}},"13":{"start":{"line":39,"column":6},"end":{"line":39,"column":33}},"14":{"start":{"line":41,"column":6},"end":{"line":41,"column":18}},"15":{"start":{"line":45,"column":4},"end":{"line":60,"column":5}},"16":{"start":{"line":46,"column":19},"end":{"line":55,"column":7}},"17":{"start":{"line":56,"column":19},"end":{"line":56,"column":44}},"18":{"start":{"line":57,"column":6},"end":{"line":57,"column":33}},"19":{"start":{"line":59,"column":6},"end":{"line":59,"column":18}},"20":{"start":{"line":63,"column":4},"end":{"line":83,"column":5}},"21":{"start":{"line":64,"column":19},"end":{"line":73,"column":7}},"22":{"start":{"line":74,"column":19},"end":{"line":79,"column":8}},"23":{"start":{"line":80,"column":6},"end":{"line":80,"column":39}},"24":{"start":{"line":82,"column":6},"end":{"line":82,"column":18}},"25":{"start":{"line":86,"column":4},"end":{"line":99,"column":5}},"26":{"start":{"line":87,"column":25},"end":{"line":91,"column":8}},"27":{"start":{"line":92,"column":6},"end":{"line":96,"column":7}},"28":{"start":{"line":93,"column":8},"end":{"line":93,"column":63}},"29":{"start":{"line":95,"column":8},"end":{"line":95,"column":57}},"30":{"start":{"line":98,"column":6},"end":{"line":98,"column":18}},"31":{"start":{"line":102,"column":4},"end":{"line":130,"column":5}},"32":{"start":{"line":103,"column":22},"end":{"line":106,"column":7}},"33":{"start":{"line":107,"column":6},"end":{"line":111,"column":7}},"34":{"start":{"line":108,"column":8},"end":{"line":110,"column":68}},"35":{"start":{"line":112,"column":19},"end":{"line":116,"column":8}},"36":{"start":{"line":117,"column":6},"end":{"line":127,"column":7}},"37":{"start":{"line":118,"column":8},"end":{"line":118,"column":73}},"38":{"start":{"line":119,"column":13},"end":{"line":127,"column":7}},"39":{"start":{"line":120,"column":8},"end":{"line":120,"column":73}},"40":{"start":{"line":122,"column":29},"end":{"line":122,"column":97}},"41":{"start":{"line":123,"column":8},"end":{"line":126,"column":10}},"42":{"start":{"line":129,"column":6},"end":{"line":129,"column":18}},"43":{"start":{"line":133,"column":3},"end":{"line":137,"column":4}},"44":{"start":{"line":134,"column":18},"end":{"line":134,"column":55}},"45":{"start":{"line":136,"column":5},"end":{"line":136,"column":14}},"46":{"start":{"line":140,"column":19},"end":{"line":140,"column":36}},"47":{"start":{"line":141,"column":4},"end":{"line":155,"column":5}},"48":{"start":{"line":142,"column":6},"end":{"line":152,"column":7}},"49":{"start":{"line":143,"column":8},"end":{"line":143,"column":19}},"50":{"start":{"line":145,"column":24},"end":{"line":145,"column":51}},"51":{"start":{"line":146,"column":21},"end":{"line":149,"column":9}},"52":{"start":{"line":150,"column":25},"end":{"line":150,"column":52}},"53":{"start":{"line":151,"column":8},"end":{"line":151,"column":39}},"54":{"start":{"line":154,"column":6},"end":{"line":154,"column":32}},"55":{"start":{"line":159,"column":0},"end":{"line":159,"column":32}}},"fnMap":{"0":{"name":"(anonymous_0)","decl":{"start":{"line":7,"column":2},"end":{"line":7,"column":3}},"loc":{"start":{"line":7,"column":42},"end":{"line":19,"column":3}},"line":7},"1":{"name":"(anonymous_1)","decl":{"start":{"line":20,"column":2},"end":{"line":20,"column":3}},"loc":{"start":{"line":20,"column":44},"end":{"line":31,"column":3}},"line":20},"2":{"name":"(anonymous_2)","decl":{"start":{"line":32,"column":2},"end":{"line":32,"column":3}},"loc":{"start":{"line":32,"column":43},"end":{"line":43,"column":3}},"line":32},"3":{"name":"(anonymous_3)","decl":{"start":{"line":44,"column":2},"end":{"line":44,"column":3}},"loc":{"start":{"line":44,"column":35},"end":{"line":61,"column":3}},"line":44},"4":{"name":"(anonymous_4)","decl":{"start":{"line":62,"column":2},"end":{"line":62,"column":3}},"loc":{"start":{"line":62,"column":40},"end":{"line":84,"column":3}},"line":62},"5":{"name":"(anonymous_5)","decl":{"start":{"line":85,"column":2},"end":{"line":85,"column":3}},"loc":{"start":{"line":85,"column":42},"end":{"line":100,"column":3}},"line":85},"6":{"name":"(anonymous_6)","decl":{"start":{"line":101,"column":2},"end":{"line":101,"column":3}},"loc":{"start":{"line":101,"column":37},"end":{"line":131,"column":3}},"line":101},"7":{"name":"(anonymous_7)","decl":{"start":{"line":132,"column":2},"end":{"line":132,"column":3}},"loc":{"start":{"line":132,"column":42},"end":{"line":138,"column":3}},"line":132},"8":{"name":"(anonymous_8)","decl":{"start":{"line":139,"column":2},"end":{"line":139,"column":3}},"loc":{"start":{"line":139,"column":43},"end":{"line":156,"column":3}},"line":139}},"branchMap":{"0":{"loc":{"start":{"line":92,"column":6},"end":{"line":96,"column":7}},"type":"if","locations":[{"start":{"line":92,"column":6},"end":{"line":96,"column":7}},{"start":{"line":92,"column":6},"end":{"line":96,"column":7}}],"line":92},"1":{"loc":{"start":{"line":107,"column":6},"end":{"line":111,"column":7}},"type":"if","locations":[{"start":{"line":107,"column":6},"end":{"line":111,"column":7}},{"start":{"line":107,"column":6},"end":{"line":111,"column":7}}],"line":107},"2":{"loc":{"start":{"line":107,"column":10},"end":{"line":107,"column":60}},"type":"binary-expr","locations":[{"start":{"line":107,"column":10},"end":{"line":107,"column":33}},{"start":{"line":107,"column":37},"end":{"line":107,"column":60}}],"line":107},"3":{"loc":{"start":{"line":117,"column":6},"end":{"line":127,"column":7}},"type":"if","locations":[{"start":{"line":117,"column":6},"end":{"line":127,"column":7}},{"start":{"line":117,"column":6},"end":{"line":127,"column":7}}],"line":117},"4":{"loc":{"start":{"line":119,"column":13},"end":{"line":127,"column":7}},"type":"if","locations":[{"start":{"line":119,"column":13},"end":{"line":127,"column":7}},{"start":{"line":119,"column":13},"end":{"line":127,"column":7}}],"line":119},"5":{"loc":{"start":{"line":142,"column":6},"end":{"line":152,"column":7}},"type":"if","locations":[{"start":{"line":142,"column":6},"end":{"line":152,"column":7}},{"start":{"line":142,"column":6},"end":{"line":152,"column":7}}],"line":142}},"s":{"0":1,"1":1,"2":1,"3":1,"4":1,"5":1,"6":0,"7":1,"8":1,"9":1,"10":0,"11":1,"12":1,"13":1,"14":0,"15":7,"16":7,"17":7,"18":1,"19":6,"20":0,"21":0,"22":0,"23":0,"24":0,"25":0,"26":0,"27":0,"28":0,"29":0,"30":0,"31":3,"32":3,"33":3,"34":0,"35":3,"36":3,"37":3,"38":0,"39":0,"40":0,"41":0,"42":0,"43":0,"44":0,"45":0,"46":2,"47":2,"48":2,"49":1,"50":1,"51":1,"52":1,"53":1,"54":1,"55":1},"f":{"0":1,"1":1,"2":1,"3":7,"4":0,"5":0,"6":3,"7":0,"8":2},"b":{"0":[0,0],"1":[0,3],"2":[3,3],"3":[3,0],"4":[0,0],"5":[1,1]},"_coverageSchema":"1a1c01bbd47fc00a2c39e90264f33305004495a9","hash":"53669f0134cf9d62f9bc92101724c51cd00984cf"}
,"C:\\Users\\HP i5\\phase3\\server\\helpers\\hash.js": {"path":"C:\\Users\\HP i5\\phase3\\server\\helpers\\hash.js","statementMap":{"0":{"start":{"line":2,"column":15},"end":{"line":2,"column":32}},"1":{"start":{"line":5,"column":2},"end":{"line":5,"column":37}},"2":{"start":{"line":9,"column":2},"end":{"line":9,"column":44}},"3":{"start":{"line":12,"column":0},"end":{"line":15,"column":1}}},"fnMap":{"0":{"name":"makeHash","decl":{"start":{"line":4,"column":9},"end":{"line":4,"column":17}},"loc":{"start":{"line":4,"column":27},"end":{"line":6,"column":1}},"line":4},"1":{"name":"compareHash","decl":{"start":{"line":8,"column":9},"end":{"line":8,"column":20}},"loc":{"start":{"line":8,"column":38},"end":{"line":10,"column":1}},"line":8}},"branchMap":{},"s":{"0":1,"1":5,"2":0,"3":1},"f":{"0":5,"1":0},"b":{},"_coverageSchema":"1a1c01bbd47fc00a2c39e90264f33305004495a9","hash":"783bf44f22946b37bbb9ef3224f1df689a528aa1"}
,"C:\\Users\\HP i5\\phase3\\server\\helpers\\jwt.js": {"path":"C:\\Users\\HP i5\\phase3\\server\\helpers\\jwt.js","statementMap":{"0":{"start":{"line":3,"column":21},"end":{"line":3,"column":44}},"1":{"start":{"line":6,"column":16},"end":{"line":6,"column":75}},"2":{"start":{"line":7,"column":2},"end":{"line":7,"column":14}},"3":{"start":{"line":11,"column":18},"end":{"line":11,"column":77}},"4":{"start":{"line":12,"column":2},"end":{"line":12,"column":16}},"5":{"start":{"line":15,"column":0},"end":{"line":18,"column":1}}},"fnMap":{"0":{"name":"signToken","decl":{"start":{"line":5,"column":9},"end":{"line":5,"column":18}},"loc":{"start":{"line":5,"column":28},"end":{"line":8,"column":1}},"line":5},"1":{"name":"verifyToken","decl":{"start":{"line":10,"column":9},"end":{"line":10,"column":20}},"loc":{"start":{"line":10,"column":28},"end":{"line":13,"column":1}},"line":10}},"branchMap":{"0":{"loc":{"start":{"line":6,"column":43},"end":{"line":6,"column":74}},"type":"binary-expr","locations":[{"start":{"line":6,"column":43},"end":{"line":6,"column":61}},{"start":{"line":6,"column":65},"end":{"line":6,"column":74}}],"line":6},"1":{"loc":{"start":{"line":11,"column":45},"end":{"line":11,"column":76}},"type":"binary-expr","locations":[{"start":{"line":11,"column":45},"end":{"line":11,"column":63}},{"start":{"line":11,"column":67},"end":{"line":11,"column":76}}],"line":11}},"s":{"0":1,"1":2,"2":2,"3":5,"4":5,"5":1},"f":{"0":2,"1":5},"b":{"0":[2,2],"1":[5,5]},"_coverageSchema":"1a1c01bbd47fc00a2c39e90264f33305004495a9","hash":"8dce154e694567522f6610607e2e9d4c5eb6a373"}
,"C:\\Users\\HP i5\\phase3\\server\\middlewares\\auth.js": {"path":"C:\\Users\\HP i5\\phase3\\server\\middlewares\\auth.js","statementMap":{"0":{"start":{"line":2,"column":24},"end":{"line":2,"column":49}},"1":{"start":{"line":3,"column":17},"end":{"line":3,"column":43}},"2":{"start":{"line":5,"column":23},"end":{"line":18,"column":1}},"3":{"start":{"line":6,"column":4},"end":{"line":17,"column":5}},"4":{"start":{"line":7,"column":24},"end":{"line":7,"column":61}},"5":{"start":{"line":8,"column":21},"end":{"line":12,"column":10}},"6":{"start":{"line":13,"column":8},"end":{"line":13,"column":27}},"7":{"start":{"line":14,"column":8},"end":{"line":14,"column":14}},"8":{"start":{"line":16,"column":8},"end":{"line":16,"column":19}},"9":{"start":{"line":20,"column":0},"end":{"line":20,"column":32}}},"fnMap":{"0":{"name":"(anonymous_0)","decl":{"start":{"line":5,"column":23},"end":{"line":5,"column":24}},"loc":{"start":{"line":5,"column":49},"end":{"line":18,"column":1}},"line":5}},"branchMap":{},"s":{"0":1,"1":1,"2":1,"3":4,"4":4,"5":4,"6":4,"7":4,"8":0,"9":1},"f":{"0":4},"b":{},"_coverageSchema":"1a1c01bbd47fc00a2c39e90264f33305004495a9","hash":"d207ca21dc07ccf04bfe5d38ac46eda0fdae53dd"}
,"C:\\Users\\HP i5\\phase3\\server\\middlewares\\errHandler.js": {"path":"C:\\Users\\HP i5\\phase3\\server\\middlewares\\errHandler.js","statementMap":{"0":{"start":{"line":4,"column":16},"end":{"line":4,"column":54}},"1":{"start":{"line":5,"column":19},"end":{"line":5,"column":37}},"2":{"start":{"line":7,"column":2},"end":{"line":40,"column":3}},"3":{"start":{"line":8,"column":4},"end":{"line":8,"column":26}},"4":{"start":{"line":9,"column":4},"end":{"line":9,"column":21}},"5":{"start":{"line":10,"column":9},"end":{"line":40,"column":3}},"6":{"start":{"line":11,"column":4},"end":{"line":11,"column":26}},"7":{"start":{"line":12,"column":4},"end":{"line":12,"column":21}},"8":{"start":{"line":13,"column":9},"end":{"line":40,"column":3}},"9":{"start":{"line":14,"column":4},"end":{"line":14,"column":21}},"10":{"start":{"line":15,"column":4},"end":{"line":15,"column":40}},"11":{"start":{"line":16,"column":9},"end":{"line":40,"column":3}},"12":{"start":{"line":17,"column":4},"end":{"line":17,"column":36}},"13":{"start":{"line":18,"column":4},"end":{"line":18,"column":21}},"14":{"start":{"line":19,"column":9},"end":{"line":40,"column":3}},"15":{"start":{"line":20,"column":4},"end":{"line":20,"column":51}},"16":{"start":{"line":21,"column":4},"end":{"line":21,"column":21}},"17":{"start":{"line":22,"column":9},"end":{"line":40,"column":3}},"18":{"start":{"line":23,"column":4},"end":{"line":23,"column":55}},"19":{"start":{"line":24,"column":4},"end":{"line":24,"column":20}},"20":{"start":{"line":25,"column":9},"end":{"line":40,"column":3}},"21":{"start":{"line":26,"column":4},"end":{"line":26,"column":42}},"22":{"start":{"line":27,"column":4},"end":{"line":27,"column":20}},"23":{"start":{"line":28,"column":8},"end":{"line":40,"column":3}},"24":{"start":{"line":29,"column":6},"end":{"line":29,"column":39}},"25":{"start":{"line":30,"column":6},"end":{"line":30,"column":22}},"26":{"start":{"line":31,"column":9},"end":{"line":40,"column":3}},"27":{"start":{"line":32,"column":4},"end":{"line":32,"column":36}},"28":{"start":{"line":33,"column":4},"end":{"line":33,"column":20}},"29":{"start":{"line":34,"column":9},"end":{"line":40,"column":3}},"30":{"start":{"line":35,"column":4},"end":{"line":35,"column":36}},"31":{"start":{"line":36,"column":4},"end":{"line":36,"column":20}},"32":{"start":{"line":37,"column":9},"end":{"line":40,"column":3}},"33":{"start":{"line":38,"column":4},"end":{"line":38,"column":49}},"34":{"start":{"line":39,"column":4},"end":{"line":39,"column":20}},"35":{"start":{"line":41,"column":2},"end":{"line":41,"column":52}},"36":{"start":{"line":44,"column":0},"end":{"line":44,"column":30}}},"fnMap":{"0":{"name":"errorHandler","decl":{"start":{"line":3,"column":9},"end":{"line":3,"column":21}},"loc":{"start":{"line":3,"column":43},"end":{"line":42,"column":1}},"line":3}},"branchMap":{"0":{"loc":{"start":{"line":4,"column":16},"end":{"line":4,"column":54}},"type":"binary-expr","locations":[{"start":{"line":4,"column":16},"end":{"line":4,"column":27}},{"start":{"line":4,"column":31},"end":{"line":4,"column":54}}],"line":4},"1":{"loc":{"start":{"line":5,"column":19},"end":{"line":5,"column":37}},"type":"binary-expr","locations":[{"start":{"line":5,"column":19},"end":{"line":5,"column":30}},{"start":{"line":5,"column":34},"end":{"line":5,"column":37}}],"line":5},"2":{"loc":{"start":{"line":7,"column":2},"end":{"line":40,"column":3}},"type":"if","locations":[{"start":{"line":7,"column":2},"end":{"line":40,"column":3}},{"start":{"line":7,"column":2},"end":{"line":40,"column":3}}],"line":7},"3":{"loc":{"start":{"line":10,"column":9},"end":{"line":40,"column":3}},"type":"if","locations":[{"start":{"line":10,"column":9},"end":{"line":40,"column":3}},{"start":{"line":10,"column":9},"end":{"line":40,"column":3}}],"line":10},"4":{"loc":{"start":{"line":13,"column":9},"end":{"line":40,"column":3}},"type":"if","locations":[{"start":{"line":13,"column":9},"end":{"line":40,"column":3}},{"start":{"line":13,"column":9},"end":{"line":40,"column":3}}],"line":13},"5":{"loc":{"start":{"line":16,"column":9},"end":{"line":40,"column":3}},"type":"if","locations":[{"start":{"line":16,"column":9},"end":{"line":40,"column":3}},{"start":{"line":16,"column":9},"end":{"line":40,"column":3}}],"line":16},"6":{"loc":{"start":{"line":19,"column":9},"end":{"line":40,"column":3}},"type":"if","locations":[{"start":{"line":19,"column":9},"end":{"line":40,"column":3}},{"start":{"line":19,"column":9},"end":{"line":40,"column":3}}],"line":19},"7":{"loc":{"start":{"line":22,"column":9},"end":{"line":40,"column":3}},"type":"if","locations":[{"start":{"line":22,"column":9},"end":{"line":40,"column":3}},{"start":{"line":22,"column":9},"end":{"line":40,"column":3}}],"line":22},"8":{"loc":{"start":{"line":25,"column":9},"end":{"line":40,"column":3}},"type":"if","locations":[{"start":{"line":25,"column":9},"end":{"line":40,"column":3}},{"start":{"line":25,"column":9},"end":{"line":40,"column":3}}],"line":25},"9":{"loc":{"start":{"line":28,"column":8},"end":{"line":40,"column":3}},"type":"if","locations":[{"start":{"line":28,"column":8},"end":{"line":40,"column":3}},{"start":{"line":28,"column":8},"end":{"line":40,"column":3}}],"line":28},"10":{"loc":{"start":{"line":31,"column":9},"end":{"line":40,"column":3}},"type":"if","locations":[{"start":{"line":31,"column":9},"end":{"line":40,"column":3}},{"start":{"line":31,"column":9},"end":{"line":40,"column":3}}],"line":31},"11":{"loc":{"start":{"line":34,"column":9},"end":{"line":40,"column":3}},"type":"if","locations":[{"start":{"line":34,"column":9},"end":{"line":40,"column":3}},{"start":{"line":34,"column":9},"end":{"line":40,"column":3}}],"line":34},"12":{"loc":{"start":{"line":37,"column":9},"end":{"line":40,"column":3}},"type":"if","locations":[{"start":{"line":37,"column":9},"end":{"line":40,"column":3}},{"start":{"line":37,"column":9},"end":{"line":40,"column":3}}],"line":37}},"s":{"0":7,"1":7,"2":7,"3":0,"4":0,"5":7,"6":0,"7":0,"8":7,"9":4,"10":4,"11":3,"12":2,"13":2,"14":1,"15":0,"16":0,"17":1,"18":0,"19":0,"20":1,"21":0,"22":0,"23":1,"24":0,"25":0,"26":1,"27":0,"28":0,"29":1,"30":0,"31":0,"32":1,"33":1,"34":1,"35":7,"36":1},"f":{"0":7},"b":{"0":[7,1],"1":[7,7],"2":[0,7],"3":[0,7],"4":[4,3],"5":[2,1],"6":[0,1],"7":[0,1],"8":[0,1],"9":[0,1],"10":[0,1],"11":[0,1],"12":[1,0]},"_coverageSchema":"1a1c01bbd47fc00a2c39e90264f33305004495a9","hash":"03177c5bb878424a817c2c84f307b602cb0d0fcf"}
,"C:\\Users\\HP i5\\phase3\\server\\models\\bayi.js": {"path":"C:\\Users\\HP i5\\phase3\\server\\models\\bayi.js","statementMap":{"0":{"start":{"line":2,"column":23},"end":{"line":2,"column":36}},"1":{"start":{"line":3,"column":18},"end":{"line":3,"column":38}},"2":{"start":{"line":4,"column":0},"end":{"line":73,"column":1}},"3":{"start":{"line":14,"column":6},"end":{"line":14,"column":67}},"4":{"start":{"line":15,"column":6},"end":{"line":18,"column":8}},"5":{"start":{"line":19,"column":6},"end":{"line":22,"column":8}},"6":{"start":{"line":25,"column":2},"end":{"line":71,"column":3}},"7":{"start":{"line":72,"column":2},"end":{"line":72,"column":13}}},"fnMap":{"0":{"name":"(anonymous_0)","decl":{"start":{"line":4,"column":17},"end":{"line":4,"column":18}},"loc":{"start":{"line":4,"column":43},"end":{"line":73,"column":1}},"line":4},"1":{"name":"(anonymous_1)","decl":{"start":{"line":11,"column":4},"end":{"line":11,"column":5}},"loc":{"start":{"line":11,"column":29},"end":{"line":23,"column":5}},"line":11}},"branchMap":{},"s":{"0":1,"1":1,"2":1,"3":1,"4":1,"5":1,"6":1,"7":1},"f":{"0":1,"1":1},"b":{},"_coverageSchema":"1a1c01bbd47fc00a2c39e90264f33305004495a9","hash":"282e5e9c1344b3f81ac0e4bde0c3802a514c481a"}
,"C:\\Users\\HP i5\\phase3\\server\\models\\bayiuser.js": {"path":"C:\\Users\\HP i5\\phase3\\server\\models\\bayiuser.js","statementMap":{"0":{"start":{"line":4,"column":4},"end":{"line":4,"column":24}},"1":{"start":{"line":5,"column":0},"end":{"line":36,"column":2}},"2":{"start":{"line":14,"column":5},"end":{"line":17,"column":7}},"3":{"start":{"line":18,"column":5},"end":{"line":21,"column":7}},"4":{"start":{"line":24,"column":2},"end":{"line":34,"column":5}},"5":{"start":{"line":29,"column":4},"end":{"line":29,"column":44}},"6":{"start":{"line":35,"column":2},"end":{"line":35,"column":18}}},"fnMap":{"0":{"name":"(anonymous_0)","decl":{"start":{"line":5,"column":17},"end":{"line":5,"column":18}},"loc":{"start":{"line":5,"column":43},"end":{"line":36,"column":1}},"line":5},"1":{"name":"(anonymous_1)","decl":{"start":{"line":12,"column":4},"end":{"line":12,"column":5}},"loc":{"start":{"line":12,"column":29},"end":{"line":22,"column":5}},"line":12},"2":{"name":"(anonymous_2)","decl":{"start":{"line":28,"column":4},"end":{"line":28,"column":5}},"loc":{"start":{"line":28,"column":32},"end":{"line":30,"column":5}},"line":28}},"branchMap":{},"s":{"0":1,"1":1,"2":1,"3":1,"4":1,"5":1,"6":1},"f":{"0":1,"1":1,"2":1},"b":{},"_coverageSchema":"1a1c01bbd47fc00a2c39e90264f33305004495a9","hash":"8c566d095181166379c4a2a00709d4c16623b20d"}
,"C:\\Users\\HP i5\\phase3\\server\\models\\beratbadan.js": {"path":"C:\\Users\\HP i5\\phase3\\server\\models\\beratbadan.js","statementMap":{"0":{"start":{"line":4,"column":4},"end":{"line":4,"column":24}},"1":{"start":{"line":5,"column":0},"end":{"line":31,"column":2}},"2":{"start":{"line":16,"column":2},"end":{"line":29,"column":5}},"3":{"start":{"line":30,"column":2},"end":{"line":30,"column":20}}},"fnMap":{"0":{"name":"(anonymous_0)","decl":{"start":{"line":5,"column":17},"end":{"line":5,"column":18}},"loc":{"start":{"line":5,"column":43},"end":{"line":31,"column":1}},"line":5},"1":{"name":"(anonymous_1)","decl":{"start":{"line":12,"column":4},"end":{"line":12,"column":5}},"loc":{"start":{"line":12,"column":29},"end":{"line":14,"column":5}},"line":12}},"branchMap":{},"s":{"0":1,"1":1,"2":1,"3":1},"f":{"0":1,"1":1},"b":{},"_coverageSchema":"1a1c01bbd47fc00a2c39e90264f33305004495a9","hash":"84cfb54713f3988fdfc83545990632665db33a82"}
,"C:\\Users\\HP i5\\phase3\\server\\models\\index.js": {"path":"C:\\Users\\HP i5\\phase3\\server\\models\\index.js","statementMap":{"0":{"start":{"line":3,"column":11},"end":{"line":3,"column":24}},"1":{"start":{"line":4,"column":13},"end":{"line":4,"column":28}},"2":{"start":{"line":5,"column":18},"end":{"line":5,"column":38}},"3":{"start":{"line":6,"column":17},"end":{"line":6,"column":42}},"4":{"start":{"line":7,"column":12},"end":{"line":7,"column":49}},"5":{"start":{"line":8,"column":15},"end":{"line":8,"column":65}},"6":{"start":{"line":9,"column":11},"end":{"line":9,"column":13}},"7":{"start":{"line":12,"column":0},"end":{"line":16,"column":1}},"8":{"start":{"line":13,"column":2},"end":{"line":13,"column":74}},"9":{"start":{"line":15,"column":2},"end":{"line":15,"column":87}},"10":{"start":{"line":18,"column":0},"end":{"line":26,"column":5}},"11":{"start":{"line":21,"column":4},"end":{"line":21,"column":90}},"12":{"start":{"line":24,"column":18},"end":{"line":24,"column":85}},"13":{"start":{"line":25,"column":4},"end":{"line":25,"column":27}},"14":{"start":{"line":28,"column":0},"end":{"line":32,"column":3}},"15":{"start":{"line":29,"column":2},"end":{"line":31,"column":3}},"16":{"start":{"line":30,"column":4},"end":{"line":30,"column":32}},"17":{"start":{"line":34,"column":0},"end":{"line":34,"column":25}},"18":{"start":{"line":35,"column":0},"end":{"line":35,"column":25}},"19":{"start":{"line":37,"column":0},"end":{"line":37,"column":20}}},"fnMap":{"0":{"name":"(anonymous_0)","decl":{"start":{"line":20,"column":10},"end":{"line":20,"column":11}},"loc":{"start":{"line":20,"column":18},"end":{"line":22,"column":3}},"line":20},"1":{"name":"(anonymous_1)","decl":{"start":{"line":23,"column":11},"end":{"line":23,"column":12}},"loc":{"start":{"line":23,"column":19},"end":{"line":26,"column":3}},"line":23},"2":{"name":"(anonymous_2)","decl":{"start":{"line":28,"column":24},"end":{"line":28,"column":25}},"loc":{"start":{"line":28,"column":37},"end":{"line":32,"column":1}},"line":28}},"branchMap":{"0":{"loc":{"start":{"line":7,"column":12},"end":{"line":7,"column":49}},"type":"binary-expr","locations":[{"start":{"line":7,"column":12},"end":{"line":7,"column":32}},{"start":{"line":7,"column":36},"end":{"line":7,"column":49}}],"line":7},"1":{"loc":{"start":{"line":12,"column":0},"end":{"line":16,"column":1}},"type":"if","locations":[{"start":{"line":12,"column":0},"end":{"line":16,"column":1}},{"start":{"line":12,"column":0},"end":{"line":16,"column":1}}],"line":12},"2":{"loc":{"start":{"line":21,"column":11},"end":{"line":21,"column":89}},"type":"binary-expr","locations":[{"start":{"line":21,"column":12},"end":{"line":21,"column":35}},{"start":{"line":21,"column":41},"end":{"line":21,"column":58}},{"start":{"line":21,"column":64},"end":{"line":21,"column":88}}],"line":21},"3":{"loc":{"start":{"line":29,"column":2},"end":{"line":31,"column":3}},"type":"if","locations":[{"start":{"line":29,"column":2},"end":{"line":31,"column":3}},{"start":{"line":29,"column":2},"end":{"line":31,"column":3}}],"line":29}},"s":{"0":1,"1":1,"2":1,"3":1,"4":1,"5":1,"6":1,"7":1,"8":0,"9":1,"10":1,"11":8,"12":7,"13":7,"14":1,"15":7,"16":7,"17":1,"18":1,"19":1},"f":{"0":8,"1":7,"2":7},"b":{"0":[1,0],"1":[0,1],"2":[8,8,7],"3":[7,0]},"_coverageSchema":"1a1c01bbd47fc00a2c39e90264f33305004495a9","hash":"1879ebf3e6303b4c826df151309d154fa61ac5fc"}
,"C:\\Users\\HP i5\\phase3\\server\\models\\lingkarkepala.js": {"path":"C:\\Users\\HP i5\\phase3\\server\\models\\lingkarkepala.js","statementMap":{"0":{"start":{"line":4,"column":4},"end":{"line":4,"column":24}},"1":{"start":{"line":5,"column":0},"end":{"line":31,"column":2}},"2":{"start":{"line":16,"column":2},"end":{"line":29,"column":5}},"3":{"start":{"line":30,"column":2},"end":{"line":30,"column":23}}},"fnMap":{"0":{"name":"(anonymous_0)","decl":{"start":{"line":5,"column":17},"end":{"line":5,"column":18}},"loc":{"start":{"line":5,"column":43},"end":{"line":31,"column":1}},"line":5},"1":{"name":"(anonymous_1)","decl":{"start":{"line":12,"column":4},"end":{"line":12,"column":5}},"loc":{"start":{"line":12,"column":29},"end":{"line":14,"column":5}},"line":12}},"branchMap":{},"s":{"0":1,"1":1,"2":1,"3":1},"f":{"0":1,"1":1},"b":{},"_coverageSchema":"1a1c01bbd47fc00a2c39e90264f33305004495a9","hash":"fc245042b53dbda29a5d886c5a2712fd8b7a6f66"}
,"C:\\Users\\HP i5\\phase3\\server\\models\\perkembangan.js": {"path":"C:\\Users\\HP i5\\phase3\\server\\models\\perkembangan.js","statementMap":{"0":{"start":{"line":2,"column":18},"end":{"line":2,"column":38}},"1":{"start":{"line":3,"column":0},"end":{"line":45,"column":1}},"2":{"start":{"line":14,"column":2},"end":{"line":43,"column":3}},"3":{"start":{"line":44,"column":2},"end":{"line":44,"column":21}}},"fnMap":{"0":{"name":"(anonymous_0)","decl":{"start":{"line":3,"column":17},"end":{"line":3,"column":18}},"loc":{"start":{"line":3,"column":43},"end":{"line":45,"column":1}},"line":3},"1":{"name":"(anonymous_1)","decl":{"start":{"line":10,"column":4},"end":{"line":10,"column":5}},"loc":{"start":{"line":10,"column":29},"end":{"line":12,"column":5}},"line":10}},"branchMap":{},"s":{"0":1,"1":1,"2":1,"3":1},"f":{"0":1,"1":1},"b":{},"_coverageSchema":"1a1c01bbd47fc00a2c39e90264f33305004495a9","hash":"59246aedc406cc468bfb6703ea58427908fb6dcf"}
,"C:\\Users\\HP i5\\phase3\\server\\models\\tinggibadan.js": {"path":"C:\\Users\\HP i5\\phase3\\server\\models\\tinggibadan.js","statementMap":{"0":{"start":{"line":4,"column":4},"end":{"line":4,"column":24}},"1":{"start":{"line":5,"column":0},"end":{"line":31,"column":2}},"2":{"start":{"line":16,"column":2},"end":{"line":29,"column":5}},"3":{"start":{"line":30,"column":2},"end":{"line":30,"column":21}}},"fnMap":{"0":{"name":"(anonymous_0)","decl":{"start":{"line":5,"column":17},"end":{"line":5,"column":18}},"loc":{"start":{"line":5,"column":43},"end":{"line":31,"column":1}},"line":5},"1":{"name":"(anonymous_1)","decl":{"start":{"line":12,"column":4},"end":{"line":12,"column":5}},"loc":{"start":{"line":12,"column":29},"end":{"line":14,"column":5}},"line":12}},"branchMap":{},"s":{"0":1,"1":1,"2":1,"3":1},"f":{"0":1,"1":1},"b":{},"_coverageSchema":"1a1c01bbd47fc00a2c39e90264f33305004495a9","hash":"317301720f0b3a2bf83bca674ee0fb17d9f28a95"}
,"C:\\Users\\HP i5\\phase3\\server\\models\\user.js": {"path":"C:\\Users\\HP i5\\phase3\\server\\models\\user.js","statementMap":{"0":{"start":{"line":2,"column":18},"end":{"line":2,"column":38}},"1":{"start":{"line":3,"column":21},"end":{"line":3,"column":47}},"2":{"start":{"line":4,"column":0},"end":{"line":91,"column":2}},"3":{"start":{"line":13,"column":6},"end":{"line":13,"column":68}},"4":{"start":{"line":16,"column":2},"end":{"line":72,"column":4}},"5":{"start":{"line":60,"column":10},"end":{"line":60,"column":50}},"6":{"start":{"line":66,"column":10},"end":{"line":66,"column":50}},"7":{"start":{"line":74,"column":2},"end":{"line":83,"column":5}},"8":{"start":{"line":75,"column":4},"end":{"line":82,"column":7}},"9":{"start":{"line":76,"column":17},"end":{"line":76,"column":40}},"10":{"start":{"line":77,"column":6},"end":{"line":77,"column":26}},"11":{"start":{"line":78,"column":6},"end":{"line":78,"column":49}},"12":{"start":{"line":79,"column":6},"end":{"line":81,"column":7}},"13":{"start":{"line":80,"column":8},"end":{"line":80,"column":85}},"14":{"start":{"line":85,"column":2},"end":{"line":89,"column":5}},"15":{"start":{"line":86,"column":4},"end":{"line":88,"column":5}},"16":{"start":{"line":87,"column":6},"end":{"line":87,"column":68}},"17":{"start":{"line":90,"column":2},"end":{"line":90,"column":14}}},"fnMap":{"0":{"name":"(anonymous_0)","decl":{"start":{"line":4,"column":17},"end":{"line":4,"column":18}},"loc":{"start":{"line":4,"column":43},"end":{"line":91,"column":1}},"line":4},"1":{"name":"(anonymous_1)","decl":{"start":{"line":11,"column":4},"end":{"line":11,"column":5}},"loc":{"start":{"line":11,"column":29},"end":{"line":14,"column":5}},"line":11},"2":{"name":"(anonymous_2)","decl":{"start":{"line":59,"column":8},"end":{"line":59,"column":9}},"loc":{"start":{"line":59,"column":27},"end":{"line":61,"column":9}},"line":59},"3":{"name":"(anonymous_3)","decl":{"start":{"line":65,"column":8},"end":{"line":65,"column":9}},"loc":{"start":{"line":65,"column":27},"end":{"line":67,"column":9}},"line":65},"4":{"name":"(anonymous_4)","decl":{"start":{"line":74,"column":24},"end":{"line":74,"column":25}},"loc":{"start":{"line":74,"column":35},"end":{"line":83,"column":3}},"line":74},"5":{"name":"(anonymous_5)","decl":{"start":{"line":75,"column":14},"end":{"line":75,"column":15}},"loc":{"start":{"line":75,"column":24},"end":{"line":82,"column":5}},"line":75},"6":{"name":"(anonymous_6)","decl":{"start":{"line":85,"column":18},"end":{"line":85,"column":19}},"loc":{"start":{"line":85,"column":29},"end":{"line":89,"column":3}},"line":85}},"branchMap":{"0":{"loc":{"start":{"line":79,"column":6},"end":{"line":81,"column":7}},"type":"if","locations":[{"start":{"line":79,"column":6},"end":{"line":81,"column":7}},{"start":{"line":79,"column":6},"end":{"line":81,"column":7}}],"line":79},"1":{"loc":{"start":{"line":86,"column":4},"end":{"line":88,"column":5}},"type":"if","locations":[{"start":{"line":86,"column":4},"end":{"line":88,"column":5}},{"start":{"line":86,"column":4},"end":{"line":88,"column":5}}],"line":86},"2":{"loc":{"start":{"line":86,"column":8},"end":{"line":86,"column":47}},"type":"binary-expr","locations":[{"start":{"line":86,"column":8},"end":{"line":86,"column":21}},{"start":{"line":86,"column":25},"end":{"line":86,"column":47}}],"line":86}},"s":{"0":1,"1":1,"2":1,"3":1,"4":1,"5":5,"6":0,"7":1,"8":0,"9":0,"10":0,"11":0,"12":0,"13":0,"14":1,"15":10,"16":7,"17":1},"f":{"0":1,"1":1,"2":5,"3":0,"4":0,"5":0,"6":10},"b":{"0":[0,0],"1":[7,3],"2":[10,10]},"_coverageSchema":"1a1c01bbd47fc00a2c39e90264f33305004495a9","hash":"5fd2e17dcf8d552e2b6decd36296e913130c557a"}
,"C:\\Users\\HP i5\\phase3\\server\\routes\\index.js": {"path":"C:\\Users\\HP i5\\phase3\\server\\routes\\index.js","statementMap":{"0":{"start":{"line":2,"column":23},"end":{"line":2,"column":63}},"1":{"start":{"line":3,"column":23},"end":{"line":3,"column":63}},"2":{"start":{"line":4,"column":31},"end":{"line":4,"column":79}},"3":{"start":{"line":5,"column":26},"end":{"line":5,"column":69}},"4":{"start":{"line":6,"column":23},"end":{"line":6,"column":53}},"5":{"start":{"line":8,"column":15},"end":{"line":8,"column":42}},"6":{"start":{"line":10,"column":0},"end":{"line":10,"column":63}},"7":{"start":{"line":11,"column":0},"end":{"line":11,"column":53}},"8":{"start":{"line":12,"column":0},"end":{"line":12,"column":57}},"9":{"start":{"line":14,"column":0},"end":{"line":14,"column":44}},"10":{"start":{"line":15,"column":0},"end":{"line":15,"column":54}},"11":{"start":{"line":16,"column":0},"end":{"line":16,"column":58}},"12":{"start":{"line":17,"column":0},"end":{"line":17,"column":56}},"13":{"start":{"line":18,"column":0},"end":{"line":18,"column":41}},"14":{"start":{"line":19,"column":0},"end":{"line":19,"column":27}},"15":{"start":{"line":20,"column":0},"end":{"line":20,"column":54}},"16":{"start":{"line":21,"column":0},"end":{"line":21,"column":53}},"17":{"start":{"line":22,"column":0},"end":{"line":22,"column":58}},"18":{"start":{"line":23,"column":0},"end":{"line":23,"column":62}},"19":{"start":{"line":25,"column":0},"end":{"line":25,"column":40}},"20":{"start":{"line":26,"column":0},"end":{"line":26,"column":44}},"21":{"start":{"line":27,"column":0},"end":{"line":27,"column":54}},"22":{"start":{"line":28,"column":0},"end":{"line":28,"column":54}},"23":{"start":{"line":29,"column":0},"end":{"line":29,"column":57}},"24":{"start":{"line":31,"column":0},"end":{"line":34,"column":1}},"25":{"start":{"line":35,"column":0},"end":{"line":35,"column":94}},"26":{"start":{"line":36,"column":0},"end":{"line":36,"column":76}},"27":{"start":{"line":37,"column":0},"end":{"line":37,"column":80}},"28":{"start":{"line":38,"column":0},"end":{"line":38,"column":23}}},"fnMap":{},"branchMap":{},"s":{"0":1,"1":1,"2":1,"3":1,"4":1,"5":1,"6":1,"7":1,"8":1,"9":1,"10":1,"11":1,"12":1,"13":1,"14":1,"15":1,"16":1,"17":1,"18":1,"19":1,"20":1,"21":1,"22":1,"23":1,"24":1,"25":1,"26":1,"27":1,"28":1},"f":{},"b":{},"_coverageSchema":"1a1c01bbd47fc00a2c39e90264f33305004495a9","hash":"499a8d1f566087f8c56949efb61f547689feb17d"}
}
