{"C:\\Users\\HP i5\\phase3\\server\\app.js": {"path":"C:\\Users\\HP i5\\phase3\\server\\app.js","statementMap":{"0":{"start":{"line":3,"column":13},"end":{"line":3,"column":28}},"1":{"start":{"line":4,"column":16},"end":{"line":4,"column":34}},"2":{"start":{"line":5,"column":21},"end":{"line":5,"column":56}},"3":{"start":{"line":6,"column":12},"end":{"line":6,"column":21}},"4":{"start":{"line":7,"column":13},"end":{"line":7,"column":37}},"5":{"start":{"line":8,"column":15},"end":{"line":8,"column":40}},"6":{"start":{"line":10,"column":0},"end":{"line":10,"column":15}},"7":{"start":{"line":11,"column":0},"end":{"line":11,"column":23}},"8":{"start":{"line":12,"column":0},"end":{"line":12,"column":47}},"9":{"start":{"line":13,"column":0},"end":{"line":13,"column":15}},"10":{"start":{"line":14,"column":0},"end":{"line":14,"column":21}},"11":{"start":{"line":15,"column":0},"end":{"line":17,"column":2}},"12":{"start":{"line":16,"column":2},"end":{"line":16,"column":64}},"13":{"start":{"line":18,"column":0},"end":{"line":18,"column":20}}},"fnMap":{"0":{"name":"(anonymous_0)","decl":{"start":{"line":15,"column":17},"end":{"line":15,"column":18}},"loc":{"start":{"line":15,"column":23},"end":{"line":17,"column":1}},"line":15}},"branchMap":{"0":{"loc":{"start":{"line":7,"column":13},"end":{"line":7,"column":37}},"type":"binary-expr","locations":[{"start":{"line":7,"column":13},"end":{"line":7,"column":29}},{"start":{"line":7,"column":33},"end":{"line":7,"column":37}}],"line":7}},"s":{"0":4,"1":4,"2":4,"3":4,"4":4,"5":4,"6":4,"7":4,"8":4,"9":4,"10":4,"11":4,"12":1,"13":4},"f":{"0":1},"b":{"0":[4,4]},"_coverageSchema":"1a1c01bbd47fc00a2c39e90264f33305004495a9","hash":"e520225bf90396dcc9133751caf4418a1ca9da14"}
,"C:\\Users\\HP i5\\phase3\\server\\controllers\\BayiController.js": {"path":"C:\\Users\\HP i5\\phase3\\server\\controllers\\BayiController.js","statementMap":{"0":{"start":{"line":2,"column":67},"end":{"line":2,"column":93}},"1":{"start":{"line":6,"column":4},"end":{"line":11,"column":5}},"2":{"start":{"line":7,"column":19},"end":{"line":7,"column":78}},"3":{"start":{"line":8,"column":6},"end":{"line":8,"column":32}},"4":{"start":{"line":10,"column":6},"end":{"line":10,"column":17}},"5":{"start":{"line":14,"column":4},"end":{"line":24,"column":5}},"6":{"start":{"line":15,"column":19},"end":{"line":20,"column":8}},"7":{"start":{"line":21,"column":6},"end":{"line":21,"column":32}},"8":{"start":{"line":23,"column":6},"end":{"line":23,"column":17}},"9":{"start":{"line":27,"column":4},"end":{"line":112,"column":5}},"10":{"start":{"line":28,"column":19},"end":{"line":36,"column":7}},"11":{"start":{"line":37,"column":20},"end":{"line":37,"column":80}},"12":{"start":{"line":38,"column":29},"end":{"line":43,"column":8}},"13":{"start":{"line":44,"column":28},"end":{"line":49,"column":8}},"14":{"start":{"line":50,"column":31},"end":{"line":55,"column":8}},"15":{"start":{"line":56,"column":6},"end":{"line":70,"column":7}},"16":{"start":{"line":57,"column":8},"end":{"line":57,"column":32}},"17":{"start":{"line":58,"column":13},"end":{"line":70,"column":7}},"18":{"start":{"line":59,"column":8},"end":{"line":59,"column":32}},"19":{"start":{"line":60,"column":13},"end":{"line":70,"column":7}},"20":{"start":{"line":61,"column":8},"end":{"line":61,"column":32}},"21":{"start":{"line":62,"column":13},"end":{"line":70,"column":7}},"22":{"start":{"line":63,"column":8},"end":{"line":63,"column":32}},"23":{"start":{"line":64,"column":13},"end":{"line":70,"column":7}},"24":{"start":{"line":65,"column":8},"end":{"line":65,"column":33}},"25":{"start":{"line":66,"column":13},"end":{"line":70,"column":7}},"26":{"start":{"line":67,"column":8},"end":{"line":67,"column":33}},"27":{"start":{"line":68,"column":13},"end":{"line":70,"column":7}},"28":{"start":{"line":69,"column":8},"end":{"line":69,"column":33}},"29":{"start":{"line":71,"column":6},"end":{"line":85,"column":7}},"30":{"start":{"line":72,"column":8},"end":{"line":72,"column":37}},"31":{"start":{"line":73,"column":13},"end":{"line":85,"column":7}},"32":{"start":{"line":74,"column":8},"end":{"line":74,"column":37}},"33":{"start":{"line":75,"column":13},"end":{"line":85,"column":7}},"34":{"start":{"line":76,"column":8},"end":{"line":76,"column":37}},"35":{"start":{"line":77,"column":13},"end":{"line":85,"column":7}},"36":{"start":{"line":78,"column":8},"end":{"line":78,"column":37}},"37":{"start":{"line":79,"column":13},"end":{"line":85,"column":7}},"38":{"start":{"line":80,"column":8},"end":{"line":80,"column":38}},"39":{"start":{"line":81,"column":13},"end":{"line":85,"column":7}},"40":{"start":{"line":82,"column":8},"end":{"line":82,"column":38}},"41":{"start":{"line":83,"column":13},"end":{"line":85,"column":7}},"42":{"start":{"line":84,"column":8},"end":{"line":84,"column":38}},"43":{"start":{"line":86,"column":6},"end":{"line":100,"column":7}},"44":{"start":{"line":87,"column":8},"end":{"line":87,"column":40}},"45":{"start":{"line":88,"column":13},"end":{"line":100,"column":7}},"46":{"start":{"line":89,"column":8},"end":{"line":89,"column":40}},"47":{"start":{"line":90,"column":13},"end":{"line":100,"column":7}},"48":{"start":{"line":91,"column":8},"end":{"line":91,"column":40}},"49":{"start":{"line":92,"column":13},"end":{"line":100,"column":7}},"50":{"start":{"line":93,"column":8},"end":{"line":93,"column":40}},"51":{"start":{"line":94,"column":13},"end":{"line":100,"column":7}},"52":{"start":{"line":95,"column":8},"end":{"line":95,"column":41}},"53":{"start":{"line":96,"column":13},"end":{"line":100,"column":7}},"54":{"start":{"line":97,"column":8},"end":{"line":97,"column":41}},"55":{"start":{"line":98,"column":13},"end":{"line":100,"column":7}},"56":{"start":{"line":99,"column":8},"end":{"line":99,"column":41}},"57":{"start":{"line":101,"column":6},"end":{"line":103,"column":7}},"58":{"start":{"line":102,"column":8},"end":{"line":102,"column":36}},"59":{"start":{"line":104,"column":19},"end":{"line":104,"column":44}},"60":{"start":{"line":105,"column":19},"end":{"line":108,"column":8}},"61":{"start":{"line":109,"column":6},"end":{"line":109,"column":32}},"62":{"start":{"line":111,"column":6},"end":{"line":111,"column":17}},"63":{"start":{"line":115,"column":17},"end":{"line":115,"column":29}},"64":{"start":{"line":116,"column":4},"end":{"line":135,"column":5}},"65":{"start":{"line":117,"column":6},"end":{"line":132,"column":7}},"66":{"start":{"line":118,"column":8},"end":{"line":118,"column":75}},"67":{"start":{"line":120,"column":23},"end":{"line":124,"column":9}},"68":{"start":{"line":125,"column":27},"end":{"line":130,"column":10}},"69":{"start":{"line":131,"column":8},"end":{"line":131,"column":40}},"70":{"start":{"line":134,"column":6},"end":{"line":134,"column":51}},"71":{"start":{"line":138,"column":4},"end":{"line":151,"column":5}},"72":{"start":{"line":139,"column":25},"end":{"line":143,"column":8}},"73":{"start":{"line":144,"column":6},"end":{"line":148,"column":7}},"74":{"start":{"line":145,"column":8},"end":{"line":145,"column":69}},"75":{"start":{"line":147,"column":8},"end":{"line":147,"column":71}},"76":{"start":{"line":150,"column":6},"end":{"line":150,"column":17}},"77":{"start":{"line":155,"column":0},"end":{"line":155,"column":31}}},"fnMap":{"0":{"name":"(anonymous_0)","decl":{"start":{"line":5,"column":2},"end":{"line":5,"column":3}},"loc":{"start":{"line":5,"column":36},"end":{"line":12,"column":3}},"line":5},"1":{"name":"(anonymous_1)","decl":{"start":{"line":13,"column":2},"end":{"line":13,"column":3}},"loc":{"start":{"line":13,"column":42},"end":{"line":25,"column":3}},"line":13},"2":{"name":"(anonymous_2)","decl":{"start":{"line":26,"column":2},"end":{"line":26,"column":3}},"loc":{"start":{"line":26,"column":39},"end":{"line":113,"column":3}},"line":26},"3":{"name":"(anonymous_3)","decl":{"start":{"line":114,"column":2},"end":{"line":114,"column":3}},"loc":{"start":{"line":114,"column":43},"end":{"line":136,"column":3}},"line":114},"4":{"name":"(anonymous_4)","decl":{"start":{"line":137,"column":2},"end":{"line":137,"column":3}},"loc":{"start":{"line":137,"column":42},"end":{"line":152,"column":3}},"line":137}},"branchMap":{"0":{"loc":{"start":{"line":56,"column":6},"end":{"line":70,"column":7}},"type":"if","locations":[{"start":{"line":56,"column":6},"end":{"line":70,"column":7}},{"start":{"line":56,"column":6},"end":{"line":70,"column":7}}],"line":56},"1":{"loc":{"start":{"line":56,"column":10},"end":{"line":56,"column":85}},"type":"binary-expr","locations":[{"start":{"line":56,"column":10},"end":{"line":56,"column":45}},{"start":{"line":56,"column":49},"end":{"line":56,"column":85}}],"line":56},"2":{"loc":{"start":{"line":58,"column":13},"end":{"line":70,"column":7}},"type":"if","locations":[{"start":{"line":58,"column":13},"end":{"line":70,"column":7}},{"start":{"line":58,"column":13},"end":{"line":70,"column":7}}],"line":58},"3":{"loc":{"start":{"line":58,"column":17},"end":{"line":58,"column":92}},"type":"binary-expr","locations":[{"start":{"line":58,"column":17},"end":{"line":58,"column":53}},{"start":{"line":58,"column":57},"end":{"line":58,"column":92}}],"line":58},"4":{"loc":{"start":{"line":60,"column":13},"end":{"line":70,"column":7}},"type":"if","locations":[{"start":{"line":60,"column":13},"end":{"line":70,"column":7}},{"start":{"line":60,"column":13},"end":{"line":70,"column":7}}],"line":60},"5":{"loc":{"start":{"line":60,"column":17},"end":{"line":60,"column":92}},"type":"binary-expr","locations":[{"start":{"line":60,"column":17},"end":{"line":60,"column":53}},{"start":{"line":60,"column":57},"end":{"line":60,"column":92}}],"line":60},"6":{"loc":{"start":{"line":62,"column":13},"end":{"line":70,"column":7}},"type":"if","locations":[{"start":{"line":62,"column":13},"end":{"line":70,"column":7}},{"start":{"line":62,"column":13},"end":{"line":70,"column":7}}],"line":62},"7":{"loc":{"start":{"line":64,"column":13},"end":{"line":70,"column":7}},"type":"if","locations":[{"start":{"line":64,"column":13},"end":{"line":70,"column":7}},{"start":{"line":64,"column":13},"end":{"line":70,"column":7}}],"line":64},"8":{"loc":{"start":{"line":64,"column":17},"end":{"line":64,"column":94}},"type":"binary-expr","locations":[{"start":{"line":64,"column":17},"end":{"line":64,"column":54}},{"start":{"line":64,"column":58},"end":{"line":64,"column":94}}],"line":64},"9":{"loc":{"start":{"line":66,"column":13},"end":{"line":70,"column":7}},"type":"if","locations":[{"start":{"line":66,"column":13},"end":{"line":70,"column":7}},{"start":{"line":66,"column":13},"end":{"line":70,"column":7}}],"line":66},"10":{"loc":{"start":{"line":66,"column":17},"end":{"line":66,"column":95}},"type":"binary-expr","locations":[{"start":{"line":66,"column":17},"end":{"line":66,"column":54}},{"start":{"line":66,"column":58},"end":{"line":66,"column":95}}],"line":66},"11":{"loc":{"start":{"line":68,"column":13},"end":{"line":70,"column":7}},"type":"if","locations":[{"start":{"line":68,"column":13},"end":{"line":70,"column":7}},{"start":{"line":68,"column":13},"end":{"line":70,"column":7}}],"line":68},"12":{"loc":{"start":{"line":71,"column":6},"end":{"line":85,"column":7}},"type":"if","locations":[{"start":{"line":71,"column":6},"end":{"line":85,"column":7}},{"start":{"line":71,"column":6},"end":{"line":85,"column":7}}],"line":71},"13":{"loc":{"start":{"line":71,"column":10},"end":{"line":71,"column":93}},"type":"binary-expr","locations":[{"start":{"line":71,"column":10},"end":{"line":71,"column":49}},{"start":{"line":71,"column":53},"end":{"line":71,"column":93}}],"line":71},"14":{"loc":{"start":{"line":73,"column":13},"end":{"line":85,"column":7}},"type":"if","locations":[{"start":{"line":73,"column":13},"end":{"line":85,"column":7}},{"start":{"line":73,"column":13},"end":{"line":85,"column":7}}],"line":73},"15":{"loc":{"start":{"line":73,"column":17},"end":{"line":73,"column":100}},"type":"binary-expr","locations":[{"start":{"line":73,"column":17},"end":{"line":73,"column":57}},{"start":{"line":73,"column":61},"end":{"line":73,"column":100}}],"line":73},"16":{"loc":{"start":{"line":75,"column":13},"end":{"line":85,"column":7}},"type":"if","locations":[{"start":{"line":75,"column":13},"end":{"line":85,"column":7}},{"start":{"line":75,"column":13},"end":{"line":85,"column":7}}],"line":75},"17":{"loc":{"start":{"line":75,"column":17},"end":{"line":75,"column":100}},"type":"binary-expr","locations":[{"start":{"line":75,"column":17},"end":{"line":75,"column":57}},{"start":{"line":75,"column":61},"end":{"line":75,"column":100}}],"line":75},"18":{"loc":{"start":{"line":77,"column":13},"end":{"line":85,"column":7}},"type":"if","locations":[{"start":{"line":77,"column":13},"end":{"line":85,"column":7}},{"start":{"line":77,"column":13},"end":{"line":85,"column":7}}],"line":77},"19":{"loc":{"start":{"line":79,"column":13},"end":{"line":85,"column":7}},"type":"if","locations":[{"start":{"line":79,"column":13},"end":{"line":85,"column":7}},{"start":{"line":79,"column":13},"end":{"line":85,"column":7}}],"line":79},"20":{"loc":{"start":{"line":79,"column":17},"end":{"line":79,"column":102}},"type":"binary-expr","locations":[{"start":{"line":79,"column":17},"end":{"line":79,"column":58}},{"start":{"line":79,"column":62},"end":{"line":79,"column":102}}],"line":79},"21":{"loc":{"start":{"line":81,"column":13},"end":{"line":85,"column":7}},"type":"if","locations":[{"start":{"line":81,"column":13},"end":{"line":85,"column":7}},{"start":{"line":81,"column":13},"end":{"line":85,"column":7}}],"line":81},"22":{"loc":{"start":{"line":81,"column":17},"end":{"line":81,"column":103}},"type":"binary-expr","locations":[{"start":{"line":81,"column":17},"end":{"line":81,"column":58}},{"start":{"line":81,"column":62},"end":{"line":81,"column":103}}],"line":81},"23":{"loc":{"start":{"line":83,"column":13},"end":{"line":85,"column":7}},"type":"if","locations":[{"start":{"line":83,"column":13},"end":{"line":85,"column":7}},{"start":{"line":83,"column":13},"end":{"line":85,"column":7}}],"line":83},"24":{"loc":{"start":{"line":86,"column":6},"end":{"line":100,"column":7}},"type":"if","locations":[{"start":{"line":86,"column":6},"end":{"line":100,"column":7}},{"start":{"line":86,"column":6},"end":{"line":100,"column":7}}],"line":86},"25":{"loc":{"start":{"line":86,"column":10},"end":{"line":86,"column":105}},"type":"binary-expr","locations":[{"start":{"line":86,"column":10},"end":{"line":86,"column":55}},{"start":{"line":86,"column":59},"end":{"line":86,"column":105}}],"line":86},"26":{"loc":{"start":{"line":88,"column":13},"end":{"line":100,"column":7}},"type":"if","locations":[{"start":{"line":88,"column":13},"end":{"line":100,"column":7}},{"start":{"line":88,"column":13},"end":{"line":100,"column":7}}],"line":88},"27":{"loc":{"start":{"line":88,"column":17},"end":{"line":88,"column":112}},"type":"binary-expr","locations":[{"start":{"line":88,"column":17},"end":{"line":88,"column":63}},{"start":{"line":88,"column":67},"end":{"line":88,"column":112}}],"line":88},"28":{"loc":{"start":{"line":90,"column":13},"end":{"line":100,"column":7}},"type":"if","locations":[{"start":{"line":90,"column":13},"end":{"line":100,"column":7}},{"start":{"line":90,"column":13},"end":{"line":100,"column":7}}],"line":90},"29":{"loc":{"start":{"line":90,"column":17},"end":{"line":90,"column":112}},"type":"binary-expr","locations":[{"start":{"line":90,"column":17},"end":{"line":90,"column":63}},{"start":{"line":90,"column":67},"end":{"line":90,"column":112}}],"line":90},"30":{"loc":{"start":{"line":92,"column":13},"end":{"line":100,"column":7}},"type":"if","locations":[{"start":{"line":92,"column":13},"end":{"line":100,"column":7}},{"start":{"line":92,"column":13},"end":{"line":100,"column":7}}],"line":92},"31":{"loc":{"start":{"line":94,"column":13},"end":{"line":100,"column":7}},"type":"if","locations":[{"start":{"line":94,"column":13},"end":{"line":100,"column":7}},{"start":{"line":94,"column":13},"end":{"line":100,"column":7}}],"line":94},"32":{"loc":{"start":{"line":94,"column":17},"end":{"line":94,"column":114}},"type":"binary-expr","locations":[{"start":{"line":94,"column":17},"end":{"line":94,"column":64}},{"start":{"line":94,"column":68},"end":{"line":94,"column":114}}],"line":94},"33":{"loc":{"start":{"line":96,"column":13},"end":{"line":100,"column":7}},"type":"if","locations":[{"start":{"line":96,"column":13},"end":{"line":100,"column":7}},{"start":{"line":96,"column":13},"end":{"line":100,"column":7}}],"line":96},"34":{"loc":{"start":{"line":96,"column":17},"end":{"line":96,"column":115}},"type":"binary-expr","locations":[{"start":{"line":96,"column":17},"end":{"line":96,"column":64}},{"start":{"line":96,"column":68},"end":{"line":96,"column":115}}],"line":96},"35":{"loc":{"start":{"line":98,"column":13},"end":{"line":100,"column":7}},"type":"if","locations":[{"start":{"line":98,"column":13},"end":{"line":100,"column":7}},{"start":{"line":98,"column":13},"end":{"line":100,"column":7}}],"line":98},"36":{"loc":{"start":{"line":101,"column":6},"end":{"line":103,"column":7}},"type":"if","locations":[{"start":{"line":101,"column":6},"end":{"line":103,"column":7}},{"start":{"line":101,"column":6},"end":{"line":103,"column":7}}],"line":101},"37":{"loc":{"start":{"line":101,"column":9},"end":{"line":101,"column":108}},"type":"binary-expr","locations":[{"start":{"line":101,"column":9},"end":{"line":101,"column":43}},{"start":{"line":101,"column":47},"end":{"line":101,"column":78}},{"start":{"line":101,"column":82},"end":{"line":101,"column":108}}],"line":101},"38":{"loc":{"start":{"line":117,"column":6},"end":{"line":132,"column":7}},"type":"if","locations":[{"start":{"line":117,"column":6},"end":{"line":132,"column":7}},{"start":{"line":117,"column":6},"end":{"line":132,"column":7}}],"line":117},"39":{"loc":{"start":{"line":144,"column":6},"end":{"line":148,"column":7}},"type":"if","locations":[{"start":{"line":144,"column":6},"end":{"line":148,"column":7}},{"start":{"line":144,"column":6},"end":{"line":148,"column":7}}],"line":144}},"s":{"0":4,"1":1,"2":1,"3":1,"4":0,"5":1,"6":1,"7":1,"8":0,"9":3,"10":3,"11":3,"12":3,"13":3,"14":3,"15":3,"16":0,"17":3,"18":0,"19":3,"20":0,"21":3,"22":0,"23":3,"24":2,"25":1,"26":0,"27":1,"28":1,"29":3,"30":2,"31":1,"32":0,"33":1,"34":0,"35":1,"36":0,"37":1,"38":0,"39":1,"40":0,"41":1,"42":1,"43":3,"44":0,"45":3,"46":0,"47":3,"48":0,"49":3,"50":0,"51":3,"52":2,"53":1,"54":0,"55":1,"56":1,"57":3,"58":3,"59":3,"60":2,"61":2,"62":1,"63":3,"64":3,"65":3,"66":1,"67":2,"68":2,"69":1,"70":1,"71":2,"72":2,"73":2,"74":1,"75":1,"76":0,"77":4},"f":{"0":1,"1":1,"2":3,"3":3,"4":2},"b":{"0":[0,3],"1":[3,3],"2":[0,3],"3":[3,0],"4":[0,3],"5":[3,0],"6":[0,3],"7":[2,1],"8":[3,3],"9":[0,1],"10":[1,1],"11":[1,0],"12":[2,1],"13":[3,3],"14":[0,1],"15":[1,0],"16":[0,1],"17":[1,0],"18":[0,1],"19":[0,1],"20":[1,1],"21":[0,1],"22":[1,1],"23":[1,0],"24":[0,3],"25":[3,3],"26":[0,3],"27":[3,0],"28":[0,3],"29":[3,0],"30":[0,3],"31":[2,1],"32":[3,3],"33":[0,1],"34":[1,1],"35":[1,0],"36":[3,0],"37":[3,0,0],"38":[1,2],"39":[1,1]},"_coverageSchema":"1a1c01bbd47fc00a2c39e90264f33305004495a9","hash":"b42baf236e862a83e356a43ec00babae18045328"}
,"C:\\Users\\HP i5\\phase3\\server\\controllers\\DataWHOController.js": {"path":"C:\\Users\\HP i5\\phase3\\server\\controllers\\DataWHOController.js","statementMap":{"0":{"start":{"line":2,"column":51},"end":{"line":2,"column":71}},"1":{"start":{"line":6,"column":8},"end":{"line":11,"column":9}},"2":{"start":{"line":7,"column":25},"end":{"line":7,"column":51}},"3":{"start":{"line":8,"column":12},"end":{"line":8,"column":38}},"4":{"start":{"line":10,"column":12},"end":{"line":10,"column":23}},"5":{"start":{"line":14,"column":8},"end":{"line":19,"column":9}},"6":{"start":{"line":15,"column":25},"end":{"line":15,"column":52}},"7":{"start":{"line":16,"column":12},"end":{"line":16,"column":38}},"8":{"start":{"line":18,"column":12},"end":{"line":18,"column":23}},"9":{"start":{"line":22,"column":8},"end":{"line":27,"column":9}},"10":{"start":{"line":23,"column":25},"end":{"line":23,"column":54}},"11":{"start":{"line":24,"column":12},"end":{"line":24,"column":38}},"12":{"start":{"line":26,"column":12},"end":{"line":26,"column":23}},"13":{"start":{"line":30,"column":0},"end":{"line":30,"column":34}}},"fnMap":{"0":{"name":"(anonymous_0)","decl":{"start":{"line":5,"column":4},"end":{"line":5,"column":5}},"loc":{"start":{"line":5,"column":44},"end":{"line":12,"column":5}},"line":5},"1":{"name":"(anonymous_1)","decl":{"start":{"line":13,"column":4},"end":{"line":13,"column":5}},"loc":{"start":{"line":13,"column":45},"end":{"line":20,"column":5}},"line":13},"2":{"name":"(anonymous_2)","decl":{"start":{"line":21,"column":4},"end":{"line":21,"column":5}},"loc":{"start":{"line":21,"column":47},"end":{"line":28,"column":5}},"line":21}},"branchMap":{},"s":{"0":4,"1":1,"2":1,"3":1,"4":0,"5":1,"6":1,"7":1,"8":0,"9":1,"10":1,"11":1,"12":0,"13":4},"f":{"0":1,"1":1,"2":1},"b":{},"_coverageSchema":"1a1c01bbd47fc00a2c39e90264f33305004495a9","hash":"e25c53426cbbc6bfeec7173193a5f31d9e975ffb"}
,"C:\\Users\\HP i5\\phase3\\server\\controllers\\PerkembanganController.js": {"path":"C:\\Users\\HP i5\\phase3\\server\\controllers\\PerkembanganController.js","statementMap":{"0":{"start":{"line":2,"column":81},"end":{"line":2,"column":107}},"1":{"start":{"line":6,"column":4},"end":{"line":112,"column":5}},"2":{"start":{"line":7,"column":21},"end":{"line":7,"column":38}},"3":{"start":{"line":8,"column":19},"end":{"line":8,"column":46}},"4":{"start":{"line":9,"column":23},"end":{"line":13,"column":7}},"5":{"start":{"line":14,"column":20},"end":{"line":14,"column":78}},"6":{"start":{"line":15,"column":29},"end":{"line":20,"column":8}},"7":{"start":{"line":21,"column":28},"end":{"line":26,"column":8}},"8":{"start":{"line":27,"column":31},"end":{"line":32,"column":8}},"9":{"start":{"line":33,"column":6},"end":{"line":47,"column":7}},"10":{"start":{"line":34,"column":8},"end":{"line":34,"column":36}},"11":{"start":{"line":35,"column":13},"end":{"line":47,"column":7}},"12":{"start":{"line":36,"column":8},"end":{"line":36,"column":36}},"13":{"start":{"line":37,"column":13},"end":{"line":47,"column":7}},"14":{"start":{"line":38,"column":8},"end":{"line":38,"column":36}},"15":{"start":{"line":39,"column":13},"end":{"line":47,"column":7}},"16":{"start":{"line":40,"column":8},"end":{"line":40,"column":36}},"17":{"start":{"line":41,"column":13},"end":{"line":47,"column":7}},"18":{"start":{"line":42,"column":8},"end":{"line":42,"column":37}},"19":{"start":{"line":43,"column":13},"end":{"line":47,"column":7}},"20":{"start":{"line":44,"column":8},"end":{"line":44,"column":37}},"21":{"start":{"line":45,"column":13},"end":{"line":47,"column":7}},"22":{"start":{"line":46,"column":8},"end":{"line":46,"column":37}},"23":{"start":{"line":48,"column":6},"end":{"line":62,"column":7}},"24":{"start":{"line":49,"column":8},"end":{"line":49,"column":41}},"25":{"start":{"line":50,"column":13},"end":{"line":62,"column":7}},"26":{"start":{"line":51,"column":8},"end":{"line":51,"column":41}},"27":{"start":{"line":52,"column":13},"end":{"line":62,"column":7}},"28":{"start":{"line":53,"column":8},"end":{"line":53,"column":41}},"29":{"start":{"line":54,"column":13},"end":{"line":62,"column":7}},"30":{"start":{"line":55,"column":8},"end":{"line":55,"column":41}},"31":{"start":{"line":56,"column":13},"end":{"line":62,"column":7}},"32":{"start":{"line":57,"column":8},"end":{"line":57,"column":42}},"33":{"start":{"line":58,"column":13},"end":{"line":62,"column":7}},"34":{"start":{"line":59,"column":8},"end":{"line":59,"column":42}},"35":{"start":{"line":60,"column":13},"end":{"line":62,"column":7}},"36":{"start":{"line":61,"column":8},"end":{"line":61,"column":42}},"37":{"start":{"line":63,"column":6},"end":{"line":77,"column":7}},"38":{"start":{"line":64,"column":8},"end":{"line":64,"column":44}},"39":{"start":{"line":65,"column":13},"end":{"line":77,"column":7}},"40":{"start":{"line":66,"column":8},"end":{"line":66,"column":44}},"41":{"start":{"line":67,"column":13},"end":{"line":77,"column":7}},"42":{"start":{"line":68,"column":8},"end":{"line":68,"column":44}},"43":{"start":{"line":69,"column":13},"end":{"line":77,"column":7}},"44":{"start":{"line":70,"column":8},"end":{"line":70,"column":44}},"45":{"start":{"line":71,"column":13},"end":{"line":77,"column":7}},"46":{"start":{"line":72,"column":8},"end":{"line":72,"column":45}},"47":{"start":{"line":73,"column":13},"end":{"line":77,"column":7}},"48":{"start":{"line":74,"column":8},"end":{"line":74,"column":45}},"49":{"start":{"line":75,"column":13},"end":{"line":77,"column":7}},"50":{"start":{"line":76,"column":8},"end":{"line":76,"column":45}},"51":{"start":{"line":78,"column":6},"end":{"line":90,"column":7}},"52":{"start":{"line":79,"column":8},"end":{"line":83,"column":9}},"53":{"start":{"line":80,"column":10},"end":{"line":80,"column":42}},"54":{"start":{"line":82,"column":10},"end":{"line":82,"column":49}},"55":{"start":{"line":85,"column":8},"end":{"line":89,"column":9}},"56":{"start":{"line":86,"column":10},"end":{"line":86,"column":38}},"57":{"start":{"line":88,"column":10},"end":{"line":88,"column":44}},"58":{"start":{"line":91,"column":20},"end":{"line":101,"column":7}},"59":{"start":{"line":102,"column":19},"end":{"line":102,"column":51}},"60":{"start":{"line":103,"column":22},"end":{"line":108,"column":8}},"61":{"start":{"line":109,"column":6},"end":{"line":109,"column":41}},"62":{"start":{"line":111,"column":6},"end":{"line":111,"column":17}},"63":{"start":{"line":116,"column":4},"end":{"line":130,"column":5}},"64":{"start":{"line":117,"column":33},"end":{"line":121,"column":8}},"65":{"start":{"line":122,"column":6},"end":{"line":126,"column":7}},"66":{"start":{"line":123,"column":8},"end":{"line":123,"column":79}},"67":{"start":{"line":125,"column":8},"end":{"line":125,"column":84}},"68":{"start":{"line":128,"column":6},"end":{"line":128,"column":24}},"69":{"start":{"line":129,"column":6},"end":{"line":129,"column":17}},"70":{"start":{"line":133,"column":4},"end":{"line":144,"column":5}},"71":{"start":{"line":134,"column":23},"end":{"line":134,"column":38}},"72":{"start":{"line":135,"column":21},"end":{"line":135,"column":38}},"73":{"start":{"line":136,"column":21},"end":{"line":139,"column":7}},"74":{"start":{"line":140,"column":19},"end":{"line":140,"column":48}},"75":{"start":{"line":141,"column":6},"end":{"line":141,"column":32}},"76":{"start":{"line":143,"column":6},"end":{"line":143,"column":17}},"77":{"start":{"line":147,"column":4},"end":{"line":158,"column":5}},"78":{"start":{"line":148,"column":21},"end":{"line":148,"column":38}},"79":{"start":{"line":149,"column":6},"end":{"line":149,"column":35}},"80":{"start":{"line":150,"column":19},"end":{"line":154,"column":8}},"81":{"start":{"line":155,"column":6},"end":{"line":155,"column":76}},"82":{"start":{"line":157,"column":6},"end":{"line":157,"column":17}},"83":{"start":{"line":162,"column":0},"end":{"line":162,"column":39}}},"fnMap":{"0":{"name":"(anonymous_0)","decl":{"start":{"line":5,"column":2},"end":{"line":5,"column":3}},"loc":{"start":{"line":5,"column":47},"end":{"line":113,"column":3}},"line":5},"1":{"name":"(anonymous_1)","decl":{"start":{"line":115,"column":2},"end":{"line":115,"column":3}},"loc":{"start":{"line":115,"column":50},"end":{"line":131,"column":3}},"line":115},"2":{"name":"(anonymous_2)","decl":{"start":{"line":132,"column":2},"end":{"line":132,"column":3}},"loc":{"start":{"line":132,"column":47},"end":{"line":145,"column":3}},"line":132},"3":{"name":"(anonymous_3)","decl":{"start":{"line":146,"column":2},"end":{"line":146,"column":3}},"loc":{"start":{"line":146,"column":50},"end":{"line":159,"column":3}},"line":146}},"branchMap":{"0":{"loc":{"start":{"line":33,"column":6},"end":{"line":47,"column":7}},"type":"if","locations":[{"start":{"line":33,"column":6},"end":{"line":47,"column":7}},{"start":{"line":33,"column":6},"end":{"line":47,"column":7}}],"line":33},"1":{"loc":{"start":{"line":33,"column":10},"end":{"line":33,"column":93}},"type":"binary-expr","locations":[{"start":{"line":33,"column":10},"end":{"line":33,"column":49}},{"start":{"line":33,"column":53},"end":{"line":33,"column":93}}],"line":33},"2":{"loc":{"start":{"line":35,"column":13},"end":{"line":47,"column":7}},"type":"if","locations":[{"start":{"line":35,"column":13},"end":{"line":47,"column":7}},{"start":{"line":35,"column":13},"end":{"line":47,"column":7}}],"line":35},"3":{"loc":{"start":{"line":35,"column":17},"end":{"line":35,"column":100}},"type":"binary-expr","locations":[{"start":{"line":35,"column":17},"end":{"line":35,"column":57}},{"start":{"line":35,"column":61},"end":{"line":35,"column":100}}],"line":35},"4":{"loc":{"start":{"line":37,"column":13},"end":{"line":47,"column":7}},"type":"if","locations":[{"start":{"line":37,"column":13},"end":{"line":47,"column":7}},{"start":{"line":37,"column":13},"end":{"line":47,"column":7}}],"line":37},"5":{"loc":{"start":{"line":37,"column":17},"end":{"line":37,"column":100}},"type":"binary-expr","locations":[{"start":{"line":37,"column":17},"end":{"line":37,"column":57}},{"start":{"line":37,"column":61},"end":{"line":37,"column":100}}],"line":37},"6":{"loc":{"start":{"line":39,"column":13},"end":{"line":47,"column":7}},"type":"if","locations":[{"start":{"line":39,"column":13},"end":{"line":47,"column":7}},{"start":{"line":39,"column":13},"end":{"line":47,"column":7}}],"line":39},"7":{"loc":{"start":{"line":41,"column":13},"end":{"line":47,"column":7}},"type":"if","locations":[{"start":{"line":41,"column":13},"end":{"line":47,"column":7}},{"start":{"line":41,"column":13},"end":{"line":47,"column":7}}],"line":41},"8":{"loc":{"start":{"line":41,"column":17},"end":{"line":41,"column":102}},"type":"binary-expr","locations":[{"start":{"line":41,"column":17},"end":{"line":41,"column":58}},{"start":{"line":41,"column":62},"end":{"line":41,"column":102}}],"line":41},"9":{"loc":{"start":{"line":43,"column":13},"end":{"line":47,"column":7}},"type":"if","locations":[{"start":{"line":43,"column":13},"end":{"line":47,"column":7}},{"start":{"line":43,"column":13},"end":{"line":47,"column":7}}],"line":43},"10":{"loc":{"start":{"line":43,"column":17},"end":{"line":43,"column":103}},"type":"binary-expr","locations":[{"start":{"line":43,"column":17},"end":{"line":43,"column":58}},{"start":{"line":43,"column":62},"end":{"line":43,"column":103}}],"line":43},"11":{"loc":{"start":{"line":45,"column":13},"end":{"line":47,"column":7}},"type":"if","locations":[{"start":{"line":45,"column":13},"end":{"line":47,"column":7}},{"start":{"line":45,"column":13},"end":{"line":47,"column":7}}],"line":45},"12":{"loc":{"start":{"line":48,"column":6},"end":{"line":62,"column":7}},"type":"if","locations":[{"start":{"line":48,"column":6},"end":{"line":62,"column":7}},{"start":{"line":48,"column":6},"end":{"line":62,"column":7}}],"line":48},"13":{"loc":{"start":{"line":48,"column":10},"end":{"line":48,"column":101}},"type":"binary-expr","locations":[{"start":{"line":48,"column":10},"end":{"line":48,"column":53}},{"start":{"line":48,"column":57},"end":{"line":48,"column":101}}],"line":48},"14":{"loc":{"start":{"line":50,"column":13},"end":{"line":62,"column":7}},"type":"if","locations":[{"start":{"line":50,"column":13},"end":{"line":62,"column":7}},{"start":{"line":50,"column":13},"end":{"line":62,"column":7}}],"line":50},"15":{"loc":{"start":{"line":50,"column":17},"end":{"line":50,"column":108}},"type":"binary-expr","locations":[{"start":{"line":50,"column":17},"end":{"line":50,"column":61}},{"start":{"line":50,"column":65},"end":{"line":50,"column":108}}],"line":50},"16":{"loc":{"start":{"line":52,"column":13},"end":{"line":62,"column":7}},"type":"if","locations":[{"start":{"line":52,"column":13},"end":{"line":62,"column":7}},{"start":{"line":52,"column":13},"end":{"line":62,"column":7}}],"line":52},"17":{"loc":{"start":{"line":52,"column":17},"end":{"line":52,"column":108}},"type":"binary-expr","locations":[{"start":{"line":52,"column":17},"end":{"line":52,"column":61}},{"start":{"line":52,"column":65},"end":{"line":52,"column":108}}],"line":52},"18":{"loc":{"start":{"line":54,"column":13},"end":{"line":62,"column":7}},"type":"if","locations":[{"start":{"line":54,"column":13},"end":{"line":62,"column":7}},{"start":{"line":54,"column":13},"end":{"line":62,"column":7}}],"line":54},"19":{"loc":{"start":{"line":56,"column":13},"end":{"line":62,"column":7}},"type":"if","locations":[{"start":{"line":56,"column":13},"end":{"line":62,"column":7}},{"start":{"line":56,"column":13},"end":{"line":62,"column":7}}],"line":56},"20":{"loc":{"start":{"line":56,"column":17},"end":{"line":56,"column":110}},"type":"binary-expr","locations":[{"start":{"line":56,"column":17},"end":{"line":56,"column":62}},{"start":{"line":56,"column":66},"end":{"line":56,"column":110}}],"line":56},"21":{"loc":{"start":{"line":58,"column":13},"end":{"line":62,"column":7}},"type":"if","locations":[{"start":{"line":58,"column":13},"end":{"line":62,"column":7}},{"start":{"line":58,"column":13},"end":{"line":62,"column":7}}],"line":58},"22":{"loc":{"start":{"line":58,"column":17},"end":{"line":58,"column":111}},"type":"binary-expr","locations":[{"start":{"line":58,"column":17},"end":{"line":58,"column":62}},{"start":{"line":58,"column":66},"end":{"line":58,"column":111}}],"line":58},"23":{"loc":{"start":{"line":60,"column":13},"end":{"line":62,"column":7}},"type":"if","locations":[{"start":{"line":60,"column":13},"end":{"line":62,"column":7}},{"start":{"line":60,"column":13},"end":{"line":62,"column":7}}],"line":60},"24":{"loc":{"start":{"line":63,"column":6},"end":{"line":77,"column":7}},"type":"if","locations":[{"start":{"line":63,"column":6},"end":{"line":77,"column":7}},{"start":{"line":63,"column":6},"end":{"line":77,"column":7}}],"line":63},"25":{"loc":{"start":{"line":63,"column":10},"end":{"line":63,"column":113}},"type":"binary-expr","locations":[{"start":{"line":63,"column":10},"end":{"line":63,"column":59}},{"start":{"line":63,"column":63},"end":{"line":63,"column":113}}],"line":63},"26":{"loc":{"start":{"line":65,"column":13},"end":{"line":77,"column":7}},"type":"if","locations":[{"start":{"line":65,"column":13},"end":{"line":77,"column":7}},{"start":{"line":65,"column":13},"end":{"line":77,"column":7}}],"line":65},"27":{"loc":{"start":{"line":65,"column":17},"end":{"line":65,"column":120}},"type":"binary-expr","locations":[{"start":{"line":65,"column":17},"end":{"line":65,"column":67}},{"start":{"line":65,"column":71},"end":{"line":65,"column":120}}],"line":65},"28":{"loc":{"start":{"line":67,"column":13},"end":{"line":77,"column":7}},"type":"if","locations":[{"start":{"line":67,"column":13},"end":{"line":77,"column":7}},{"start":{"line":67,"column":13},"end":{"line":77,"column":7}}],"line":67},"29":{"loc":{"start":{"line":67,"column":17},"end":{"line":67,"column":120}},"type":"binary-expr","locations":[{"start":{"line":67,"column":17},"end":{"line":67,"column":67}},{"start":{"line":67,"column":71},"end":{"line":67,"column":120}}],"line":67},"30":{"loc":{"start":{"line":69,"column":13},"end":{"line":77,"column":7}},"type":"if","locations":[{"start":{"line":69,"column":13},"end":{"line":77,"column":7}},{"start":{"line":69,"column":13},"end":{"line":77,"column":7}}],"line":69},"31":{"loc":{"start":{"line":71,"column":13},"end":{"line":77,"column":7}},"type":"if","locations":[{"start":{"line":71,"column":13},"end":{"line":77,"column":7}},{"start":{"line":71,"column":13},"end":{"line":77,"column":7}}],"line":71},"32":{"loc":{"start":{"line":71,"column":17},"end":{"line":71,"column":122}},"type":"binary-expr","locations":[{"start":{"line":71,"column":17},"end":{"line":71,"column":68}},{"start":{"line":71,"column":72},"end":{"line":71,"column":122}}],"line":71},"33":{"loc":{"start":{"line":73,"column":13},"end":{"line":77,"column":7}},"type":"if","locations":[{"start":{"line":73,"column":13},"end":{"line":77,"column":7}},{"start":{"line":73,"column":13},"end":{"line":77,"column":7}}],"line":73},"34":{"loc":{"start":{"line":73,"column":17},"end":{"line":73,"column":123}},"type":"binary-expr","locations":[{"start":{"line":73,"column":17},"end":{"line":73,"column":68}},{"start":{"line":73,"column":72},"end":{"line":73,"column":123}}],"line":73},"35":{"loc":{"start":{"line":75,"column":13},"end":{"line":77,"column":7}},"type":"if","locations":[{"start":{"line":75,"column":13},"end":{"line":77,"column":7}},{"start":{"line":75,"column":13},"end":{"line":77,"column":7}}],"line":75},"36":{"loc":{"start":{"line":78,"column":6},"end":{"line":90,"column":7}},"type":"if","locations":[{"start":{"line":78,"column":6},"end":{"line":90,"column":7}},{"start":{"line":78,"column":6},"end":{"line":90,"column":7}}],"line":78},"37":{"loc":{"start":{"line":78,"column":9},"end":{"line":78,"column":120}},"type":"binary-expr","locations":[{"start":{"line":78,"column":9},"end":{"line":78,"column":44}},{"start":{"line":78,"column":48},"end":{"line":78,"column":86}},{"start":{"line":78,"column":90},"end":{"line":78,"column":120}}],"line":78},"38":{"loc":{"start":{"line":79,"column":8},"end":{"line":83,"column":9}},"type":"if","locations":[{"start":{"line":79,"column":8},"end":{"line":83,"column":9}},{"start":{"line":79,"column":8},"end":{"line":83,"column":9}}],"line":79},"39":{"loc":{"start":{"line":85,"column":8},"end":{"line":89,"column":9}},"type":"if","locations":[{"start":{"line":85,"column":8},"end":{"line":89,"column":9}},{"start":{"line":85,"column":8},"end":{"line":89,"column":9}}],"line":85},"40":{"loc":{"start":{"line":122,"column":6},"end":{"line":126,"column":7}},"type":"if","locations":[{"start":{"line":122,"column":6},"end":{"line":126,"column":7}},{"start":{"line":122,"column":6},"end":{"line":126,"column":7}}],"line":122}},"s":{"0":4,"1":3,"2":3,"3":3,"4":3,"5":3,"6":3,"7":3,"8":3,"9":3,"10":0,"11":3,"12":0,"13":3,"14":0,"15":3,"16":0,"17":3,"18":0,"19":3,"20":0,"21":3,"22":0,"23":3,"24":2,"25":1,"26":0,"27":1,"28":0,"29":1,"30":0,"31":1,"32":0,"33":1,"34":0,"35":1,"36":1,"37":3,"38":0,"39":3,"40":0,"41":3,"42":0,"43":3,"44":0,"45":3,"46":2,"47":1,"48":0,"49":1,"50":1,"51":3,"52":3,"53":1,"54":2,"55":0,"56":0,"57":0,"58":3,"59":3,"60":3,"61":3,"62":0,"63":1,"64":1,"65":1,"66":1,"67":0,"68":0,"69":0,"70":1,"71":1,"72":1,"73":1,"74":1,"75":1,"76":0,"77":1,"78":1,"79":1,"80":1,"81":1,"82":0,"83":4},"f":{"0":3,"1":1,"2":1,"3":1},"b":{"0":[0,3],"1":[3,0],"2":[0,3],"3":[3,0],"4":[0,3],"5":[3,0],"6":[0,3],"7":[0,3],"8":[3,0],"9":[0,3],"10":[3,0],"11":[0,3],"12":[2,1],"13":[3,3],"14":[0,1],"15":[1,0],"16":[0,1],"17":[1,0],"18":[0,1],"19":[0,1],"20":[1,1],"21":[0,1],"22":[1,1],"23":[1,0],"24":[0,3],"25":[3,3],"26":[0,3],"27":[3,0],"28":[0,3],"29":[3,0],"30":[0,3],"31":[2,1],"32":[3,3],"33":[0,1],"34":[1,1],"35":[1,0],"36":[3,0],"37":[3,2,0],"38":[1,2],"39":[0,0],"40":[1,0]},"_coverageSchema":"1a1c01bbd47fc00a2c39e90264f33305004495a9","hash":"44174830499f2e74886f6f3f8d046b030a223b2d"}
,"C:\\Users\\HP i5\\phase3\\server\\controllers\\UserController.js": {"path":"C:\\Users\\HP i5\\phase3\\server\\controllers\\UserController.js","statementMap":{"0":{"start":{"line":2,"column":24},"end":{"line":2,"column":50}},"1":{"start":{"line":3,"column":22},"end":{"line":3,"column":47}},"2":{"start":{"line":4,"column":33},"end":{"line":4,"column":59}},"3":{"start":{"line":5,"column":16},"end":{"line":5,"column":36}},"4":{"start":{"line":9,"column":4},"end":{"line":20,"column":5}},"5":{"start":{"line":10,"column":19},"end":{"line":16,"column":8}},"6":{"start":{"line":17,"column":6},"end":{"line":17,"column":32}},"7":{"start":{"line":19,"column":6},"end":{"line":19,"column":17}},"8":{"start":{"line":23,"column":4},"end":{"line":32,"column":5}},"9":{"start":{"line":24,"column":19},"end":{"line":28,"column":8}},"10":{"start":{"line":29,"column":6},"end":{"line":29,"column":32}},"11":{"start":{"line":31,"column":6},"end":{"line":31,"column":17}},"12":{"start":{"line":35,"column":4},"end":{"line":44,"column":5}},"13":{"start":{"line":36,"column":19},"end":{"line":40,"column":8}},"14":{"start":{"line":41,"column":6},"end":{"line":41,"column":32}},"15":{"start":{"line":43,"column":6},"end":{"line":43,"column":17}},"16":{"start":{"line":47,"column":4},"end":{"line":62,"column":5}},"17":{"start":{"line":48,"column":19},"end":{"line":57,"column":7}},"18":{"start":{"line":58,"column":19},"end":{"line":58,"column":44}},"19":{"start":{"line":59,"column":6},"end":{"line":59,"column":32}},"20":{"start":{"line":61,"column":6},"end":{"line":61,"column":17}},"21":{"start":{"line":65,"column":4},"end":{"line":85,"column":5}},"22":{"start":{"line":66,"column":19},"end":{"line":75,"column":7}},"23":{"start":{"line":76,"column":19},"end":{"line":81,"column":8}},"24":{"start":{"line":82,"column":6},"end":{"line":82,"column":38}},"25":{"start":{"line":84,"column":6},"end":{"line":84,"column":17}},"26":{"start":{"line":88,"column":4},"end":{"line":101,"column":5}},"27":{"start":{"line":89,"column":25},"end":{"line":93,"column":8}},"28":{"start":{"line":94,"column":6},"end":{"line":98,"column":7}},"29":{"start":{"line":95,"column":8},"end":{"line":95,"column":62}},"30":{"start":{"line":97,"column":8},"end":{"line":97,"column":56}},"31":{"start":{"line":100,"column":6},"end":{"line":100,"column":17}},"32":{"start":{"line":104,"column":4},"end":{"line":127,"column":5}},"33":{"start":{"line":105,"column":22},"end":{"line":108,"column":7}},"34":{"start":{"line":109,"column":19},"end":{"line":113,"column":8}},"35":{"start":{"line":114,"column":6},"end":{"line":124,"column":7}},"36":{"start":{"line":115,"column":8},"end":{"line":115,"column":68}},"37":{"start":{"line":116,"column":13},"end":{"line":124,"column":7}},"38":{"start":{"line":117,"column":8},"end":{"line":117,"column":68}},"39":{"start":{"line":119,"column":29},"end":{"line":119,"column":97}},"40":{"start":{"line":120,"column":8},"end":{"line":123,"column":10}},"41":{"start":{"line":126,"column":6},"end":{"line":126,"column":17}},"42":{"start":{"line":130,"column":3},"end":{"line":134,"column":4}},"43":{"start":{"line":131,"column":18},"end":{"line":131,"column":55}},"44":{"start":{"line":133,"column":5},"end":{"line":133,"column":14}},"45":{"start":{"line":137,"column":19},"end":{"line":137,"column":36}},"46":{"start":{"line":138,"column":4},"end":{"line":152,"column":5}},"47":{"start":{"line":139,"column":6},"end":{"line":149,"column":7}},"48":{"start":{"line":140,"column":8},"end":{"line":140,"column":76}},"49":{"start":{"line":142,"column":24},"end":{"line":142,"column":51}},"50":{"start":{"line":143,"column":21},"end":{"line":146,"column":9}},"51":{"start":{"line":147,"column":25},"end":{"line":147,"column":52}},"52":{"start":{"line":148,"column":8},"end":{"line":148,"column":38}},"53":{"start":{"line":151,"column":6},"end":{"line":151,"column":17}},"54":{"start":{"line":157,"column":0},"end":{"line":157,"column":31}}},"fnMap":{"0":{"name":"(anonymous_0)","decl":{"start":{"line":8,"column":2},"end":{"line":8,"column":3}},"loc":{"start":{"line":8,"column":42},"end":{"line":21,"column":3}},"line":8},"1":{"name":"(anonymous_1)","decl":{"start":{"line":22,"column":2},"end":{"line":22,"column":3}},"loc":{"start":{"line":22,"column":44},"end":{"line":33,"column":3}},"line":22},"2":{"name":"(anonymous_2)","decl":{"start":{"line":34,"column":2},"end":{"line":34,"column":3}},"loc":{"start":{"line":34,"column":43},"end":{"line":45,"column":3}},"line":34},"3":{"name":"(anonymous_3)","decl":{"start":{"line":46,"column":2},"end":{"line":46,"column":3}},"loc":{"start":{"line":46,"column":35},"end":{"line":63,"column":3}},"line":46},"4":{"name":"(anonymous_4)","decl":{"start":{"line":64,"column":2},"end":{"line":64,"column":3}},"loc":{"start":{"line":64,"column":40},"end":{"line":86,"column":3}},"line":64},"5":{"name":"(anonymous_5)","decl":{"start":{"line":87,"column":2},"end":{"line":87,"column":3}},"loc":{"start":{"line":87,"column":42},"end":{"line":102,"column":3}},"line":87},"6":{"name":"(anonymous_6)","decl":{"start":{"line":103,"column":2},"end":{"line":103,"column":3}},"loc":{"start":{"line":103,"column":37},"end":{"line":128,"column":3}},"line":103},"7":{"name":"(anonymous_7)","decl":{"start":{"line":129,"column":2},"end":{"line":129,"column":3}},"loc":{"start":{"line":129,"column":42},"end":{"line":135,"column":3}},"line":129},"8":{"name":"(anonymous_8)","decl":{"start":{"line":136,"column":2},"end":{"line":136,"column":3}},"loc":{"start":{"line":136,"column":43},"end":{"line":153,"column":3}},"line":136}},"branchMap":{"0":{"loc":{"start":{"line":94,"column":6},"end":{"line":98,"column":7}},"type":"if","locations":[{"start":{"line":94,"column":6},"end":{"line":98,"column":7}},{"start":{"line":94,"column":6},"end":{"line":98,"column":7}}],"line":94},"1":{"loc":{"start":{"line":114,"column":6},"end":{"line":124,"column":7}},"type":"if","locations":[{"start":{"line":114,"column":6},"end":{"line":124,"column":7}},{"start":{"line":114,"column":6},"end":{"line":124,"column":7}}],"line":114},"2":{"loc":{"start":{"line":116,"column":13},"end":{"line":124,"column":7}},"type":"if","locations":[{"start":{"line":116,"column":13},"end":{"line":124,"column":7}},{"start":{"line":116,"column":13},"end":{"line":124,"column":7}}],"line":116},"3":{"loc":{"start":{"line":139,"column":6},"end":{"line":149,"column":7}},"type":"if","locations":[{"start":{"line":139,"column":6},"end":{"line":149,"column":7}},{"start":{"line":139,"column":6},"end":{"line":149,"column":7}}],"line":139}},"s":{"0":4,"1":4,"2":4,"3":4,"4":1,"5":1,"6":1,"7":0,"8":1,"9":1,"10":1,"11":0,"12":1,"13":1,"14":1,"15":0,"16":1,"17":1,"18":1,"19":1,"20":0,"21":0,"22":0,"23":0,"24":0,"25":0,"26":0,"27":0,"28":0,"29":0,"30":0,"31":0,"32":3,"33":3,"34":3,"35":3,"36":1,"37":2,"38":2,"39":0,"40":0,"41":0,"42":0,"43":0,"44":0,"45":0,"46":0,"47":0,"48":0,"49":0,"50":0,"51":0,"52":0,"53":0,"54":4},"f":{"0":1,"1":1,"2":1,"3":1,"4":0,"5":0,"6":3,"7":0,"8":0},"b":{"0":[0,0],"1":[1,2],"2":[2,0],"3":[0,0]},"_coverageSchema":"1a1c01bbd47fc00a2c39e90264f33305004495a9","hash":"8770c9556a5dbf21b2adf200f2b7329fb09b3bc7"}
,"C:\\Users\\HP i5\\phase3\\server\\helpers\\hash.js": {"path":"C:\\Users\\HP i5\\phase3\\server\\helpers\\hash.js","statementMap":{"0":{"start":{"line":2,"column":15},"end":{"line":2,"column":32}},"1":{"start":{"line":5,"column":2},"end":{"line":5,"column":37}},"2":{"start":{"line":9,"column":2},"end":{"line":9,"column":44}},"3":{"start":{"line":12,"column":0},"end":{"line":15,"column":1}}},"fnMap":{"0":{"name":"makeHash","decl":{"start":{"line":4,"column":9},"end":{"line":4,"column":17}},"loc":{"start":{"line":4,"column":27},"end":{"line":6,"column":1}},"line":4},"1":{"name":"compareHash","decl":{"start":{"line":8,"column":9},"end":{"line":8,"column":20}},"loc":{"start":{"line":8,"column":38},"end":{"line":10,"column":1}},"line":8}},"branchMap":{},"s":{"0":4,"1":15,"2":2,"3":4},"f":{"0":15,"1":2},"b":{},"_coverageSchema":"1a1c01bbd47fc00a2c39e90264f33305004495a9","hash":"783bf44f22946b37bbb9ef3224f1df689a528aa1"}
,"C:\\Users\\HP i5\\phase3\\server\\helpers\\jwt.js": {"path":"C:\\Users\\HP i5\\phase3\\server\\helpers\\jwt.js","statementMap":{"0":{"start":{"line":3,"column":21},"end":{"line":3,"column":44}},"1":{"start":{"line":6,"column":16},"end":{"line":6,"column":75}},"2":{"start":{"line":7,"column":2},"end":{"line":7,"column":14}},"3":{"start":{"line":11,"column":18},"end":{"line":11,"column":77}},"4":{"start":{"line":12,"column":2},"end":{"line":12,"column":16}},"5":{"start":{"line":15,"column":0},"end":{"line":18,"column":1}}},"fnMap":{"0":{"name":"signToken","decl":{"start":{"line":5,"column":9},"end":{"line":5,"column":18}},"loc":{"start":{"line":5,"column":28},"end":{"line":8,"column":1}},"line":5},"1":{"name":"verifyToken","decl":{"start":{"line":10,"column":9},"end":{"line":10,"column":20}},"loc":{"start":{"line":10,"column":28},"end":{"line":13,"column":1}},"line":10}},"branchMap":{"0":{"loc":{"start":{"line":6,"column":43},"end":{"line":6,"column":74}},"type":"binary-expr","locations":[{"start":{"line":6,"column":43},"end":{"line":6,"column":61}},{"start":{"line":6,"column":65},"end":{"line":6,"column":74}}],"line":6},"1":{"loc":{"start":{"line":11,"column":45},"end":{"line":11,"column":76}},"type":"binary-expr","locations":[{"start":{"line":11,"column":45},"end":{"line":11,"column":63}},{"start":{"line":11,"column":67},"end":{"line":11,"column":76}}],"line":11}},"s":{"0":4,"1":6,"2":6,"3":21,"4":17,"5":4},"f":{"0":6,"1":21},"b":{"0":[6,6],"1":[21,21]},"_coverageSchema":"1a1c01bbd47fc00a2c39e90264f33305004495a9","hash":"8dce154e694567522f6610607e2e9d4c5eb6a373"}
,"C:\\Users\\HP i5\\phase3\\server\\middlewares\\auth.js": {"path":"C:\\Users\\HP i5\\phase3\\server\\middlewares\\auth.js","statementMap":{"0":{"start":{"line":2,"column":24},"end":{"line":2,"column":49}},"1":{"start":{"line":3,"column":17},"end":{"line":3,"column":43}},"2":{"start":{"line":5,"column":23},"end":{"line":18,"column":1}},"3":{"start":{"line":6,"column":4},"end":{"line":17,"column":5}},"4":{"start":{"line":7,"column":24},"end":{"line":7,"column":61}},"5":{"start":{"line":8,"column":21},"end":{"line":12,"column":10}},"6":{"start":{"line":13,"column":8},"end":{"line":13,"column":27}},"7":{"start":{"line":14,"column":8},"end":{"line":14,"column":14}},"8":{"start":{"line":16,"column":8},"end":{"line":16,"column":19}},"9":{"start":{"line":20,"column":0},"end":{"line":20,"column":31}}},"fnMap":{"0":{"name":"(anonymous_0)","decl":{"start":{"line":5,"column":23},"end":{"line":5,"column":24}},"loc":{"start":{"line":5,"column":49},"end":{"line":18,"column":1}},"line":5}},"branchMap":{},"s":{"0":4,"1":4,"2":4,"3":21,"4":21,"5":17,"6":17,"7":17,"8":4,"9":4},"f":{"0":21},"b":{},"_coverageSchema":"1a1c01bbd47fc00a2c39e90264f33305004495a9","hash":"8eb5166f28bf67a10558ad4ea1d5fb2e26ef2519"}
,"C:\\Users\\HP i5\\phase3\\server\\middlewares\\errHandler.js": {"path":"C:\\Users\\HP i5\\phase3\\server\\middlewares\\errHandler.js","statementMap":{"0":{"start":{"line":4,"column":16},"end":{"line":4,"column":54}},"1":{"start":{"line":5,"column":19},"end":{"line":5,"column":38}},"2":{"start":{"line":6,"column":15},"end":{"line":6,"column":17}},"3":{"start":{"line":8,"column":2},"end":{"line":32,"column":3}},"4":{"start":{"line":9,"column":4},"end":{"line":9,"column":25}},"5":{"start":{"line":10,"column":4},"end":{"line":10,"column":20}},"6":{"start":{"line":13,"column":7},"end":{"line":32,"column":3}},"7":{"start":{"line":14,"column":4},"end":{"line":14,"column":25}},"8":{"start":{"line":15,"column":4},"end":{"line":15,"column":20}},"9":{"start":{"line":18,"column":7},"end":{"line":32,"column":3}},"10":{"start":{"line":19,"column":4},"end":{"line":21,"column":6}},"11":{"start":{"line":20,"column":6},"end":{"line":20,"column":34}},"12":{"start":{"line":22,"column":4},"end":{"line":22,"column":20}},"13":{"start":{"line":25,"column":7},"end":{"line":32,"column":3}},"14":{"start":{"line":26,"column":4},"end":{"line":26,"column":50}},"15":{"start":{"line":29,"column":7},"end":{"line":32,"column":3}},"16":{"start":{"line":30,"column":4},"end":{"line":30,"column":50}},"17":{"start":{"line":31,"column":4},"end":{"line":31,"column":20}},"18":{"start":{"line":33,"column":2},"end":{"line":33,"column":39}},"19":{"start":{"line":36,"column":0},"end":{"line":36,"column":29}}},"fnMap":{"0":{"name":"errorHandler","decl":{"start":{"line":3,"column":9},"end":{"line":3,"column":21}},"loc":{"start":{"line":3,"column":43},"end":{"line":34,"column":1}},"line":3},"1":{"name":"(anonymous_1)","decl":{"start":{"line":19,"column":29},"end":{"line":19,"column":30}},"loc":{"start":{"line":19,"column":40},"end":{"line":21,"column":5}},"line":19}},"branchMap":{"0":{"loc":{"start":{"line":4,"column":16},"end":{"line":4,"column":54}},"type":"binary-expr","locations":[{"start":{"line":4,"column":16},"end":{"line":4,"column":27}},{"start":{"line":4,"column":31},"end":{"line":4,"column":54}}],"line":4},"1":{"loc":{"start":{"line":5,"column":19},"end":{"line":5,"column":38}},"type":"binary-expr","locations":[{"start":{"line":5,"column":19},"end":{"line":5,"column":31}},{"start":{"line":5,"column":35},"end":{"line":5,"column":38}}],"line":5},"2":{"loc":{"start":{"line":8,"column":2},"end":{"line":32,"column":3}},"type":"if","locations":[{"start":{"line":8,"column":2},"end":{"line":32,"column":3}},{"start":{"line":8,"column":2},"end":{"line":32,"column":3}}],"line":8},"3":{"loc":{"start":{"line":13,"column":7},"end":{"line":32,"column":3}},"type":"if","locations":[{"start":{"line":13,"column":7},"end":{"line":32,"column":3}},{"start":{"line":13,"column":7},"end":{"line":32,"column":3}}],"line":13},"4":{"loc":{"start":{"line":18,"column":7},"end":{"line":32,"column":3}},"type":"if","locations":[{"start":{"line":18,"column":7},"end":{"line":32,"column":3}},{"start":{"line":18,"column":7},"end":{"line":32,"column":3}}],"line":18},"5":{"loc":{"start":{"line":25,"column":7},"end":{"line":32,"column":3}},"type":"if","locations":[{"start":{"line":25,"column":7},"end":{"line":32,"column":3}},{"start":{"line":25,"column":7},"end":{"line":32,"column":3}}],"line":25},"6":{"loc":{"start":{"line":29,"column":7},"end":{"line":32,"column":3}},"type":"if","locations":[{"start":{"line":29,"column":7},"end":{"line":32,"column":3}},{"start":{"line":29,"column":7},"end":{"line":32,"column":3}}],"line":29}},"s":{"0":5,"1":5,"2":5,"3":5,"4":0,"5":0,"6":5,"7":0,"8":0,"9":5,"10":1,"11":1,"12":1,"13":4,"14":0,"15":4,"16":4,"17":4,"18":5,"19":4},"f":{"0":5,"1":1},"b":{"0":[5,0],"1":[5,5],"2":[0,5],"3":[0,5],"4":[1,4],"5":[0,4],"6":[4,0]},"_coverageSchema":"1a1c01bbd47fc00a2c39e90264f33305004495a9","hash":"0c503ee01f09fe235f1295e236f86fc9a7928fae"}
,"C:\\Users\\HP i5\\phase3\\server\\models\\bayi.js": {"path":"C:\\Users\\HP i5\\phase3\\server\\models\\bayi.js","statementMap":{"0":{"start":{"line":2,"column":23},"end":{"line":2,"column":36}},"1":{"start":{"line":3,"column":18},"end":{"line":3,"column":38}},"2":{"start":{"line":4,"column":0},"end":{"line":73,"column":1}},"3":{"start":{"line":14,"column":6},"end":{"line":14,"column":67}},"4":{"start":{"line":15,"column":6},"end":{"line":18,"column":8}},"5":{"start":{"line":19,"column":6},"end":{"line":22,"column":8}},"6":{"start":{"line":25,"column":2},"end":{"line":71,"column":3}},"7":{"start":{"line":72,"column":2},"end":{"line":72,"column":13}}},"fnMap":{"0":{"name":"(anonymous_0)","decl":{"start":{"line":4,"column":17},"end":{"line":4,"column":18}},"loc":{"start":{"line":4,"column":43},"end":{"line":73,"column":1}},"line":4},"1":{"name":"(anonymous_1)","decl":{"start":{"line":11,"column":4},"end":{"line":11,"column":5}},"loc":{"start":{"line":11,"column":29},"end":{"line":23,"column":5}},"line":11}},"branchMap":{},"s":{"0":4,"1":4,"2":4,"3":4,"4":4,"5":4,"6":4,"7":4},"f":{"0":4,"1":4},"b":{},"_coverageSchema":"1a1c01bbd47fc00a2c39e90264f33305004495a9","hash":"282e5e9c1344b3f81ac0e4bde0c3802a514c481a"}
,"C:\\Users\\HP i5\\phase3\\server\\models\\bayiuser.js": {"path":"C:\\Users\\HP i5\\phase3\\server\\models\\bayiuser.js","statementMap":{"0":{"start":{"line":4,"column":4},"end":{"line":4,"column":24}},"1":{"start":{"line":5,"column":0},"end":{"line":36,"column":2}},"2":{"start":{"line":14,"column":5},"end":{"line":17,"column":7}},"3":{"start":{"line":18,"column":5},"end":{"line":21,"column":7}},"4":{"start":{"line":24,"column":2},"end":{"line":34,"column":5}},"5":{"start":{"line":29,"column":4},"end":{"line":29,"column":44}},"6":{"start":{"line":35,"column":2},"end":{"line":35,"column":18}}},"fnMap":{"0":{"name":"(anonymous_0)","decl":{"start":{"line":5,"column":17},"end":{"line":5,"column":18}},"loc":{"start":{"line":5,"column":43},"end":{"line":36,"column":1}},"line":5},"1":{"name":"(anonymous_1)","decl":{"start":{"line":12,"column":4},"end":{"line":12,"column":5}},"loc":{"start":{"line":12,"column":29},"end":{"line":22,"column":5}},"line":12},"2":{"name":"(anonymous_2)","decl":{"start":{"line":28,"column":4},"end":{"line":28,"column":5}},"loc":{"start":{"line":28,"column":32},"end":{"line":30,"column":5}},"line":28}},"branchMap":{},"s":{"0":4,"1":4,"2":4,"3":4,"4":4,"5":3,"6":4},"f":{"0":4,"1":4,"2":3},"b":{},"_coverageSchema":"1a1c01bbd47fc00a2c39e90264f33305004495a9","hash":"8c566d095181166379c4a2a00709d4c16623b20d"}
,"C:\\Users\\HP i5\\phase3\\server\\models\\beratbadan.js": {"path":"C:\\Users\\HP i5\\phase3\\server\\models\\beratbadan.js","statementMap":{"0":{"start":{"line":4,"column":4},"end":{"line":4,"column":24}},"1":{"start":{"line":5,"column":0},"end":{"line":31,"column":2}},"2":{"start":{"line":16,"column":2},"end":{"line":29,"column":5}},"3":{"start":{"line":30,"column":2},"end":{"line":30,"column":20}}},"fnMap":{"0":{"name":"(anonymous_0)","decl":{"start":{"line":5,"column":17},"end":{"line":5,"column":18}},"loc":{"start":{"line":5,"column":43},"end":{"line":31,"column":1}},"line":5},"1":{"name":"(anonymous_1)","decl":{"start":{"line":12,"column":4},"end":{"line":12,"column":5}},"loc":{"start":{"line":12,"column":29},"end":{"line":14,"column":5}},"line":12}},"branchMap":{},"s":{"0":4,"1":4,"2":4,"3":4},"f":{"0":4,"1":4},"b":{},"_coverageSchema":"1a1c01bbd47fc00a2c39e90264f33305004495a9","hash":"84cfb54713f3988fdfc83545990632665db33a82"}
,"C:\\Users\\HP i5\\phase3\\server\\models\\index.js": {"path":"C:\\Users\\HP i5\\phase3\\server\\models\\index.js","statementMap":{"0":{"start":{"line":3,"column":11},"end":{"line":3,"column":24}},"1":{"start":{"line":4,"column":13},"end":{"line":4,"column":28}},"2":{"start":{"line":5,"column":18},"end":{"line":5,"column":38}},"3":{"start":{"line":6,"column":17},"end":{"line":6,"column":42}},"4":{"start":{"line":7,"column":12},"end":{"line":7,"column":49}},"5":{"start":{"line":8,"column":15},"end":{"line":8,"column":65}},"6":{"start":{"line":9,"column":11},"end":{"line":9,"column":13}},"7":{"start":{"line":12,"column":0},"end":{"line":16,"column":1}},"8":{"start":{"line":13,"column":2},"end":{"line":13,"column":74}},"9":{"start":{"line":15,"column":2},"end":{"line":15,"column":87}},"10":{"start":{"line":18,"column":0},"end":{"line":26,"column":5}},"11":{"start":{"line":21,"column":4},"end":{"line":21,"column":90}},"12":{"start":{"line":24,"column":18},"end":{"line":24,"column":85}},"13":{"start":{"line":25,"column":4},"end":{"line":25,"column":27}},"14":{"start":{"line":28,"column":0},"end":{"line":32,"column":3}},"15":{"start":{"line":29,"column":2},"end":{"line":31,"column":3}},"16":{"start":{"line":30,"column":4},"end":{"line":30,"column":32}},"17":{"start":{"line":34,"column":0},"end":{"line":34,"column":25}},"18":{"start":{"line":35,"column":0},"end":{"line":35,"column":25}},"19":{"start":{"line":37,"column":0},"end":{"line":37,"column":20}}},"fnMap":{"0":{"name":"(anonymous_0)","decl":{"start":{"line":20,"column":10},"end":{"line":20,"column":11}},"loc":{"start":{"line":20,"column":18},"end":{"line":22,"column":3}},"line":20},"1":{"name":"(anonymous_1)","decl":{"start":{"line":23,"column":11},"end":{"line":23,"column":12}},"loc":{"start":{"line":23,"column":19},"end":{"line":26,"column":3}},"line":23},"2":{"name":"(anonymous_2)","decl":{"start":{"line":28,"column":24},"end":{"line":28,"column":25}},"loc":{"start":{"line":28,"column":37},"end":{"line":32,"column":1}},"line":28}},"branchMap":{"0":{"loc":{"start":{"line":7,"column":12},"end":{"line":7,"column":49}},"type":"binary-expr","locations":[{"start":{"line":7,"column":12},"end":{"line":7,"column":32}},{"start":{"line":7,"column":36},"end":{"line":7,"column":49}}],"line":7},"1":{"loc":{"start":{"line":12,"column":0},"end":{"line":16,"column":1}},"type":"if","locations":[{"start":{"line":12,"column":0},"end":{"line":16,"column":1}},{"start":{"line":12,"column":0},"end":{"line":16,"column":1}}],"line":12},"2":{"loc":{"start":{"line":21,"column":11},"end":{"line":21,"column":89}},"type":"binary-expr","locations":[{"start":{"line":21,"column":12},"end":{"line":21,"column":35}},{"start":{"line":21,"column":41},"end":{"line":21,"column":58}},{"start":{"line":21,"column":64},"end":{"line":21,"column":88}}],"line":21},"3":{"loc":{"start":{"line":29,"column":2},"end":{"line":31,"column":3}},"type":"if","locations":[{"start":{"line":29,"column":2},"end":{"line":31,"column":3}},{"start":{"line":29,"column":2},"end":{"line":31,"column":3}}],"line":29}},"s":{"0":4,"1":4,"2":4,"3":4,"4":4,"5":4,"6":4,"7":4,"8":0,"9":4,"10":4,"11":32,"12":28,"13":28,"14":4,"15":28,"16":28,"17":4,"18":4,"19":4},"f":{"0":32,"1":28,"2":28},"b":{"0":[4,0],"1":[0,4],"2":[32,32,28],"3":[28,0]},"_coverageSchema":"1a1c01bbd47fc00a2c39e90264f33305004495a9","hash":"1879ebf3e6303b4c826df151309d154fa61ac5fc"}
,"C:\\Users\\HP i5\\phase3\\server\\models\\lingkarkepala.js": {"path":"C:\\Users\\HP i5\\phase3\\server\\models\\lingkarkepala.js","statementMap":{"0":{"start":{"line":4,"column":4},"end":{"line":4,"column":24}},"1":{"start":{"line":5,"column":0},"end":{"line":31,"column":2}},"2":{"start":{"line":16,"column":2},"end":{"line":29,"column":5}},"3":{"start":{"line":30,"column":2},"end":{"line":30,"column":23}}},"fnMap":{"0":{"name":"(anonymous_0)","decl":{"start":{"line":5,"column":17},"end":{"line":5,"column":18}},"loc":{"start":{"line":5,"column":43},"end":{"line":31,"column":1}},"line":5},"1":{"name":"(anonymous_1)","decl":{"start":{"line":12,"column":4},"end":{"line":12,"column":5}},"loc":{"start":{"line":12,"column":29},"end":{"line":14,"column":5}},"line":12}},"branchMap":{},"s":{"0":4,"1":4,"2":4,"3":4},"f":{"0":4,"1":4},"b":{},"_coverageSchema":"1a1c01bbd47fc00a2c39e90264f33305004495a9","hash":"fc245042b53dbda29a5d886c5a2712fd8b7a6f66"}
,"C:\\Users\\HP i5\\phase3\\server\\models\\perkembangan.js": {"path":"C:\\Users\\HP i5\\phase3\\server\\models\\perkembangan.js","statementMap":{"0":{"start":{"line":2,"column":18},"end":{"line":2,"column":38}},"1":{"start":{"line":3,"column":0},"end":{"line":45,"column":1}},"2":{"start":{"line":14,"column":2},"end":{"line":43,"column":3}},"3":{"start":{"line":44,"column":2},"end":{"line":44,"column":21}}},"fnMap":{"0":{"name":"(anonymous_0)","decl":{"start":{"line":3,"column":17},"end":{"line":3,"column":18}},"loc":{"start":{"line":3,"column":43},"end":{"line":45,"column":1}},"line":3},"1":{"name":"(anonymous_1)","decl":{"start":{"line":10,"column":4},"end":{"line":10,"column":5}},"loc":{"start":{"line":10,"column":29},"end":{"line":12,"column":5}},"line":10}},"branchMap":{},"s":{"0":4,"1":4,"2":4,"3":4},"f":{"0":4,"1":4},"b":{},"_coverageSchema":"1a1c01bbd47fc00a2c39e90264f33305004495a9","hash":"59246aedc406cc468bfb6703ea58427908fb6dcf"}
,"C:\\Users\\HP i5\\phase3\\server\\models\\tinggibadan.js": {"path":"C:\\Users\\HP i5\\phase3\\server\\models\\tinggibadan.js","statementMap":{"0":{"start":{"line":4,"column":4},"end":{"line":4,"column":24}},"1":{"start":{"line":5,"column":0},"end":{"line":31,"column":2}},"2":{"start":{"line":16,"column":2},"end":{"line":29,"column":5}},"3":{"start":{"line":30,"column":2},"end":{"line":30,"column":21}}},"fnMap":{"0":{"name":"(anonymous_0)","decl":{"start":{"line":5,"column":17},"end":{"line":5,"column":18}},"loc":{"start":{"line":5,"column":43},"end":{"line":31,"column":1}},"line":5},"1":{"name":"(anonymous_1)","decl":{"start":{"line":12,"column":4},"end":{"line":12,"column":5}},"loc":{"start":{"line":12,"column":29},"end":{"line":14,"column":5}},"line":12}},"branchMap":{},"s":{"0":4,"1":4,"2":4,"3":4},"f":{"0":4,"1":4},"b":{},"_coverageSchema":"1a1c01bbd47fc00a2c39e90264f33305004495a9","hash":"317301720f0b3a2bf83bca674ee0fb17d9f28a95"}
,"C:\\Users\\HP i5\\phase3\\server\\models\\user.js": {"path":"C:\\Users\\HP i5\\phase3\\server\\models\\user.js","statementMap":{"0":{"start":{"line":2,"column":18},"end":{"line":2,"column":38}},"1":{"start":{"line":3,"column":21},"end":{"line":3,"column":47}},"2":{"start":{"line":4,"column":0},"end":{"line":63,"column":1}},"3":{"start":{"line":13,"column":6},"end":{"line":13,"column":67}},"4":{"start":{"line":16,"column":2},"end":{"line":44,"column":3}},"5":{"start":{"line":32,"column":10},"end":{"line":32,"column":49}},"6":{"start":{"line":35,"column":10},"end":{"line":35,"column":49}},"7":{"start":{"line":38,"column":10},"end":{"line":38,"column":49}},"8":{"start":{"line":46,"column":2},"end":{"line":55,"column":4}},"9":{"start":{"line":47,"column":4},"end":{"line":54,"column":6}},"10":{"start":{"line":48,"column":17},"end":{"line":48,"column":40}},"11":{"start":{"line":49,"column":6},"end":{"line":49,"column":26}},"12":{"start":{"line":50,"column":6},"end":{"line":50,"column":49}},"13":{"start":{"line":51,"column":6},"end":{"line":53,"column":7}},"14":{"start":{"line":52,"column":8},"end":{"line":52,"column":84}},"15":{"start":{"line":57,"column":2},"end":{"line":61,"column":4}},"16":{"start":{"line":58,"column":4},"end":{"line":60,"column":5}},"17":{"start":{"line":59,"column":6},"end":{"line":59,"column":67}},"18":{"start":{"line":62,"column":2},"end":{"line":62,"column":13}}},"fnMap":{"0":{"name":"(anonymous_0)","decl":{"start":{"line":4,"column":17},"end":{"line":4,"column":18}},"loc":{"start":{"line":4,"column":43},"end":{"line":63,"column":1}},"line":4},"1":{"name":"(anonymous_1)","decl":{"start":{"line":11,"column":4},"end":{"line":11,"column":5}},"loc":{"start":{"line":11,"column":29},"end":{"line":14,"column":5}},"line":11},"2":{"name":"(anonymous_2)","decl":{"start":{"line":31,"column":8},"end":{"line":31,"column":9}},"loc":{"start":{"line":31,"column":27},"end":{"line":33,"column":9}},"line":31},"3":{"name":"(anonymous_3)","decl":{"start":{"line":34,"column":8},"end":{"line":34,"column":9}},"loc":{"start":{"line":34,"column":29},"end":{"line":36,"column":9}},"line":34},"4":{"name":"(anonymous_4)","decl":{"start":{"line":37,"column":8},"end":{"line":37,"column":9}},"loc":{"start":{"line":37,"column":27},"end":{"line":39,"column":9}},"line":37},"5":{"name":"(anonymous_5)","decl":{"start":{"line":46,"column":24},"end":{"line":46,"column":25}},"loc":{"start":{"line":46,"column":35},"end":{"line":55,"column":3}},"line":46},"6":{"name":"(anonymous_6)","decl":{"start":{"line":47,"column":14},"end":{"line":47,"column":15}},"loc":{"start":{"line":47,"column":24},"end":{"line":54,"column":5}},"line":47},"7":{"name":"(anonymous_7)","decl":{"start":{"line":57,"column":18},"end":{"line":57,"column":19}},"loc":{"start":{"line":57,"column":31},"end":{"line":61,"column":3}},"line":57}},"branchMap":{"0":{"loc":{"start":{"line":51,"column":6},"end":{"line":53,"column":7}},"type":"if","locations":[{"start":{"line":51,"column":6},"end":{"line":53,"column":7}},{"start":{"line":51,"column":6},"end":{"line":53,"column":7}}],"line":51},"1":{"loc":{"start":{"line":58,"column":4},"end":{"line":60,"column":5}},"type":"if","locations":[{"start":{"line":58,"column":4},"end":{"line":60,"column":5}},{"start":{"line":58,"column":4},"end":{"line":60,"column":5}}],"line":58},"2":{"loc":{"start":{"line":58,"column":8},"end":{"line":58,"column":47}},"type":"binary-expr","locations":[{"start":{"line":58,"column":8},"end":{"line":58,"column":21}},{"start":{"line":58,"column":25},"end":{"line":58,"column":47}}],"line":58}},"s":{"0":4,"1":4,"2":4,"3":4,"4":4,"5":7,"6":7,"7":0,"8":4,"9":0,"10":0,"11":0,"12":0,"13":0,"14":0,"15":4,"16":23,"17":20,"18":4},"f":{"0":4,"1":4,"2":7,"3":7,"4":0,"5":0,"6":0,"7":23},"b":{"0":[0,0],"1":[20,3],"2":[23,23]},"_coverageSchema":"1a1c01bbd47fc00a2c39e90264f33305004495a9","hash":"644c85dca7cb838a5208f2ba53d8a464131e5c44"}
,"C:\\Users\\HP i5\\phase3\\server\\routes\\index.js": {"path":"C:\\Users\\HP i5\\phase3\\server\\routes\\index.js","statementMap":{"0":{"start":{"line":2,"column":23},"end":{"line":2,"column":63}},"1":{"start":{"line":3,"column":23},"end":{"line":3,"column":63}},"2":{"start":{"line":4,"column":31},"end":{"line":4,"column":79}},"3":{"start":{"line":5,"column":26},"end":{"line":5,"column":69}},"4":{"start":{"line":6,"column":23},"end":{"line":6,"column":53}},"5":{"start":{"line":8,"column":15},"end":{"line":8,"column":42}},"6":{"start":{"line":10,"column":0},"end":{"line":10,"column":62}},"7":{"start":{"line":11,"column":0},"end":{"line":11,"column":52}},"8":{"start":{"line":12,"column":0},"end":{"line":12,"column":56}},"9":{"start":{"line":14,"column":0},"end":{"line":14,"column":43}},"10":{"start":{"line":15,"column":0},"end":{"line":15,"column":53}},"11":{"start":{"line":16,"column":0},"end":{"line":16,"column":57}},"12":{"start":{"line":17,"column":0},"end":{"line":17,"column":55}},"13":{"start":{"line":18,"column":0},"end":{"line":18,"column":40}},"14":{"start":{"line":19,"column":0},"end":{"line":19,"column":26}},"15":{"start":{"line":20,"column":0},"end":{"line":20,"column":53}},"16":{"start":{"line":21,"column":0},"end":{"line":21,"column":52}},"17":{"start":{"line":22,"column":0},"end":{"line":22,"column":57}},"18":{"start":{"line":23,"column":0},"end":{"line":23,"column":61}},"19":{"start":{"line":25,"column":0},"end":{"line":25,"column":40}},"20":{"start":{"line":26,"column":0},"end":{"line":26,"column":44}},"21":{"start":{"line":27,"column":0},"end":{"line":27,"column":54}},"22":{"start":{"line":28,"column":0},"end":{"line":28,"column":54}},"23":{"start":{"line":29,"column":0},"end":{"line":29,"column":57}},"24":{"start":{"line":31,"column":0},"end":{"line":34,"column":1}},"25":{"start":{"line":35,"column":0},"end":{"line":35,"column":94}},"26":{"start":{"line":36,"column":0},"end":{"line":36,"column":76}},"27":{"start":{"line":37,"column":0},"end":{"line":37,"column":80}},"28":{"start":{"line":38,"column":0},"end":{"line":38,"column":23}}},"fnMap":{},"branchMap":{},"s":{"0":4,"1":4,"2":4,"3":4,"4":4,"5":4,"6":4,"7":4,"8":4,"9":4,"10":4,"11":4,"12":4,"13":4,"14":4,"15":4,"16":4,"17":4,"18":4,"19":4,"20":4,"21":4,"22":4,"23":4,"24":4,"25":4,"26":4,"27":4,"28":4},"f":{},"b":{},"_coverageSchema":"1a1c01bbd47fc00a2c39e90264f33305004495a9","hash":"e5e3fed321a8cccdfead8dcd2ae5eaff5454cbb4"}
}
