TN:
SF:app.js
FN:15,(anonymous_0)
FNF:1
FNH:1
FNDA:1,(anonymous_0)
DA:3,3
DA:4,3
DA:5,3
DA:6,3
DA:7,3
DA:8,3
DA:10,3
DA:11,3
DA:12,3
DA:13,3
DA:14,3
DA:15,3
DA:16,1
DA:18,3
LF:14
LH:14
BRDA:7,0,0,3
BRDA:7,0,1,3
BRF:2
BRH:2
end_of_record
TN:
SF:controllers\BayiController.js
FN:5,(anonymous_0)
FN:13,(anonymous_1)
FN:26,(anonymous_2)
FN:114,(anonymous_3)
FN:137,(anonymous_4)
FNF:5
FNH:5
FNDA:1,(anonymous_0)
FNDA:2,(anonymous_1)
FNDA:9,(anonymous_2)
FNDA:3,(anonymous_3)
FNDA:3,(anonymous_4)
DA:2,3
DA:6,1
DA:7,1
DA:8,1
DA:10,0
DA:14,2
DA:15,2
DA:21,1
DA:23,1
DA:27,9
DA:28,9
DA:37,9
DA:38,9
DA:44,9
DA:50,9
DA:56,9
DA:57,1
DA:58,8
DA:59,1
DA:60,7
DA:61,1
DA:62,6
DA:63,1
DA:64,5
DA:65,2
DA:66,3
DA:67,1
DA:68,2
DA:69,2
DA:71,9
DA:72,2
DA:73,7
DA:74,1
DA:75,6
DA:76,1
DA:77,5
DA:78,1
DA:79,4
DA:80,1
DA:81,3
DA:82,1
DA:83,2
DA:84,2
DA:86,9
DA:87,1
DA:88,8
DA:89,1
DA:90,7
DA:91,1
DA:92,6
DA:93,1
DA:94,5
DA:95,2
DA:96,3
DA:97,1
DA:98,2
DA:99,2
DA:101,9
DA:102,8
DA:104,9
DA:105,8
DA:109,8
DA:111,1
DA:115,3
DA:116,3
DA:117,3
DA:118,1
DA:120,2
DA:125,2
DA:131,1
DA:134,1
DA:138,3
DA:139,3
DA:144,3
DA:145,1
DA:147,2
DA:150,2
DA:155,3
LF:78
LH:77
BRDA:56,0,0,1
BRDA:56,0,1,8
BRDA:56,1,0,9
BRDA:56,1,1,6
BRDA:58,2,0,1
BRDA:58,2,1,7
BRDA:58,3,0,8
BRDA:58,3,1,3
BRDA:60,4,0,1
BRDA:60,4,1,6
BRDA:60,5,0,7
BRDA:60,5,1,2
BRDA:62,6,0,1
BRDA:62,6,1,5
BRDA:64,7,0,2
BRDA:64,7,1,3
BRDA:64,8,0,5
BRDA:64,8,1,5
BRDA:66,9,0,1
BRDA:66,9,1,2
BRDA:66,10,0,3
BRDA:66,10,1,3
BRDA:68,11,0,2
BRDA:68,11,1,0
BRDA:71,12,0,2
BRDA:71,12,1,7
BRDA:71,13,0,9
BRDA:71,13,1,6
BRDA:73,14,0,1
BRDA:73,14,1,6
BRDA:73,15,0,7
BRDA:73,15,1,3
BRDA:75,16,0,1
BRDA:75,16,1,5
BRDA:75,17,0,6
BRDA:75,17,1,2
BRDA:77,18,0,1
BRDA:77,18,1,4
BRDA:79,19,0,1
BRDA:79,19,1,3
BRDA:79,20,0,4
BRDA:79,20,1,4
BRDA:81,21,0,1
BRDA:81,21,1,2
BRDA:81,22,0,3
BRDA:81,22,1,3
BRDA:83,23,0,2
BRDA:83,23,1,0
BRDA:86,24,0,1
BRDA:86,24,1,8
BRDA:86,25,0,9
BRDA:86,25,1,6
BRDA:88,26,0,1
BRDA:88,26,1,7
BRDA:88,27,0,8
BRDA:88,27,1,3
BRDA:90,28,0,1
BRDA:90,28,1,6
BRDA:90,29,0,7
BRDA:90,29,1,2
BRDA:92,30,0,1
BRDA:92,30,1,5
BRDA:94,31,0,2
BRDA:94,31,1,3
BRDA:94,32,0,5
BRDA:94,32,1,5
BRDA:96,33,0,1
BRDA:96,33,1,2
BRDA:96,34,0,3
BRDA:96,34,1,3
BRDA:98,35,0,2
BRDA:98,35,1,0
BRDA:101,36,0,8
BRDA:101,36,1,1
BRDA:101,37,0,9
BRDA:101,37,1,1
BRDA:101,37,2,1
BRDA:117,38,0,1
BRDA:117,38,1,2
BRDA:144,39,0,1
BRDA:144,39,1,2
BRF:81
BRH:78
end_of_record
TN:
SF:controllers\DataWHOController.js
FN:5,(anonymous_0)
FN:13,(anonymous_1)
FN:21,(anonymous_2)
FNF:3
FNH:3
FNDA:1,(anonymous_0)
FNDA:1,(anonymous_1)
FNDA:2,(anonymous_2)
DA:2,3
DA:6,1
DA:7,1
DA:8,1
DA:10,0
DA:14,1
DA:15,1
DA:16,1
DA:18,0
DA:22,2
DA:23,2
DA:24,2
DA:26,0
DA:30,3
LF:14
LH:11
BRF:0
BRH:0
end_of_record
TN:
SF:controllers\PerkembanganController.js
FN:5,(anonymous_0)
FN:119,(anonymous_1)
FN:135,(anonymous_2)
FN:149,(anonymous_3)
FNF:4
FNH:4
FNDA:9,(anonymous_0)
FNDA:2,(anonymous_1)
FNDA:2,(anonymous_2)
FNDA:2,(anonymous_3)
DA:2,3
DA:6,9
DA:7,9
DA:8,9
DA:9,9
DA:14,9
DA:15,9
DA:21,9
DA:27,9
DA:33,9
DA:34,1
DA:36,8
DA:37,2
DA:38,6
DA:39,1
DA:40,5
DA:41,1
DA:42,4
DA:43,1
DA:44,3
DA:45,1
DA:46,2
DA:47,1
DA:48,1
DA:49,1
DA:51,8
DA:52,2
DA:53,6
DA:54,1
DA:55,5
DA:56,1
DA:57,4
DA:58,1
DA:59,3
DA:60,1
DA:61,2
DA:62,1
DA:63,1
DA:64,1
DA:66,8
DA:67,2
DA:68,6
DA:69,1
DA:70,5
DA:71,1
DA:72,4
DA:73,1
DA:74,3
DA:75,1
DA:76,2
DA:77,1
DA:78,1
DA:79,1
DA:82,8
DA:83,6
DA:84,1
DA:86,5
DA:89,2
DA:90,1
DA:92,1
DA:95,8
DA:106,8
DA:107,8
DA:113,8
DA:115,1
DA:120,2
DA:121,2
DA:126,2
DA:127,1
DA:129,1
DA:132,1
DA:136,2
DA:137,2
DA:138,2
DA:139,2
DA:143,2
DA:144,1
DA:146,1
DA:150,2
DA:151,2
DA:152,2
DA:157,2
DA:158,1
DA:159,1
DA:160,1
DA:163,1
DA:168,3
LF:87
LH:87
BRDA:33,0,0,1
BRDA:33,0,1,8
BRDA:33,1,0,9
BRDA:33,1,1,8
BRDA:33,1,2,8
BRDA:36,2,0,2
BRDA:36,2,1,6
BRDA:36,3,0,8
BRDA:36,3,1,5
BRDA:38,4,0,1
BRDA:38,4,1,5
BRDA:38,5,0,6
BRDA:38,5,1,3
BRDA:40,6,0,1
BRDA:40,6,1,4
BRDA:40,7,0,5
BRDA:40,7,1,2
BRDA:42,8,0,1
BRDA:42,8,1,3
BRDA:44,9,0,1
BRDA:44,9,1,2
BRDA:44,10,0,3
BRDA:44,10,1,3
BRDA:46,11,0,1
BRDA:46,11,1,1
BRDA:46,12,0,2
BRDA:46,12,1,2
BRDA:48,13,0,1
BRDA:48,13,1,0
BRDA:48,14,0,1
BRDA:48,14,1,1
BRDA:51,15,0,2
BRDA:51,15,1,6
BRDA:51,16,0,8
BRDA:51,16,1,5
BRDA:53,17,0,1
BRDA:53,17,1,5
BRDA:53,18,0,6
BRDA:53,18,1,3
BRDA:55,19,0,1
BRDA:55,19,1,4
BRDA:55,20,0,5
BRDA:55,20,1,2
BRDA:57,21,0,1
BRDA:57,21,1,3
BRDA:59,22,0,1
BRDA:59,22,1,2
BRDA:59,23,0,3
BRDA:59,23,1,3
BRDA:61,24,0,1
BRDA:61,24,1,1
BRDA:61,25,0,2
BRDA:61,25,1,2
BRDA:63,26,0,1
BRDA:63,26,1,0
BRDA:63,27,0,1
BRDA:63,27,1,1
BRDA:66,28,0,2
BRDA:66,28,1,6
BRDA:66,29,0,8
BRDA:66,29,1,5
BRDA:68,30,0,1
BRDA:68,30,1,5
BRDA:68,31,0,6
BRDA:68,31,1,3
BRDA:70,32,0,1
BRDA:70,32,1,4
BRDA:70,33,0,5
BRDA:70,33,1,2
BRDA:72,34,0,1
BRDA:72,34,1,3
BRDA:74,35,0,1
BRDA:74,35,1,2
BRDA:74,36,0,3
BRDA:74,36,1,3
BRDA:76,37,0,1
BRDA:76,37,1,1
BRDA:76,38,0,2
BRDA:76,38,1,2
BRDA:78,39,0,1
BRDA:78,39,1,0
BRDA:78,40,0,1
BRDA:78,40,1,1
BRDA:82,41,0,6
BRDA:82,41,1,2
BRDA:82,42,0,8
BRDA:82,42,1,2
BRDA:82,42,2,2
BRDA:83,43,0,1
BRDA:83,43,1,5
BRDA:89,44,0,1
BRDA:89,44,1,1
BRDA:126,45,0,1
BRDA:126,45,1,1
BRDA:157,46,0,1
BRDA:157,46,1,1
BRDA:159,47,0,1
BRDA:159,47,1,0
BRF:98
BRH:94
end_of_record
TN:
SF:controllers\UserController.js
FN:7,(anonymous_0)
FN:20,(anonymous_1)
FN:32,(anonymous_2)
FN:44,(anonymous_3)
FN:62,(anonymous_4)
FN:85,(anonymous_5)
FN:101,(anonymous_6)
FN:132,(anonymous_7)
FN:139,(anonymous_8)
FNF:9
FNH:0
FNDA:0,(anonymous_0)
FNDA:0,(anonymous_1)
FNDA:0,(anonymous_2)
FNDA:0,(anonymous_3)
FNDA:0,(anonymous_4)
FNDA:0,(anonymous_5)
FNDA:0,(anonymous_6)
FNDA:0,(anonymous_7)
FNDA:0,(anonymous_8)
DA:2,3
DA:3,3
DA:4,3
DA:8,0
DA:9,0
DA:15,0
DA:17,0
DA:21,0
DA:22,0
DA:27,0
DA:29,0
DA:33,0
DA:34,0
DA:39,0
DA:41,0
DA:45,0
DA:46,0
DA:56,0
DA:57,0
DA:59,0
DA:63,0
DA:64,0
DA:74,0
DA:80,0
DA:82,0
DA:86,0
DA:87,0
DA:92,0
DA:93,0
DA:95,0
DA:98,0
DA:102,0
DA:103,0
DA:107,0
DA:108,0
DA:112,0
DA:117,0
DA:118,0
DA:119,0
DA:120,0
DA:122,0
DA:123,0
DA:129,0
DA:133,0
DA:134,0
DA:136,0
DA:140,0
DA:141,0
DA:142,0
DA:143,0
DA:145,0
DA:146,0
DA:150,0
DA:151,0
DA:154,0
DA:159,3
LF:56
LH:4
BRDA:92,0,0,0
BRDA:92,0,1,0
BRDA:107,1,0,0
BRDA:107,1,1,0
BRDA:107,2,0,0
BRDA:107,2,1,0
BRDA:117,3,0,0
BRDA:117,3,1,0
BRDA:119,4,0,0
BRDA:119,4,1,0
BRDA:142,5,0,0
BRDA:142,5,1,0
BRF:12
BRH:0
end_of_record
TN:
SF:helpers\hash.js
FN:4,makeHash
FN:8,compareHash
FNF:2
FNH:1
FNDA:4,makeHash
FNDA:0,compareHash
DA:2,3
DA:5,4
DA:9,0
DA:12,3
LF:4
LH:3
BRF:0
BRH:0
end_of_record
TN:
SF:helpers\jwt.js
FN:5,signToken
FN:10,verifyToken
FNF:2
FNH:2
FNDA:4,signToken
FNDA:37,verifyToken
DA:3,3
DA:6,4
DA:7,4
DA:11,37
DA:12,33
DA:15,3
LF:6
LH:6
BRDA:6,0,0,4
BRDA:6,0,1,4
BRDA:11,1,0,37
BRDA:11,1,1,37
BRF:4
BRH:4
end_of_record
TN:
SF:middlewares\auth.js
FN:5,(anonymous_0)
FNF:1
FNH:1
FNDA:37,(anonymous_0)
DA:2,3
DA:3,3
DA:5,3
DA:6,37
DA:7,37
DA:8,33
DA:13,33
DA:14,33
DA:16,4
DA:20,3
LF:10
LH:10
BRF:0
BRH:0
end_of_record
TN:
SF:middlewares\errHandler.js
FN:3,errorHandler
FNF:1
FNH:1
FNDA:12,errorHandler
DA:4,12
DA:5,12
DA:7,12
DA:8,0
DA:9,0
DA:10,12
DA:11,0
DA:12,0
DA:13,12
DA:14,1
DA:15,1
DA:16,11
DA:17,0
DA:18,0
DA:19,11
DA:20,4
DA:21,4
DA:22,7
DA:23,1
DA:24,1
DA:25,6
DA:26,3
DA:27,3
DA:28,3
DA:29,1
DA:30,1
DA:31,2
DA:32,1
DA:33,1
DA:34,1
DA:35,1
DA:36,1
DA:37,0
DA:38,0
DA:39,0
DA:41,12
DA:44,3
LF:37
LH:28
BRDA:4,0,0,12
BRDA:4,0,1,7
BRDA:5,1,0,12
BRDA:5,1,1,12
BRDA:7,2,0,0
BRDA:7,2,1,12
BRDA:10,3,0,0
BRDA:10,3,1,12
BRDA:13,4,0,1
BRDA:13,4,1,11
BRDA:16,5,0,0
BRDA:16,5,1,11
BRDA:19,6,0,4
BRDA:19,6,1,7
BRDA:22,7,0,1
BRDA:22,7,1,6
BRDA:25,8,0,3
BRDA:25,8,1,3
BRDA:28,9,0,1
BRDA:28,9,1,2
BRDA:31,10,0,1
BRDA:31,10,1,1
BRDA:34,11,0,1
BRDA:34,11,1,0
BRDA:37,12,0,0
BRDA:37,12,1,0
BRF:26
BRH:20
end_of_record
TN:
SF:models\bayi.js
FN:4,(anonymous_0)
FN:11,(anonymous_1)
FNF:2
FNH:2
FNDA:3,(anonymous_0)
FNDA:3,(anonymous_1)
DA:2,3
DA:3,3
DA:4,3
DA:14,3
DA:15,3
DA:19,3
DA:25,3
DA:72,3
LF:8
LH:8
BRF:0
BRH:0
end_of_record
TN:
SF:models\bayiuser.js
FN:5,(anonymous_0)
FN:12,(anonymous_1)
FN:28,(anonymous_2)
FNF:3
FNH:3
FNDA:3,(anonymous_0)
FNDA:3,(anonymous_1)
FNDA:10,(anonymous_2)
DA:4,3
DA:5,3
DA:14,3
DA:18,3
DA:24,3
DA:29,10
DA:35,3
LF:7
LH:7
BRF:0
BRH:0
end_of_record
TN:
SF:models\beratbadan.js
FN:5,(anonymous_0)
FN:12,(anonymous_1)
FNF:2
FNH:2
FNDA:3,(anonymous_0)
FNDA:3,(anonymous_1)
DA:4,3
DA:5,3
DA:16,3
DA:30,3
LF:4
LH:4
BRF:0
BRH:0
end_of_record
TN:
SF:models\index.js
FN:20,(anonymous_0)
FN:23,(anonymous_1)
FN:28,(anonymous_2)
FNF:3
FNH:3
FNDA:24,(anonymous_0)
FNDA:21,(anonymous_1)
FNDA:21,(anonymous_2)
DA:3,3
DA:4,3
DA:5,3
DA:6,3
DA:7,3
DA:8,3
DA:9,3
DA:12,3
DA:13,0
DA:15,3
DA:18,3
DA:21,24
DA:24,21
DA:25,21
DA:28,3
DA:29,21
DA:30,21
DA:34,3
DA:35,3
DA:37,3
LF:20
LH:19
BRDA:7,0,0,3
BRDA:7,0,1,0
BRDA:12,1,0,0
BRDA:12,1,1,3
BRDA:21,2,0,24
BRDA:21,2,1,24
BRDA:21,2,2,21
BRDA:29,3,0,21
BRDA:29,3,1,0
BRF:9
BRH:6
end_of_record
TN:
SF:models\lingkarkepala.js
FN:5,(anonymous_0)
FN:12,(anonymous_1)
FNF:2
FNH:2
FNDA:3,(anonymous_0)
FNDA:3,(anonymous_1)
DA:4,3
DA:5,3
DA:16,3
DA:30,3
LF:4
LH:4
BRF:0
BRH:0
end_of_record
TN:
SF:models\perkembangan.js
FN:3,(anonymous_0)
FN:10,(anonymous_1)
FNF:2
FNH:2
FNDA:3,(anonymous_0)
FNDA:3,(anonymous_1)
DA:2,3
DA:3,3
DA:14,3
DA:44,3
LF:4
LH:4
BRF:0
BRH:0
end_of_record
TN:
SF:models\tinggibadan.js
FN:5,(anonymous_0)
FN:12,(anonymous_1)
FNF:2
FNH:2
FNDA:3,(anonymous_0)
FNDA:3,(anonymous_1)
DA:4,3
DA:5,3
DA:16,3
DA:30,3
LF:4
LH:4
BRF:0
BRH:0
end_of_record
TN:
SF:models\user.js
FN:4,(anonymous_0)
FN:11,(anonymous_1)
FN:59,(anonymous_2)
FN:65,(anonymous_3)
FN:74,(anonymous_4)
FN:75,(anonymous_5)
FN:85,(anonymous_6)
FNF:7
FNH:4
FNDA:3,(anonymous_0)
FNDA:3,(anonymous_1)
FNDA:4,(anonymous_2)
FNDA:0,(anonymous_3)
FNDA:0,(anonymous_4)
FNDA:0,(anonymous_5)
FNDA:33,(anonymous_6)
DA:2,3
DA:3,3
DA:4,3
DA:13,3
DA:16,3
DA:60,4
DA:66,0
DA:74,3
DA:75,0
DA:76,0
DA:77,0
DA:78,0
DA:79,0
DA:80,0
DA:85,3
DA:86,33
DA:87,33
DA:90,3
LF:18
LH:11
BRDA:79,0,0,0
BRDA:79,0,1,0
BRDA:86,1,0,33
BRDA:86,1,1,0
BRDA:86,2,0,33
BRDA:86,2,1,33
BRF:6
BRH:3
end_of_record
TN:
SF:routes\index.js
FNF:0
FNH:0
DA:2,3
DA:3,3
DA:4,3
DA:5,3
DA:6,3
DA:8,3
DA:10,3
DA:11,3
DA:12,3
DA:14,3
DA:15,3
DA:16,3
DA:17,3
DA:18,3
DA:19,3
DA:20,3
DA:21,3
DA:22,3
DA:23,3
DA:25,3
DA:26,3
DA:27,3
DA:28,3
DA:29,3
DA:31,3
DA:35,3
DA:36,3
DA:37,3
DA:38,3
LF:29
LH:29
BRF:0
BRH:0
end_of_record
