TN:
SF:app.js
FN:15,(anonymous_0)
FNF:1
FNH:1
FNDA:1,(anonymous_0)
DA:3,1
DA:4,1
DA:5,1
DA:6,1
DA:7,1
DA:8,1
DA:10,1
DA:11,1
DA:12,1
DA:13,1
DA:14,1
DA:15,1
DA:16,1
DA:18,1
LF:14
LH:14
BRDA:7,0,0,1
BRDA:7,0,1,1
BRF:2
BRH:2
end_of_record
TN:
SF:controllers\BayiController.js
FN:5,(anonymous_0)
FN:13,(anonymous_1)
FN:26,(anonymous_2)
FN:114,(anonymous_3)
FN:137,(anonymous_4)
FNF:5
FNH:0
FNDA:0,(anonymous_0)
FNDA:0,(anonymous_1)
FNDA:0,(anonymous_2)
FNDA:0,(anonymous_3)
FNDA:0,(anonymous_4)
DA:2,1
DA:6,0
DA:7,0
DA:8,0
DA:10,0
DA:14,0
DA:15,0
DA:21,0
DA:23,0
DA:27,0
DA:28,0
DA:37,0
DA:38,0
DA:44,0
DA:50,0
DA:56,0
DA:57,0
DA:58,0
DA:59,0
DA:60,0
DA:61,0
DA:62,0
DA:63,0
DA:64,0
DA:65,0
DA:66,0
DA:67,0
DA:68,0
DA:69,0
DA:71,0
DA:72,0
DA:73,0
DA:74,0
DA:75,0
DA:76,0
DA:77,0
DA:78,0
DA:79,0
DA:80,0
DA:81,0
DA:82,0
DA:83,0
DA:84,0
DA:86,0
DA:87,0
DA:88,0
DA:89,0
DA:90,0
DA:91,0
DA:92,0
DA:93,0
DA:94,0
DA:95,0
DA:96,0
DA:97,0
DA:98,0
DA:99,0
DA:101,0
DA:102,0
DA:104,0
DA:105,0
DA:109,0
DA:111,0
DA:115,0
DA:116,0
DA:117,0
DA:118,0
DA:120,0
DA:125,0
DA:131,0
DA:134,0
DA:138,0
DA:139,0
DA:144,0
DA:145,0
DA:147,0
DA:150,0
DA:155,1
LF:78
LH:2
BRDA:56,0,0,0
BRDA:56,0,1,0
BRDA:56,1,0,0
BRDA:56,1,1,0
BRDA:58,2,0,0
BRDA:58,2,1,0
BRDA:58,3,0,0
BRDA:58,3,1,0
BRDA:60,4,0,0
BRDA:60,4,1,0
BRDA:60,5,0,0
BRDA:60,5,1,0
BRDA:62,6,0,0
BRDA:62,6,1,0
BRDA:64,7,0,0
BRDA:64,7,1,0
BRDA:64,8,0,0
BRDA:64,8,1,0
BRDA:66,9,0,0
BRDA:66,9,1,0
BRDA:66,10,0,0
BRDA:66,10,1,0
BRDA:68,11,0,0
BRDA:68,11,1,0
BRDA:71,12,0,0
BRDA:71,12,1,0
BRDA:71,13,0,0
BRDA:71,13,1,0
BRDA:73,14,0,0
BRDA:73,14,1,0
BRDA:73,15,0,0
BRDA:73,15,1,0
BRDA:75,16,0,0
BRDA:75,16,1,0
BRDA:75,17,0,0
BRDA:75,17,1,0
BRDA:77,18,0,0
BRDA:77,18,1,0
BRDA:79,19,0,0
BRDA:79,19,1,0
BRDA:79,20,0,0
BRDA:79,20,1,0
BRDA:81,21,0,0
BRDA:81,21,1,0
BRDA:81,22,0,0
BRDA:81,22,1,0
BRDA:83,23,0,0
BRDA:83,23,1,0
BRDA:86,24,0,0
BRDA:86,24,1,0
BRDA:86,25,0,0
BRDA:86,25,1,0
BRDA:88,26,0,0
BRDA:88,26,1,0
BRDA:88,27,0,0
BRDA:88,27,1,0
BRDA:90,28,0,0
BRDA:90,28,1,0
BRDA:90,29,0,0
BRDA:90,29,1,0
BRDA:92,30,0,0
BRDA:92,30,1,0
BRDA:94,31,0,0
BRDA:94,31,1,0
BRDA:94,32,0,0
BRDA:94,32,1,0
BRDA:96,33,0,0
BRDA:96,33,1,0
BRDA:96,34,0,0
BRDA:96,34,1,0
BRDA:98,35,0,0
BRDA:98,35,1,0
BRDA:101,36,0,0
BRDA:101,36,1,0
BRDA:101,37,0,0
BRDA:101,37,1,0
BRDA:101,37,2,0
BRDA:117,38,0,0
BRDA:117,38,1,0
BRDA:144,39,0,0
BRDA:144,39,1,0
BRF:81
BRH:0
end_of_record
TN:
SF:controllers\DataWHOController.js
FN:5,(anonymous_0)
FN:13,(anonymous_1)
FN:21,(anonymous_2)
FNF:3
FNH:0
FNDA:0,(anonymous_0)
FNDA:0,(anonymous_1)
FNDA:0,(anonymous_2)
DA:2,1
DA:6,0
DA:7,0
DA:8,0
DA:10,0
DA:14,0
DA:15,0
DA:16,0
DA:18,0
DA:22,0
DA:23,0
DA:24,0
DA:26,0
DA:30,1
LF:14
LH:2
BRF:0
BRH:0
end_of_record
TN:
SF:controllers\PerkembanganController.js
FN:5,(anonymous_0)
FN:119,(anonymous_1)
FN:135,(anonymous_2)
FN:149,(anonymous_3)
FNF:4
FNH:0
FNDA:0,(anonymous_0)
FNDA:0,(anonymous_1)
FNDA:0,(anonymous_2)
FNDA:0,(anonymous_3)
DA:2,1
DA:6,0
DA:7,0
DA:8,0
DA:9,0
DA:14,0
DA:15,0
DA:21,0
DA:27,0
DA:33,0
DA:34,0
DA:36,0
DA:37,0
DA:38,0
DA:39,0
DA:40,0
DA:41,0
DA:42,0
DA:43,0
DA:44,0
DA:45,0
DA:46,0
DA:47,0
DA:48,0
DA:49,0
DA:51,0
DA:52,0
DA:53,0
DA:54,0
DA:55,0
DA:56,0
DA:57,0
DA:58,0
DA:59,0
DA:60,0
DA:61,0
DA:62,0
DA:63,0
DA:64,0
DA:66,0
DA:67,0
DA:68,0
DA:69,0
DA:70,0
DA:71,0
DA:72,0
DA:73,0
DA:74,0
DA:75,0
DA:76,0
DA:77,0
DA:78,0
DA:79,0
DA:82,0
DA:83,0
DA:84,0
DA:86,0
DA:89,0
DA:90,0
DA:92,0
DA:95,0
DA:106,0
DA:107,0
DA:113,0
DA:115,0
DA:120,0
DA:121,0
DA:126,0
DA:127,0
DA:129,0
DA:132,0
DA:136,0
DA:137,0
DA:138,0
DA:139,0
DA:143,0
DA:144,0
DA:146,0
DA:150,0
DA:151,0
DA:152,0
DA:157,0
DA:158,0
DA:159,0
DA:160,0
DA:163,0
DA:168,1
LF:87
LH:2
BRDA:33,0,0,0
BRDA:33,0,1,0
BRDA:33,1,0,0
BRDA:33,1,1,0
BRDA:33,1,2,0
BRDA:36,2,0,0
BRDA:36,2,1,0
BRDA:36,3,0,0
BRDA:36,3,1,0
BRDA:38,4,0,0
BRDA:38,4,1,0
BRDA:38,5,0,0
BRDA:38,5,1,0
BRDA:40,6,0,0
BRDA:40,6,1,0
BRDA:40,7,0,0
BRDA:40,7,1,0
BRDA:42,8,0,0
BRDA:42,8,1,0
BRDA:44,9,0,0
BRDA:44,9,1,0
BRDA:44,10,0,0
BRDA:44,10,1,0
BRDA:46,11,0,0
BRDA:46,11,1,0
BRDA:46,12,0,0
BRDA:46,12,1,0
BRDA:48,13,0,0
BRDA:48,13,1,0
BRDA:48,14,0,0
BRDA:48,14,1,0
BRDA:51,15,0,0
BRDA:51,15,1,0
BRDA:51,16,0,0
BRDA:51,16,1,0
BRDA:53,17,0,0
BRDA:53,17,1,0
BRDA:53,18,0,0
BRDA:53,18,1,0
BRDA:55,19,0,0
BRDA:55,19,1,0
BRDA:55,20,0,0
BRDA:55,20,1,0
BRDA:57,21,0,0
BRDA:57,21,1,0
BRDA:59,22,0,0
BRDA:59,22,1,0
BRDA:59,23,0,0
BRDA:59,23,1,0
BRDA:61,24,0,0
BRDA:61,24,1,0
BRDA:61,25,0,0
BRDA:61,25,1,0
BRDA:63,26,0,0
BRDA:63,26,1,0
BRDA:63,27,0,0
BRDA:63,27,1,0
BRDA:66,28,0,0
BRDA:66,28,1,0
BRDA:66,29,0,0
BRDA:66,29,1,0
BRDA:68,30,0,0
BRDA:68,30,1,0
BRDA:68,31,0,0
BRDA:68,31,1,0
BRDA:70,32,0,0
BRDA:70,32,1,0
BRDA:70,33,0,0
BRDA:70,33,1,0
BRDA:72,34,0,0
BRDA:72,34,1,0
BRDA:74,35,0,0
BRDA:74,35,1,0
BRDA:74,36,0,0
BRDA:74,36,1,0
BRDA:76,37,0,0
BRDA:76,37,1,0
BRDA:76,38,0,0
BRDA:76,38,1,0
BRDA:78,39,0,0
BRDA:78,39,1,0
BRDA:78,40,0,0
BRDA:78,40,1,0
BRDA:82,41,0,0
BRDA:82,41,1,0
BRDA:82,42,0,0
BRDA:82,42,1,0
BRDA:82,42,2,0
BRDA:83,43,0,0
BRDA:83,43,1,0
BRDA:89,44,0,0
BRDA:89,44,1,0
BRDA:126,45,0,0
BRDA:126,45,1,0
BRDA:157,46,0,0
BRDA:157,46,1,0
BRDA:159,47,0,0
BRDA:159,47,1,0
BRF:98
BRH:0
end_of_record
TN:
SF:controllers\UserController.js
FN:7,(anonymous_0)
FN:20,(anonymous_1)
FN:32,(anonymous_2)
FN:44,(anonymous_3)
FN:62,(anonymous_4)
FN:85,(anonymous_5)
FN:101,(anonymous_6)
FN:132,(anonymous_7)
FN:139,(anonymous_8)
FNF:9
FNH:6
FNDA:1,(anonymous_0)
FNDA:1,(anonymous_1)
FNDA:1,(anonymous_2)
FNDA:7,(anonymous_3)
FNDA:0,(anonymous_4)
FNDA:0,(anonymous_5)
FNDA:3,(anonymous_6)
FNDA:0,(anonymous_7)
FNDA:2,(anonymous_8)
DA:2,1
DA:3,1
DA:4,1
DA:8,1
DA:9,1
DA:15,1
DA:17,0
DA:21,1
DA:22,1
DA:27,1
DA:29,0
DA:33,1
DA:34,1
DA:39,1
DA:41,0
DA:45,7
DA:46,7
DA:56,7
DA:57,1
DA:59,6
DA:63,0
DA:64,0
DA:74,0
DA:80,0
DA:82,0
DA:86,0
DA:87,0
DA:92,0
DA:93,0
DA:95,0
DA:98,0
DA:102,3
DA:103,3
DA:107,3
DA:108,0
DA:112,3
DA:117,3
DA:118,3
DA:119,0
DA:120,0
DA:122,0
DA:123,0
DA:129,0
DA:133,0
DA:134,0
DA:136,0
DA:140,2
DA:141,2
DA:142,2
DA:143,1
DA:145,1
DA:146,1
DA:150,1
DA:151,1
DA:154,1
DA:159,1
LF:56
LH:33
BRDA:92,0,0,0
BRDA:92,0,1,0
BRDA:107,1,0,0
BRDA:107,1,1,3
BRDA:107,2,0,3
BRDA:107,2,1,3
BRDA:117,3,0,3
BRDA:117,3,1,0
BRDA:119,4,0,0
BRDA:119,4,1,0
BRDA:142,5,0,1
BRDA:142,5,1,1
BRF:12
BRH:6
end_of_record
TN:
SF:helpers\hash.js
FN:4,makeHash
FN:8,compareHash
FNF:2
FNH:1
FNDA:5,makeHash
FNDA:0,compareHash
DA:2,1
DA:5,5
DA:9,0
DA:12,1
LF:4
LH:3
BRF:0
BRH:0
end_of_record
TN:
SF:helpers\jwt.js
FN:5,signToken
FN:10,verifyToken
FNF:2
FNH:2
FNDA:2,signToken
FNDA:5,verifyToken
DA:3,1
DA:6,2
DA:7,2
DA:11,5
DA:12,5
DA:15,1
LF:6
LH:6
BRDA:6,0,0,2
BRDA:6,0,1,2
BRDA:11,1,0,5
BRDA:11,1,1,5
BRF:4
BRH:4
end_of_record
TN:
SF:middlewares\auth.js
FN:5,(anonymous_0)
FNF:1
FNH:1
FNDA:4,(anonymous_0)
DA:2,1
DA:3,1
DA:5,1
DA:6,4
DA:7,4
DA:8,4
DA:13,4
DA:14,4
DA:16,0
DA:20,1
LF:10
LH:9
BRF:0
BRH:0
end_of_record
TN:
SF:middlewares\errHandler.js
FN:3,errorHandler
FNF:1
FNH:1
FNDA:7,errorHandler
DA:4,7
DA:5,7
DA:7,7
DA:8,0
DA:9,0
DA:10,7
DA:11,0
DA:12,0
DA:13,7
DA:14,4
DA:15,4
DA:16,3
DA:17,2
DA:18,2
DA:19,1
DA:20,0
DA:21,0
DA:22,1
DA:23,0
DA:24,0
DA:25,1
DA:26,0
DA:27,0
DA:28,1
DA:29,0
DA:30,0
DA:31,1
DA:32,0
DA:33,0
DA:34,1
DA:35,0
DA:36,0
DA:37,1
DA:38,1
DA:39,1
DA:41,7
DA:44,1
LF:37
LH:21
BRDA:4,0,0,7
BRDA:4,0,1,1
BRDA:5,1,0,7
BRDA:5,1,1,7
BRDA:7,2,0,0
BRDA:7,2,1,7
BRDA:10,3,0,0
BRDA:10,3,1,7
BRDA:13,4,0,4
BRDA:13,4,1,3
BRDA:16,5,0,2
BRDA:16,5,1,1
BRDA:19,6,0,0
BRDA:19,6,1,1
BRDA:22,7,0,0
BRDA:22,7,1,1
BRDA:25,8,0,0
BRDA:25,8,1,1
BRDA:28,9,0,0
BRDA:28,9,1,1
BRDA:31,10,0,0
BRDA:31,10,1,1
BRDA:34,11,0,0
BRDA:34,11,1,1
BRDA:37,12,0,1
BRDA:37,12,1,0
BRF:26
BRH:17
end_of_record
TN:
SF:models\bayi.js
FN:4,(anonymous_0)
FN:11,(anonymous_1)
FNF:2
FNH:2
FNDA:1,(anonymous_0)
FNDA:1,(anonymous_1)
DA:2,1
DA:3,1
DA:4,1
DA:14,1
DA:15,1
DA:19,1
DA:25,1
DA:72,1
LF:8
LH:8
BRF:0
BRH:0
end_of_record
TN:
SF:models\bayiuser.js
FN:5,(anonymous_0)
FN:12,(anonymous_1)
FN:28,(anonymous_2)
FNF:3
FNH:3
FNDA:1,(anonymous_0)
FNDA:1,(anonymous_1)
FNDA:1,(anonymous_2)
DA:4,1
DA:5,1
DA:14,1
DA:18,1
DA:24,1
DA:29,1
DA:35,1
LF:7
LH:7
BRF:0
BRH:0
end_of_record
TN:
SF:models\beratbadan.js
FN:5,(anonymous_0)
FN:12,(anonymous_1)
FNF:2
FNH:2
FNDA:1,(anonymous_0)
FNDA:1,(anonymous_1)
DA:4,1
DA:5,1
DA:16,1
DA:30,1
LF:4
LH:4
BRF:0
BRH:0
end_of_record
TN:
SF:models\index.js
FN:20,(anonymous_0)
FN:23,(anonymous_1)
FN:28,(anonymous_2)
FNF:3
FNH:3
FNDA:8,(anonymous_0)
FNDA:7,(anonymous_1)
FNDA:7,(anonymous_2)
DA:3,1
DA:4,1
DA:5,1
DA:6,1
DA:7,1
DA:8,1
DA:9,1
DA:12,1
DA:13,0
DA:15,1
DA:18,1
DA:21,8
DA:24,7
DA:25,7
DA:28,1
DA:29,7
DA:30,7
DA:34,1
DA:35,1
DA:37,1
LF:20
LH:19
BRDA:7,0,0,1
BRDA:7,0,1,0
BRDA:12,1,0,0
BRDA:12,1,1,1
BRDA:21,2,0,8
BRDA:21,2,1,8
BRDA:21,2,2,7
BRDA:29,3,0,7
BRDA:29,3,1,0
BRF:9
BRH:6
end_of_record
TN:
SF:models\lingkarkepala.js
FN:5,(anonymous_0)
FN:12,(anonymous_1)
FNF:2
FNH:2
FNDA:1,(anonymous_0)
FNDA:1,(anonymous_1)
DA:4,1
DA:5,1
DA:16,1
DA:30,1
LF:4
LH:4
BRF:0
BRH:0
end_of_record
TN:
SF:models\perkembangan.js
FN:3,(anonymous_0)
FN:10,(anonymous_1)
FNF:2
FNH:2
FNDA:1,(anonymous_0)
FNDA:1,(anonymous_1)
DA:2,1
DA:3,1
DA:14,1
DA:44,1
LF:4
LH:4
BRF:0
BRH:0
end_of_record
TN:
SF:models\tinggibadan.js
FN:5,(anonymous_0)
FN:12,(anonymous_1)
FNF:2
FNH:2
FNDA:1,(anonymous_0)
FNDA:1,(anonymous_1)
DA:4,1
DA:5,1
DA:16,1
DA:30,1
LF:4
LH:4
BRF:0
BRH:0
end_of_record
TN:
SF:models\user.js
FN:4,(anonymous_0)
FN:11,(anonymous_1)
FN:59,(anonymous_2)
FN:65,(anonymous_3)
FN:74,(anonymous_4)
FN:75,(anonymous_5)
FN:85,(anonymous_6)
FNF:7
FNH:4
FNDA:1,(anonymous_0)
FNDA:1,(anonymous_1)
FNDA:5,(anonymous_2)
FNDA:0,(anonymous_3)
FNDA:0,(anonymous_4)
FNDA:0,(anonymous_5)
FNDA:10,(anonymous_6)
DA:2,1
DA:3,1
DA:4,1
DA:13,1
DA:16,1
DA:60,5
DA:66,0
DA:74,1
DA:75,0
DA:76,0
DA:77,0
DA:78,0
DA:79,0
DA:80,0
DA:85,1
DA:86,10
DA:87,7
DA:90,1
LF:18
LH:11
BRDA:79,0,0,0
BRDA:79,0,1,0
BRDA:86,1,0,7
BRDA:86,1,1,3
BRDA:86,2,0,10
BRDA:86,2,1,10
BRF:6
BRH:4
end_of_record
TN:
SF:routes\index.js
FNF:0
FNH:0
DA:2,1
DA:3,1
DA:4,1
DA:5,1
DA:6,1
DA:8,1
DA:10,1
DA:11,1
DA:12,1
DA:14,1
DA:15,1
DA:16,1
DA:17,1
DA:18,1
DA:19,1
DA:20,1
DA:21,1
DA:22,1
DA:23,1
DA:25,1
DA:26,1
DA:27,1
DA:28,1
DA:29,1
DA:31,1
DA:35,1
DA:36,1
DA:37,1
DA:38,1
LF:29
LH:29
BRF:0
BRH:0
end_of_record
